============================= test session starts ==============================
platform linux -- Python 3.12.3, pytest-8.2.0, pluggy-1.6.0 -- /usr/bin/python
cachedir: .pytest_cache
rootdir: /home/francoisosmozis/hippique-orchestrator
configfile: pytest.ini
testpaths: tests
plugins: anyio-3.7.1, rerunfailures-16.1, pyfakefs-6.0.0, cov-7.0.0, mock-3.14.0, timeout-2.4.0, xdist-3.8.0, env-1.1.3, asyncio-0.23.7, repeat-0.9.4
timeout: 300.0s
timeout method: signal
timeout func_only: False
asyncio: mode=Mode.STRICT
collecting ... collected 1112 items

tests/hippique/utils/test_probabilities.py::test_implied_prob_from_odds_valid_input PASSED [  0%]
tests/hippique/utils/test_probabilities.py::test_implied_prob_from_odds_invalid_input PASSED [  0%]
tests/hippique/utils/test_probabilities.py::test_no_vig_probs_valid_input PASSED [  0%]
tests/hippique/utils/test_probabilities.py::test_no_vig_probs_empty_list PASSED [  0%]
tests/hippique/utils/test_probabilities.py::test_no_vig_probs_invalid_odds_in_list PASSED [  0%]
tests/hippique/utils/test_probabilities.py::test_expected_value_simple_positive_ev PASSED [  0%]
tests/hippique/utils/test_probabilities.py::test_expected_value_simple_negative_ev PASSED [  0%]
tests/hippique/utils/test_probabilities.py::test_expected_value_simple_zero_ev PASSED [  0%]
tests/hippique/utils/test_probabilities.py::test_expected_value_simple_various_stakes PASSED [  0%]
tests/hippique/utils/test_probabilities.py::test_expected_value_simple_edge_cases PASSED [  0%]
tests/scripts/test_monitor_roi.py::test_load_json_safe_success PASSED    [  0%]
tests/scripts/test_monitor_roi.py::test_load_json_safe_failure PASSED    [  1%]
tests/scripts/test_monitor_roi.py::test_parse_tracking_csv_success PASSED [  1%]
tests/scripts/test_monitor_roi.py::test_collect_analyses_no_date_filter PASSED [  1%]
tests/scripts/test_monitor_roi.py::test_collect_analyses_with_date_filter PASSED [  1%]
tests/scripts/test_monitor_roi.py::test_compute_statistics PASSED        [  1%]
tests/scripts/test_monitor_roi.py::test_compute_statistics_no_races_played PASSED [  1%]
tests/scripts/test_monitor_roi.py::test_print_report PASSED              [  1%]
tests/scripts/test_monitor_roi.py::test_export_json PASSED               [  1%]
tests/scripts/test_monitor_roi.py::test_main_run_once PASSED             [  1%]
tests/scripts/test_online_fetch_zeturf.py::test_fallback_parse_html_extracts_data PASSED [  1%]
tests/scripts/test_online_fetch_zeturf.py::test_normalise_rc_tag[R1-C1-R1C1] PASSED [  1%]
tests/scripts/test_online_fetch_zeturf.py::test_normalise_rc_tag[1-2-R1C2] PASSED [  2%]
tests/scripts/test_online_fetch_zeturf.py::test_normalise_rc_tag[R4C5-None-R4C5] PASSED [  2%]
tests/scripts/test_online_fetch_zeturf.py::test_normalise_rc_tag_raises_error PASSED [  2%]
tests/scripts/test_online_fetch_zeturf.py::test_coerce_runner_entry PASSED [  2%]
tests/scripts/test_online_fetch_zeturf.py::test_build_snapshot_payload PASSED [  2%]
tests/scripts/test_online_fetch_zeturf.py::test_fetch_race_snapshot_cli 
-------------------------------- live log call ---------------------------------
2026-01-06 09:43:48 [INFO] [CLI] snapshot chargé depuis snapshot.json
PASSED                                                                   [  2%]
tests/scripts/test_online_fetch_zeturf_coverage.py::test_normalise_rc_tag_valid[1-2-R1C2] PASSED [  2%]
tests/scripts/test_online_fetch_zeturf_coverage.py::test_normalise_rc_tag_valid[R1-C2-R1C2] PASSED [  2%]
tests/scripts/test_online_fetch_zeturf_coverage.py::test_normalise_rc_tag_valid[R3-10-R3C10] PASSED [  2%]
tests/scripts/test_online_fetch_zeturf_coverage.py::test_normalise_rc_tag_valid[4-5-R4C5] PASSED [  2%]
tests/scripts/test_online_fetch_zeturf_coverage.py::test_slugify_hippodrome PASSED [  2%]
tests/scripts/test_online_fetch_zeturf_coverage.py::test_normalize_decimal[12,5-12.5] PASSED [  3%]
tests/scripts/test_online_fetch_zeturf_coverage.py::test_normalize_decimal[15.5-15.5] PASSED [  3%]
tests/scripts/test_online_fetch_zeturf_coverage.py::test_normalize_decimal[20-20.0] PASSED [  3%]
tests/scripts/test_online_fetch_zeturf_coverage.py::test_normalize_decimal[abc-None] PASSED [  3%]
tests/scripts/test_online_fetch_zeturf_coverage.py::test_normalize_decimal[None-None] PASSED [  3%]
tests/scripts/test_online_fetch_zeturf_coverage.py::test_fallback_parse_html_extracts_data PASSED [  3%]
tests/scripts/test_online_fetch_zeturf_coverage.py::test_fallback_parse_html_data_odd_attribute PASSED [  3%]
tests/scripts/test_online_fetch_zeturf_coverage.py::test_fallback_parse_html_no_cotes_infos_script PASSED [  3%]
tests/scripts/test_online_fetch_zeturf_coverage.py::test_fallback_parse_html_missing_cheval PASSED [  3%]
tests/scripts/test_online_fetch_zeturf_coverage.py::test_fallback_parse_html_no_tbody PASSED [  3%]
tests/scripts/test_online_fetch_zeturf_coverage.py::test_coerce_runner_entry_variations[raw0-expected0] PASSED [  3%]
tests/scripts/test_online_fetch_zeturf_coverage.py::test_coerce_runner_entry_variations[raw1-expected1] PASSED [  4%]
tests/scripts/test_online_fetch_zeturf_coverage.py::test_coerce_runner_entry_variations[raw2-expected2] PASSED [  4%]
tests/scripts/test_online_fetch_zeturf_coverage.py::test_coerce_runner_entry_variations[raw3-expected3] PASSED [  4%]
tests/scripts/test_online_fetch_zeturf_coverage.py::test_coerce_runner_entry_variations[raw4-expected4] PASSED [  4%]
tests/scripts/test_online_fetch_zeturf_coverage.py::test_coerce_runner_entry_variations[raw5-None] PASSED [  4%]
tests/scripts/test_online_fetch_zeturf_coverage.py::test_coerce_runner_entry_variations[raw6-None] PASSED [  4%]
tests/scripts/test_online_fetch_zeturf_coverage.py::test_coerce_runner_entry_variations[raw7-expected7] PASSED [  4%]
tests/scripts/test_online_fetch_zeturf_extended.py::test_fallback_parse_html_no_runners_table PASSED [  4%]
tests/scripts/test_online_fetch_zeturf_extended.py::test_fallback_parse_html_runner_missing_data PASSED [  4%]
tests/scripts/test_online_fetch_zeturf_extended.py::test_coerce_runner_entry_variations[raw0-expected0] PASSED [  4%]
tests/scripts/test_online_fetch_zeturf_extended.py::test_coerce_runner_entry_variations[raw1-expected1] PASSED [  4%]
tests/scripts/test_online_fetch_zeturf_extended.py::test_coerce_runner_entry_variations[raw2-expected2] PASSED [  5%]
tests/scripts/test_online_fetch_zeturf_extended.py::test_coerce_runner_entry_variations[raw3-expected3] PASSED [  5%]
tests/scripts/test_online_fetch_zeturf_extended.py::test_coerce_runner_entry_variations[raw4-expected4] PASSED [  5%]
tests/scripts/test_online_fetch_zeturf_extended.py::test_coerce_runner_entry_variations[raw5-expected5] PASSED [  5%]
tests/scripts/test_online_fetch_zeturf_extended.py::test_coerce_runner_entry_variations[raw6-expected6] PASSED [  5%]
tests/scripts/test_online_fetch_zeturf_extended.py::test_coerce_runner_entry_variations[raw7-expected7] PASSED [  5%]
tests/scripts/test_online_fetch_zeturf_extended.py::test_coerce_runner_entry_variations[raw8-None] PASSED [  5%]
tests/scripts/test_online_fetch_zeturf_extended.py::test_coerce_runner_entry_variations[raw9-expected9] PASSED [  5%]
tests/scripts/test_online_fetch_zeturf_extended.py::test_coerce_runner_entry_invalid_input PASSED [  5%]
tests/scripts/test_online_fetch_zeturf_extended.py::test_normalise_snapshot_result_merges_h30_odds PASSED [  5%]
tests/scripts/test_online_fetch_zeturf_extended.py::test_normalise_snapshot_result_no_market PASSED [  5%]
tests/scripts/test_online_fetch_zeturf_extended.py::test_http_get_raises_on_403 PASSED [  6%]
tests/scripts/test_online_fetch_zeturf_extended.py::test_http_get_raises_on_suspicious_html PASSED [  6%]
tests/scripts/test_online_fetch_zeturf_parsing.py::test_double_extract_parses_real_html_fixture 
-------------------------------- live log call ---------------------------------
2026-01-06 09:43:49 [WARNING] [ZEturf] Extraction fallback utilisée pour https://www.zeturf.fr/fr/course/2025-11-20/R1C1 (snapshot=H-30)
2026-01-06 09:43:49 [INFO] [ZEturf] phase=H30 url=https://www.zeturf.fr/fr/course/2025-11-20/R1C1-saint-galmier partants=12
PASSED                                                                   [  6%]
tests/scripts/test_online_fetch_zeturf_parsing.py::test_fallback_parse_no_runners_table_finds_no_runners PASSED [  6%]
tests/scripts/test_online_fetch_zeturf_parsing.py::test_fallback_parse_no_script_finds_no_odds PASSED [  6%]
tests/scripts/test_online_fetch_zeturf_parsing.py::test_fallback_parse_no_data_finds_nothing PASSED [  6%]
tests/scripts/test_online_fetch_zeturf_parsing.py::test_double_extract_uses_fallback 
-------------------------------- live log call ---------------------------------
2026-01-06 09:43:51 [WARNING] [ZEturf] Champ clé manquant: meeting (url=http://example.com, snapshot=H-30)
2026-01-06 09:43:51 [WARNING] [ZEturf] Champ clé manquant: discipline (url=http://example.com, snapshot=H-30)
2026-01-06 09:43:51 [WARNING] [ZEturf] Champ clé manquant: partants (url=http://example.com, snapshot=H-30)
2026-01-06 09:43:51 [WARNING] [ZEturf] Aucun partant détecté (url=http://example.com, snapshot=H-30) — retournera une liste vide
2026-01-06 09:43:51 [WARNING] [ZEturf] Extraction fallback utilisée pour http://example.com (snapshot=H-30)
PASSED                                                                   [  6%]
tests/scripts/test_simulate_ev_script.py::test_implied_prob_valid PASSED [  6%]
tests/scripts/test_simulate_ev_script.py::test_implied_prob_invalid PASSED [  6%]
tests/scripts/test_simulate_ev_script.py::test_normalize_overround_basic PASSED [  6%]
tests/scripts/test_simulate_ev_script.py::test_normalize_overround_with_invalids PASSED [  6%]
tests/scripts/test_simulate_ev_script.py::test_normalize_overround_zero_total PASSED [  7%]
tests/scripts/test_simulate_ev_script.py::test_normalize_overround_empty PASSED [  7%]
tests/scripts/test_simulate_ev_script.py::test_implied_probs_list PASSED [  7%]
tests/scripts/test_simulate_ev_script.py::test_implied_probs_with_invalid_odds PASSED [  7%]
tests/scripts/test_simulate_ev_script.py::test_allocate_dutching_sp_ideal PASSED [  7%]
tests/scripts/test_simulate_ev_script.py::test_allocate_dutching_sp_fallback_prob PASSED [  7%]
tests/scripts/test_simulate_ev_script.py::test_allocate_dutching_sp_stake_capping PASSED [  7%]
tests/scripts/test_simulate_ev_script.py::test_allocate_dutching_sp_min_stake_filter PASSED [  7%]
tests/scripts/test_simulate_ev_script.py::test_allocate_dutching_sp_no_valid_runners PASSED [  7%]
tests/scripts/test_simulate_ev_script.py::test_gate_ev_all_pass PASSED   [  7%]
tests/scripts/test_simulate_ev_script.py::test_gate_ev_sp_fails PASSED   [  7%]
tests/scripts/test_simulate_ev_script.py::test_gate_ev_combo_fails PASSED [  8%]
tests/scripts/test_simulate_ev_script.py::test_gate_ev_risk_fails_both PASSED [  8%]
tests/scripts/test_simulate_ev_script.py::test_gate_ev_sharpe_fails_both PASSED [  8%]
tests/scripts/test_simulate_wrapper_script.py::test_load_calibration_reloads_on_file_change PASSED [  8%]
tests/scripts/test_simulate_wrapper_script.py::test_empty_or_invalid_calibration_file 
-------------------------------- live log call ---------------------------------
2026-01-06 09:43:51 [WARNING] Could not load or parse calibration file /etc/config/probabilities.yaml: mapping values are not allowed here
  in "/etc/config/probabilities.yaml", line 1, column 11
PASSED                                                                   [  8%]
tests/scripts/test_simulate_wrapper_script.py::test_simulate_wrapper_fallback_no_correlation PASSED [  8%]
tests/scripts/test_simulate_wrapper_script.py::test_correlation_penalty_defaults_gracefully PASSED [  8%]
tests/scripts/test_simulate_wrapper_script.py::test_simulate_wrapper_applies_correlation_penalty PASSED [  8%]
tests/scripts/test_simulate_wrapper_script.py::test_monte_carlo_is_used_when_numpy_present PASSED [  8%]
tests/scripts/test_simulate_wrapper_script.py::test_monte_carlo_is_skipped_when_numpy_missing PASSED [  8%]
tests/scripts/test_simulate_wrapper_script.py::test_evaluate_combo_calls_dependencies_and_returns_results PASSED [  8%]
tests/scripts/test_update_excel_with_results.py::test_as_float PASSED    [  8%]
tests/scripts/test_update_excel_with_results.py::test_normalise_notes PASSED [  9%]
tests/scripts/test_update_excel_with_results.py::test_upsert_row PASSED  [  9%]
tests/scripts/test_update_excel_with_results_script.py::test_update_creates_new_excel_and_sheets PASSED [  9%]
tests/scripts/test_update_excel_with_results_script.py::test_update_upserts_existing_row PASSED [  9%]
tests/test_analysis_drift.py::test_drift_is_detected_and_applied 
-------------------------------- live log call ---------------------------------
2026-01-06 09:43:51 [INFO] Starting analysis pipeline for phase.
2026-01-06 09:43:51 [INFO] Fetching race details from data source.
2026-01-06 09:43:51 [INFO] Snapshot fetched successfully.
2026-01-06 09:43:51 [INFO] Snapshot saved to GCS at data/2025-01-01_R1C1/snapshots/20260106_084351_H-5.json
2026-01-06 09:43:51 [INFO] Preparing to run GPI ticket generation.
2026-01-06 09:43:51 [INFO] H-5 phase: attempting to load H-30 snapshot for drift.
2026-01-06 09:43:51 [INFO] Found latest H-30 snapshot: data/R1C1/snapshots/20250101_120000_H-30.json
2026-01-06 09:43:51 [INFO] Calling generate_tickets.
2026-01-06 09:43:51 [INFO] Analysis and ticket generation complete.
PASSED                                                                   [  9%]
tests/test_analysis_drift.py::test_pipeline_raises_if_doc_id_missing PASSED [  9%]
tests/test_analysis_drift.py::test_pipeline_abstains_if_snapshot_is_empty 
-------------------------------- live log call ---------------------------------
2026-01-06 09:43:51 [INFO] Starting analysis pipeline for phase.
2026-01-06 09:43:51 [WARNING] Snapshot invalid or runners empty -> abstention.
PASSED                                                                   [  9%]
tests/test_analysis_drift.py::test_pipeline_handles_generic_exception 
-------------------------------- live log call ---------------------------------
2026-01-06 09:43:51 [INFO] Starting analysis pipeline for phase.
2026-01-06 09:43:51 [ERROR] Analysis pipeline failed: Unexpected GCS error
Traceback (most recent call last):
  File "/home/francoisosmozis/hippique-orchestrator/hippique_orchestrator/analysis_pipeline.py", line 156, in run_analysis_for_phase
    snapshot_data, gcs_path = await _fetch_and_save_snapshot(
                              ^^^^^^^^^^^^^^^^^^^^^^^^^^^^^^^
  File "/usr/lib/python3.12/unittest/mock.py", line 2262, in _execute_mock_call
    raise effect
Exception: Unexpected GCS error

PASSED                                                                   [  9%]
tests/test_analysis_pipeline_extended.py::test_find_and_load_h30_snapshot_no_snapshots_found 
-------------------------------- live log call ---------------------------------
2026-01-06 09:43:52 [WARNING] No snapshots found in directory.
PASSED                                                                   [  9%]
tests/test_analysis_pipeline_extended.py::test_find_and_load_h30_snapshot_no_h30_snapshots_found 
-------------------------------- live log call ---------------------------------
2026-01-06 09:43:52 [WARNING] No H-30 snapshot found for drift calculation.
PASSED                                                                   [  9%]
tests/test_analysis_pipeline_extended.py::test_find_and_load_h30_snapshot_list_files_exception 
-------------------------------- live log call ---------------------------------
2026-01-06 09:43:52 [ERROR] Failed to find or load H-30 snapshot: GCS List Error
PASSED                                                                   [  9%]
tests/test_analysis_pipeline_extended.py::test_find_and_load_h30_snapshot_read_file_exception 
-------------------------------- live log call ---------------------------------
2026-01-06 09:43:52 [ERROR] Failed to find or load H-30 snapshot: GCS Read Error
PASSED                                                                   [ 10%]
tests/test_analysis_pipeline_extended.py::test_run_analysis_for_phase_abstains_on_empty_snapshot_from_data_source 
-------------------------------- live log call ---------------------------------
2026-01-06 09:43:52 [INFO] Starting analysis pipeline for phase.
2026-01-06 09:43:52 [INFO] Fetching race details from data source.
2026-01-06 09:43:52 [WARNING] Snapshot invalid or runners empty -> abstention.
PASSED                                                                   [ 10%]
tests/test_analysis_pipeline_extended.py::test_run_analysis_for_phase_abstains_on_snapshot_with_no_runners 
-------------------------------- live log call ---------------------------------
2026-01-06 09:43:52 [INFO] Starting analysis pipeline for phase.
2026-01-06 09:43:52 [INFO] Fetching race details from data source.
2026-01-06 09:43:52 [WARNING] Snapshot invalid or runners empty -> abstention.
PASSED                                                                   [ 10%]
tests/test_analysis_utils.py::test_normalise_text[None-] PASSED          [ 10%]
tests/test_analysis_utils.py::test_normalise_text[  \xc9curie Sp\xe9ciale  -ecurie speciale] PASSED [ 10%]
tests/test_analysis_utils.py::test_normalise_text[  -] PASSED            [ 10%]
tests/test_analysis_utils.py::test_normalise_text[TROT-trot] PASSED      [ 10%]
tests/test_analysis_utils.py::test_normalise_text[handicap-handicap] PASSED [ 10%]
tests/test_analysis_utils.py::test_coerce_partants[14-14] PASSED         [ 10%]
tests/test_analysis_utils.py::test_coerce_partants[14.0-14] PASSED       [ 10%]
tests/test_analysis_utils.py::test_coerce_partants[14 partants-14] PASSED [ 10%]
tests/test_analysis_utils.py::test_coerce_partants[environ 14-14] PASSED [ 11%]
tests/test_analysis_utils.py::test_coerce_partants[None-None] PASSED     [ 11%]
tests/test_analysis_utils.py::test_coerce_partants[True-None] PASSED     [ 11%]
tests/test_analysis_utils.py::test_coerce_partants[N/A-None] PASSED      [ 11%]
tests/test_analysis_utils.py::test_coerce_partants[-5-None] PASSED       [ 11%]
tests/test_analysis_utils.py::test_compute_overround_cap_default PASSED  [ 11%]
tests/test_analysis_utils.py::test_compute_overround_cap_flat_handicap_large_field PASSED [ 11%]
tests/test_analysis_utils.py::test_compute_overround_cap_flat_large_field_from_label PASSED [ 11%]
tests/test_analysis_utils.py::test_compute_overround_cap_small_field_uses_default PASSED [ 11%]
tests/test_analysis_utils.py::test_compute_overround_cap_updates_context PASSED [ 11%]
tests/test_analysis_utils_extended.py::test_parse_musique[1p2p(23)3p4hDAI-expected0] PASSED [ 11%]
tests/test_analysis_utils_extended.py::test_parse_musique[0a9a8a-expected1] PASSED [ 12%]
tests/test_analysis_utils_extended.py::test_parse_musique[None-expected2] PASSED [ 12%]
tests/test_analysis_utils_extended.py::test_parse_musique[   -expected3] PASSED [ 12%]
tests/test_analysis_utils_extended.py::test_calculate_volatility[musique_data0-VOLATIL] PASSED [ 12%]
tests/test_analysis_utils_extended.py::test_calculate_volatility[musique_data1-VOLATIL] PASSED [ 12%]
tests/test_analysis_utils_extended.py::test_calculate_volatility[musique_data2-VOLATIL] PASSED [ 12%]
tests/test_analysis_utils_extended.py::test_calculate_volatility[musique_data3-S\xdbR] PASSED [ 12%]
tests/test_analysis_utils_extended.py::test_calculate_volatility[musique_data4-VOLATIL] PASSED [ 12%]
tests/test_analysis_utils_extended.py::test_calculate_volatility[musique_data5-NEUTRE] PASSED [ 12%]
tests/test_analysis_utils_extended.py::test_convert_odds_to_implied_probabilities[odds_list0-expected_probs0-1.0] PASSED [ 12%]
tests/test_analysis_utils_extended.py::test_convert_odds_to_implied_probabilities[odds_list1-expected_probs1-0.0] PASSED [ 12%]
tests/test_analysis_utils_extended.py::test_convert_odds_to_implied_probabilities[odds_list2-expected_probs2-0.25] PASSED [ 13%]
tests/test_analysis_utils_extended.py::test_convert_odds_to_implied_probabilities[odds_list3-expected_probs3-0.5] PASSED [ 13%]
tests/test_analysis_utils_extended.py::test_identify_outsider_reparable[runner_data0-True] PASSED [ 13%]
tests/test_analysis_utils_extended.py::test_identify_outsider_reparable[runner_data1-False] PASSED [ 13%]
tests/test_analysis_utils_extended.py::test_identify_outsider_reparable[runner_data2-False] PASSED [ 13%]
tests/test_analysis_utils_extended.py::test_identify_outsider_reparable[runner_data3-False] PASSED [ 13%]
tests/test_analysis_utils_extended.py::test_identify_outsider_reparable[runner_data4-False] PASSED [ 13%]
tests/test_analysis_utils_extended.py::test_identify_profil_oublie[runner_data0-True] PASSED [ 13%]
tests/test_analysis_utils_extended.py::test_identify_profil_oublie[runner_data1-False] PASSED [ 13%]
tests/test_analysis_utils_extended.py::test_identify_profil_oublie[runner_data2-False] PASSED [ 13%]
tests/test_analysis_utils_extended.py::test_identify_profil_oublie[runner_data3-False] PASSED [ 13%]
tests/test_analysis_utils_extended.py::test_identify_profil_oublie[runner_data4-False] PASSED [ 14%]
tests/test_analysis_utils_extended.py::test_score_musique_form[musique_data0-expected_score0] PASSED [ 14%]
tests/test_analysis_utils_extended.py::test_score_musique_form[musique_data1-expected_score1] PASSED [ 14%]
tests/test_analysis_utils_extended.py::test_score_musique_form[musique_data2-0.0] PASSED [ 14%]
tests/test_api_endpoints.py::test_health_check_endpoint 
-------------------------------- live log call ---------------------------------
2026-01-06 09:43:52 [INFO] Request started
2026-01-06 09:43:52 [INFO] Request finished
2026-01-06 09:43:52 [INFO] HTTP Request: GET http://testserver/health "HTTP/1.1 200 OK"
PASSED                                                                   [ 14%]
tests/test_api_endpoints.py::test_pronostics_ui_endpoint 
-------------------------------- live log call ---------------------------------
2026-01-06 09:43:52 [INFO] Request started
2026-01-06 09:43:52 [INFO] Request finished
2026-01-06 09:43:52 [INFO] HTTP Request: GET http://testserver/pronostics "HTTP/1.1 200 OK"
PASSED                                                                   [ 14%]
tests/test_api_endpoints.py::test_root_redirect 
-------------------------------- live log call ---------------------------------
2026-01-06 09:43:52 [INFO] Request started
2026-01-06 09:43:52 [INFO] Request finished
2026-01-06 09:43:52 [INFO] HTTP Request: GET http://testserver/ "HTTP/1.1 307 Temporary Redirect"
PASSED                                                                   [ 14%]
tests/test_api_endpoints.py::test_api_pronostics_date_validation 
-------------------------------- live log call ---------------------------------
2026-01-06 09:43:52 [INFO] Request started
2026-01-06 09:43:52 [INFO] Request finished
2026-01-06 09:43:52 [INFO] HTTP Request: GET http://testserver/api/pronostics?date=not-a-real-date "HTTP/1.1 422 Unprocessable Entity"
PASSED                                                                   [ 14%]
tests/test_api_endpoints.py::test_api_pronostics_default_date_is_today 
-------------------------------- live log call ---------------------------------
2026-01-06 09:43:52 [INFO] Request started
2026-01-06 09:43:52 [INFO] Building plan for 2025-07-15 using Boturfers as the single source.
2026-01-06 09:43:52 [INFO] Fetching programme from data source via URL: https://www.boturfers.fr/courses/2025-07-15
2026-01-06 09:43:52 [INFO] Début du scraping du programme Boturfers.
2026-01-06 09:43:52 [INFO] HTTP Request: GET https://www.boturfers.fr/courses/2025-07-15 "HTTP/1.1 404 Not Found"
2026-01-06 09:43:52 [ERROR] Erreur HTTP lors du téléchargement de https://www.boturfers.fr/courses/2025-07-15: 404
2026-01-06 09:43:52 [ERROR] Le scraping du programme a échoué ou n'a retourné aucune course.
2026-01-06 09:43:52 [WARNING] Failed to fetch programme from Boturfers or it was empty.
2026-01-06 09:43:52 [INFO] Request finished
2026-01-06 09:43:52 [INFO] HTTP Request: GET http://testserver/api/pronostics "HTTP/1.1 200 OK"
PASSED                                                                   [ 14%]
tests/test_api_endpoints.py::test_api_pronostics_empty_response 
-------------------------------- live log call ---------------------------------
2026-01-06 09:43:52 [INFO] Request started
2026-01-06 09:43:52 [INFO] Building plan for 2025-01-01 using Boturfers as the single source.
2026-01-06 09:43:52 [INFO] Fetching programme from data source via URL: https://www.boturfers.fr/courses/2025-01-01
2026-01-06 09:43:52 [INFO] Début du scraping du programme Boturfers.
2026-01-06 09:43:53 [INFO] HTTP Request: GET https://www.boturfers.fr/courses/2025-01-01 "HTTP/1.1 404 Not Found"
2026-01-06 09:43:53 [ERROR] Erreur HTTP lors du téléchargement de https://www.boturfers.fr/courses/2025-01-01: 404
2026-01-06 09:43:53 [ERROR] Le scraping du programme a échoué ou n'a retourné aucune course.
2026-01-06 09:43:53 [WARNING] Failed to fetch programme from Boturfers or it was empty.
2026-01-06 09:43:53 [INFO] Request finished
2026-01-06 09:43:53 [INFO] HTTP Request: GET http://testserver/api/pronostics?date=2025-01-01 "HTTP/1.1 200 OK"
PASSED                                                                   [ 14%]
tests/test_api_endpoints.py::test_api_pronostics_etag_304_not_modified 
-------------------------------- live log call ---------------------------------
2026-01-06 09:43:53 [INFO] Request started
2026-01-06 09:43:53 [INFO] Building plan for 2025-01-01 using Boturfers as the single source.
2026-01-06 09:43:53 [INFO] Fetching programme from data source via URL: https://www.boturfers.fr/courses/2025-01-01
2026-01-06 09:43:53 [INFO] Début du scraping du programme Boturfers.
2026-01-06 09:43:53 [INFO] HTTP Request: GET https://www.boturfers.fr/courses/2025-01-01 "HTTP/1.1 404 Not Found"
2026-01-06 09:43:53 [ERROR] Erreur HTTP lors du téléchargement de https://www.boturfers.fr/courses/2025-01-01: 404
2026-01-06 09:43:53 [ERROR] Le scraping du programme a échoué ou n'a retourné aucune course.
2026-01-06 09:43:53 [WARNING] Failed to fetch programme from Boturfers or it was empty.
2026-01-06 09:43:53 [INFO] Request finished
2026-01-06 09:43:53 [INFO] HTTP Request: GET http://testserver/api/pronostics?date=2025-01-01 "HTTP/1.1 200 OK"
2026-01-06 09:43:53 [INFO] Request started
2026-01-06 09:43:53 [INFO] Building plan for 2025-01-01 using Boturfers as the single source.
2026-01-06 09:43:53 [INFO] Fetching programme from data source via URL: https://www.boturfers.fr/courses/2025-01-01
2026-01-06 09:43:53 [INFO] Début du scraping du programme Boturfers.
2026-01-06 09:43:53 [INFO] HTTP Request: GET https://www.boturfers.fr/courses/2025-01-01 "HTTP/1.1 404 Not Found"
2026-01-06 09:43:53 [ERROR] Erreur HTTP lors du téléchargement de https://www.boturfers.fr/courses/2025-01-01: 404
2026-01-06 09:43:53 [ERROR] Le scraping du programme a échoué ou n'a retourné aucune course.
2026-01-06 09:43:53 [WARNING] Failed to fetch programme from Boturfers or it was empty.
2026-01-06 09:43:53 [INFO] Request finished
2026-01-06 09:43:53 [INFO] HTTP Request: GET http://testserver/api/pronostics?date=2025-01-01 "HTTP/1.1 304 Not Modified"
PASSED                                                                   [ 14%]
tests/test_api_endpoints.py::test_api_pronostics_rich_response_structure 
-------------------------------- live log call ---------------------------------
2026-01-06 09:43:53 [INFO] Request started
2026-01-06 09:43:53 [INFO] Request finished
2026-01-06 09:43:53 [INFO] HTTP Request: GET http://testserver/api/pronostics?date=2025-01-01 "HTTP/1.1 200 OK"
PASSED                                                                   [ 15%]
tests/test_api_integration.py::test_health_check_returns_ok 
-------------------------------- live log call ---------------------------------
2026-01-06 09:43:53 [INFO] Request started
2026-01-06 09:43:53 [INFO] Request finished
2026-01-06 09:43:53 [INFO] HTTP Request: GET http://testserver/health "HTTP/1.1 200 OK"
PASSED                                                                   [ 15%]
tests/test_api_integration.py::test_debug_config_returns_ok_and_has_expected_keys 
-------------------------------- live log call ---------------------------------
2026-01-06 09:43:53 [INFO] Request started
2026-01-06 09:43:53 [INFO] Request finished
2026-01-06 09:43:53 [INFO] HTTP Request: GET http://testserver/debug/config "HTTP/1.1 200 OK"
PASSED                                                                   [ 15%]
tests/test_api_integration.py::test_get_pronostics_api_with_mocked_data 
-------------------------------- live log call ---------------------------------
2026-01-06 09:43:53 [INFO] Request started
2026-01-06 09:43:53 [INFO] Request finished
2026-01-06 09:43:53 [INFO] HTTP Request: GET http://testserver/api/pronostics?date=2023-01-20 "HTTP/1.1 200 OK"
PASSED                                                                   [ 15%]
tests/test_api_security.py::test_schedule_endpoint_is_protected_by_api_key 
-------------------------------- live log call ---------------------------------
2026-01-06 09:43:53 [INFO] Request started
2026-01-06 09:43:53 [INFO] Request finished
2026-01-06 09:43:53 [INFO] HTTP Request: POST http://testserver/schedule "HTTP/1.1 403 Forbidden"
PASSED                                                                   [ 15%]
tests/test_api_security.py::test_api_key_authentication 
-------------------------------- live log call ---------------------------------
2026-01-06 09:43:53 [INFO] Request started
2026-01-06 09:43:53 [INFO] Request finished
2026-01-06 09:43:53 [INFO] HTTP Request: POST http://testserver/schedule "HTTP/1.1 403 Forbidden"
2026-01-06 09:43:53 [INFO] Request started
2026-01-06 09:43:53 [INFO] Request finished
2026-01-06 09:43:53 [INFO] HTTP Request: POST http://testserver/schedule "HTTP/1.1 403 Forbidden"
2026-01-06 09:43:53 [INFO] Request started
2026-01-06 09:43:53 [INFO] Received request to schedule day races. Force: False, Dry Run: True
2026-01-06 09:43:53 [WARNING] No races found in plan for 2025-01-01. Nothing to schedule.
2026-01-06 09:43:53 [INFO] Request finished
2026-01-06 09:43:53 [INFO] HTTP Request: POST http://testserver/schedule "HTTP/1.1 200 OK"
2026-01-06 09:43:53 [INFO] Request started
2026-01-06 09:43:53 [INFO] Request finished
2026-01-06 09:43:53 [INFO] HTTP Request: POST http://testserver/schedule "HTTP/1.1 403 Forbidden"
PASSED                                                                   [ 15%]
tests/test_api_security.py::test_ops_run_endpoint_security 
-------------------------------- live log call ---------------------------------
2026-01-06 09:43:53 [INFO] Request started
2026-01-06 09:43:53 [INFO] Request finished
2026-01-06 09:43:53 [INFO] HTTP Request: POST http://testserver/ops/run?rc=R1C1 "HTTP/1.1 403 Forbidden"
2026-01-06 09:43:53 [INFO] Request started
2026-01-06 09:43:53 [INFO] Request finished
2026-01-06 09:43:53 [INFO] HTTP Request: POST http://testserver/ops/run?rc=R1C1 "HTTP/1.1 403 Forbidden"
PASSED                                                                   [ 15%]
tests/test_api_security.py::test_ops_status_endpoint_security 
-------------------------------- live log call ---------------------------------
2026-01-06 09:43:53 [INFO] Request started
2026-01-06 09:43:53 [INFO] Request finished
2026-01-06 09:43:53 [INFO] HTTP Request: GET http://testserver/ops/status?date=2025-01-01 "HTTP/1.1 403 Forbidden"
PASSED                                                                   [ 15%]
tests/test_api_security.py::test_api_key_not_required 
-------------------------------- live log call ---------------------------------
2026-01-06 09:43:53 [INFO] Request started
2026-01-06 09:43:53 [INFO] Received request to schedule day races. Force: False, Dry Run: True
2026-01-06 09:43:53 [WARNING] No races found in plan for 2025-01-01. Nothing to schedule.
2026-01-06 09:43:53 [INFO] Request finished
2026-01-06 09:43:53 [INFO] HTTP Request: POST http://testserver/schedule "HTTP/1.1 200 OK"
PASSED                                                                   [ 15%]
tests/test_api_security.py::test_task_worker_endpoint_security 
-------------------------------- live log call ---------------------------------
2026-01-06 09:43:53 [INFO] Request started
2026-01-06 09:43:53 [INFO] Request finished
2026-01-06 09:43:53 [INFO] HTTP Request: POST http://testserver/tasks/run-phase "HTTP/1.1 403 Forbidden"
PASSED                                                                   [ 15%]
tests/test_api_security.py::test_task_worker_valid_token 
-------------------------------- live log call ---------------------------------
2026-01-06 09:43:53 [INFO] Request started
2026-01-06 09:43:53 [INFO] Received run-phase request for http://example.com/2025-01-01/R1C1-test (phase: H-5)
2026-01-06 09:43:53 [INFO] Updating Firestore document
2026-01-06 09:43:53 [INFO] Run phase completed successfully for http://example.com/2025-01-01/R1C1-test (phase: H-5)
2026-01-06 09:43:53 [INFO] Request finished
2026-01-06 09:43:53 [INFO] HTTP Request: POST http://testserver/tasks/run-phase "HTTP/1.1 200 OK"
PASSED                                                                   [ 15%]
tests/test_api_security.py::test_task_worker_google_auth_fails 
-------------------------------- live log call ---------------------------------
2026-01-06 09:43:53 [INFO] Request started
2026-01-06 09:43:53 [INFO] Request finished
2026-01-06 09:43:53 [INFO] HTTP Request: POST http://testserver/tasks/run-phase "HTTP/1.1 401 Unauthorized"
PASSED                                                                   [ 16%]
tests/test_api_security.py::test_task_worker_invalid_token_scheme 
-------------------------------- live log call ---------------------------------
2026-01-06 09:43:53 [INFO] Request started
2026-01-06 09:43:53 [INFO] Request finished
2026-01-06 09:43:53 [INFO] HTTP Request: POST http://testserver/tasks/run-phase "HTTP/1.1 401 Unauthorized"
PASSED                                                                   [ 16%]
tests/test_api_security.py::test_snapshot_9h_endpoint_security 
-------------------------------- live log call ---------------------------------
2026-01-06 09:43:53 [INFO] Request started
2026-01-06 09:43:53 [INFO] Request finished
2026-01-06 09:43:53 [INFO] HTTP Request: POST http://testserver/tasks/snapshot-9h "HTTP/1.1 403 Forbidden"
PASSED                                                                   [ 16%]
tests/test_api_security.py::test_bootstrap_day_endpoint_security 
-------------------------------- live log call ---------------------------------
2026-01-06 09:43:53 [INFO] Request started
2026-01-06 09:43:53 [INFO] Request finished
2026-01-06 09:43:53 [INFO] HTTP Request: POST http://testserver/tasks/bootstrap-day "HTTP/1.1 403 Forbidden"
PASSED                                                                   [ 16%]
tests/test_api_security.py::test_ops_run_endpoint_accessible_when_auth_not_required 
-------------------------------- live log call ---------------------------------
2026-01-06 09:43:53 [INFO] Request started
2026-01-06 09:43:53 [INFO] Manual run triggered for race R1C1 on 2026-01-06
2026-01-06 09:43:53 [INFO] Successfully processed and saved manual run for 2026-01-06_R1C1
2026-01-06 09:43:53 [INFO] Request finished
2026-01-06 09:43:53 [INFO] HTTP Request: POST http://testserver/ops/run?rc=R1C1 "HTTP/1.1 200 OK"
PASSED                                                                   [ 16%]
tests/test_api_security.py::test_ops_status_endpoint_accessible_when_auth_not_required 
-------------------------------- live log call ---------------------------------
2026-01-06 09:43:53 [INFO] Request started
2026-01-06 09:43:53 [INFO] Request finished
2026-01-06 09:43:53 [INFO] HTTP Request: GET http://testserver/ops/status?date=2025-01-01 "HTTP/1.1 200 OK"
PASSED                                                                   [ 16%]
tests/test_api_tasks.py::test_snapshot_9h_task_success 
-------------------------------- live log call ---------------------------------
2026-01-06 09:43:53 [INFO] Request started
2026-01-06 09:43:53 [INFO] Received snapshot-9h request for 2026-01-06 with URLs: [], RC Labels: []
2026-01-06 09:43:53 [INFO] Snapshot-9h completed successfully for 2026-01-06.
2026-01-06 09:43:53 [INFO] Request finished
2026-01-06 09:43:53 [INFO] HTTP Request: POST http://testserver/tasks/snapshot-9h "HTTP/1.1 200 OK"
PASSED                                                                   [ 16%]
tests/test_api_tasks.py::test_snapshot_9h_task_with_specific_date_and_urls 
-------------------------------- live log call ---------------------------------
2026-01-06 09:43:53 [INFO] Request started
2026-01-06 09:43:53 [INFO] Received snapshot-9h request for 2025-10-26 with URLs: ['http://example.com/r1c1', 'http://example.com/r1c2'], RC Labels: []
2026-01-06 09:43:53 [INFO] Snapshot-9h completed successfully for 2025-10-26.
2026-01-06 09:43:53 [INFO] Request finished
2026-01-06 09:43:53 [INFO] HTTP Request: POST http://testserver/tasks/snapshot-9h "HTTP/1.1 200 OK"
PASSED                                                                   [ 16%]
tests/test_api_tasks.py::test_run_phase_task_success 
-------------------------------- live log call ---------------------------------
2026-01-06 09:43:53 [INFO] Request started
2026-01-06 09:43:53 [INFO] Received run-phase request for http://example.com/race/2025-12-29/R1C1-prix-de-la-course (phase: H30)
2026-01-06 09:43:53 [INFO] Run phase completed successfully for http://example.com/race/2025-12-29/R1C1-prix-de-la-course (phase: H30)
2026-01-06 09:43:53 [INFO] Request finished
2026-01-06 09:43:53 [INFO] HTTP Request: POST http://testserver/tasks/run-phase "HTTP/1.1 200 OK"
PASSED                                                                   [ 16%]
tests/test_api_tasks.py::test_run_phase_task_runner_returns_error 
-------------------------------- live log call ---------------------------------
2026-01-06 09:43:53 [INFO] Request started
2026-01-06 09:43:53 [INFO] Received run-phase request for http://example.com/R1C1 (phase: H5)
2026-01-06 09:43:53 [ERROR] Run phase failed for http://example.com/R1C1 (phase: H5)
2026-01-06 09:43:53 [INFO] Request finished
2026-01-06 09:43:53 [INFO] HTTP Request: POST http://testserver/tasks/run-phase "HTTP/1.1 500 Internal Server Error"
PASSED                                                                   [ 16%]
tests/test_api_tasks.py::test_run_phase_task_exception_handling 
-------------------------------- live log call ---------------------------------
2026-01-06 09:43:53 [INFO] Request started
2026-01-06 09:43:53 [INFO] Received run-phase request for http://example.com/R1C1 (phase: H5)
2026-01-06 09:43:53 [ERROR] Exception during run-phase for http://example.com/R1C1 (phase: H5): unexpected_error
Traceback (most recent call last):
  File "/home/francoisosmozis/hippique-orchestrator/hippique_orchestrator/api/tasks.py", line 54, in run_phase_task
    analysis_result = await run_course( # Renamed result to analysis_result for clarity
                      ^^^^^^^^^^^^^^^^^^^^^^^^^^^^^^^^^^^^^^^^^^^^^^^^^^^^^^^^^^^^^^^^^
  File "/usr/lib/python3.12/unittest/mock.py", line 2262, in _execute_mock_call
    raise effect
Exception: unexpected_error
2026-01-06 09:43:53 [INFO] Request finished
2026-01-06 09:43:53 [INFO] HTTP Request: POST http://testserver/tasks/run-phase "HTTP/1.1 500 Internal Server Error"
PASSED                                                                   [ 16%]
tests/test_api_tasks.py::test_snapshot_9h_task_exception 
-------------------------------- live log call ---------------------------------
2026-01-06 09:43:53 [INFO] Request started
2026-01-06 09:43:53 [INFO] Received snapshot-9h request for 2025-10-26 with URLs: [], RC Labels: []
2026-01-06 09:43:53 [ERROR] Exception during snapshot-9h for 2025-10-26: Storage error
Traceback (most recent call last):
  File "/home/francoisosmozis/hippique-orchestrator/hippique_orchestrator/api/tasks.py", line 116, in snapshot_9h_task
    await write_snapshot_for_day_async(
  File "/usr/lib/python3.12/unittest/mock.py", line 2262, in _execute_mock_call
    raise effect
Exception: Storage error
2026-01-06 09:43:53 [INFO] Request finished
2026-01-06 09:43:53 [INFO] HTTP Request: POST http://testserver/tasks/snapshot-9h "HTTP/1.1 500 Internal Server Error"
PASSED                                                                   [ 16%]
tests/test_api_tasks.py::test_bootstrap_day_task_exception 
-------------------------------- live log call ---------------------------------
2026-01-06 09:43:53 [INFO] Request started
2026-01-06 09:43:53 [INFO] Received request to bootstrap day 2025-10-26
2026-01-06 09:43:53 [INFO] Building daily plan for 2025-10-26...
2026-01-06 09:43:54 [ERROR] Exception during bootstrap-day for 2025-10-26: Plan build failed
Traceback (most recent call last):
  File "/home/francoisosmozis/hippique-orchestrator/hippique_orchestrator/api/tasks.py", line 169, in bootstrap_day_task
    plan = await build_plan_async(target_date_str)
           ^^^^^^^^^^^^^^^^^^^^^^^^^^^^^^^^^^^^^^^
  File "/usr/lib/python3.12/unittest/mock.py", line 2262, in _execute_mock_call
    raise effect
Exception: Plan build failed
2026-01-06 09:43:54 [INFO] Request finished
2026-01-06 09:43:54 [INFO] HTTP Request: POST http://testserver/tasks/bootstrap-day "HTTP/1.1 500 Internal Server Error"
PASSED                                                                   [ 17%]
tests/test_api_tasks.py::test_run_phase_task_infers_doc_id 
-------------------------------- live log call ---------------------------------
2026-01-06 09:43:54 [INFO] Request started
2026-01-06 09:43:54 [INFO] Received run-phase request for http://example.com/2025-01-01/R1C1-race (phase: H5)
2026-01-06 09:43:54 [INFO] Run phase completed successfully for http://example.com/2025-01-01/R1C1-race (phase: H5)
2026-01-06 09:43:54 [INFO] Request finished
2026-01-06 09:43:54 [INFO] HTTP Request: POST http://testserver/tasks/run-phase "HTTP/1.1 200 OK"
PASSED                                                                   [ 17%]
tests/test_api_tasks.py::test_bootstrap_day_task_success 
-------------------------------- live log call ---------------------------------
2026-01-06 09:43:54 [INFO] Request started
2026-01-06 09:43:54 [INFO] Received request to bootstrap day 2026-01-06
2026-01-06 09:43:54 [INFO] Building daily plan for 2026-01-06...
2026-01-06 09:43:54 [INFO] Plan built: 2 races for 2026-01-06.
2026-01-06 09:43:54 [INFO] Bootstrap day completed. Scheduled 3 tasks.
2026-01-06 09:43:54 [INFO] Request finished
2026-01-06 09:43:54 [INFO] HTTP Request: POST http://testserver/tasks/bootstrap-day "HTTP/1.1 200 OK"
PASSED                                                                   [ 17%]
tests/test_api_tasks.py::test_bootstrap_day_task_empty_plan 
-------------------------------- live log call ---------------------------------
2026-01-06 09:43:54 [INFO] Request started
2026-01-06 09:43:54 [INFO] Received request to bootstrap day 2026-01-06
2026-01-06 09:43:54 [INFO] Building daily plan for 2026-01-06...
2026-01-06 09:43:54 [WARNING] Empty plan for 2026-01-06. No tasks to schedule.
2026-01-06 09:43:54 [INFO] Request finished
2026-01-06 09:43:54 [INFO] HTTP Request: POST http://testserver/tasks/bootstrap-day "HTTP/1.1 404 Not Found"
PASSED                                                                   [ 17%]
tests/test_concat_je_month.py::test_normalize_columns PASSED             [ 17%]
tests/test_concat_je_month.py::test_normalize_columns_missing_cols PASSED [ 17%]
tests/test_concat_je_month.py::test_infer_date_from_path[data/2026-01-01/some_file.csv-expected_date0] PASSED [ 17%]
tests/test_concat_je_month.py::test_infer_date_from_path[data/2025_12_31/other_file.csv-expected_date1] PASSED [ 17%]
tests/test_concat_je_month.py::test_infer_date_from_path[data/no_date_here.csv-None] PASSED [ 17%]
tests/test_concat_je_month.py::test_infer_date_from_path[data/20240229_special.csv-expected_date3] PASSED [ 17%]
tests/test_concat_je_month.py::test_load_and_filter PASSED               [ 17%]
tests/test_concat_je_month.py::test_summarize_month PASSED               [ 18%]
tests/test_concat_je_month.py::test_summarize_month_no_jockey_trainer_data PASSED [ 18%]
tests/test_concat_je_month.py::test_main_success PASSED                  [ 18%]
tests/test_concat_je_month.py::test_main_data_dir_not_found PASSED       [ 18%]
tests/test_concat_je_month.py::test_main_no_csv_files_found PASSED       [ 18%]
tests/test_cron_decider.py::test_load_meetings_from_dict_key_meetings PASSED [ 18%]
tests/test_cron_decider.py::test_load_meetings_from_dict_key_reunions PASSED [ 18%]
tests/test_cron_decider.py::test_load_meetings_from_dict_key_data PASSED [ 18%]
tests/test_cron_decider.py::test_load_meetings_from_list PASSED          [ 18%]
tests/test_cron_decider.py::test_load_meetings_invalid_json_raises_error PASSED [ 18%]
tests/test_cron_decider.py::test_parse_start_iso_timestamp PASSED        [ 18%]
tests/test_cron_decider.py::test_parse_start_hh_mm_with_date_hint PASSED [ 19%]
tests/test_cron_decider.py::test_parse_start_invalid_format PASSED       [ 19%]
tests/test_cron_decider.py::test_parse_start_hh_mm_no_date_hint PASSED   [ 19%]
tests/test_cron_decider.py::test_invoke_runner 
-------------------------------- live log call ---------------------------------
2026-01-06 09:43:54 [WARNING] Environment variable ALLOW_HEURISTIC not set; using default '0'
PASSED                                                                   [ 19%]
tests/test_cron_decider.py::test_main_meetings_file_not_found PASSED     [ 19%]
tests/test_cron_decider.py::test_main_happy_path_h5 PASSED               [ 19%]
tests/test_cron_decider.py::test_main_happy_path_h30 PASSED              [ 19%]
tests/test_cron_decider.py::test_main_no_trigger_outside_window PASSED   [ 19%]
tests/test_cron_decider.py::test_main_no_trigger_if_missing_info PASSED  [ 19%]
tests/test_cron_decider.py::test_main_empty_meetings_file PASSED         [ 19%]
tests/test_cron_decider.py::test_main_trigger_at_window_edge PASSED      [ 19%]
tests/test_data_source.py::test_fetch_programme_routes_to_boturfers 
-------------------------------- live log call ---------------------------------
2026-01-06 09:43:54 [INFO] Fetching programme from data source via URL: http://example.com
PASSED                                                                   [ 20%]
tests/test_data_source.py::test_fetch_race_details_routes_to_boturfers[https://www.boturfers.fr/c/2025-01-01/r1c1-hippique_orchestrator.data_source.boturfers.fetch_boturfers_race_details] 
-------------------------------- live log call ---------------------------------
2026-01-06 09:43:54 [INFO] Fetching race details from data source via URL: https://www.boturfers.fr/c/2025-01-01/r1c1
PASSED                                                                   [ 20%]
tests/test_data_source.py::test_fetch_race_details_routes_to_boturfers[http://some-other-site.com/race-hippique_orchestrator.data_source.boturfers.fetch_boturfers_race_details] 
-------------------------------- live log call ---------------------------------
2026-01-06 09:43:54 [INFO] Fetching race details from data source via URL: http://some-other-site.com/race
PASSED                                                                   [ 20%]
tests/test_data_source.py::test_fetch_race_details_routes_to_zeturf[https://www.zeturf.fr/fr/course/2025-12-25/R1C2-test-hippique_orchestrator.data_source.fetch_zeturf_race_details] 
-------------------------------- live log call ---------------------------------
2026-01-06 09:43:54 [INFO] Fetching race details from data source via URL: https://www.zeturf.fr/fr/course/2025-12-25/R1C2-test
PASSED                                                                   [ 20%]
tests/test_data_source.py::test_fetch_race_details_routes_to_zeturf[http://zeturf.com/R1C1-hippique_orchestrator.data_source.fetch_zeturf_race_details] 
-------------------------------- live log call ---------------------------------
2026-01-06 09:43:54 [INFO] Fetching race details from data source via URL: http://zeturf.com/R1C1
PASSED                                                                   [ 20%]
tests/test_dutching_allocation.py::test_equal_profit_stakes_sum PASSED   [ 20%]
tests/test_dutching_utils.py::test_equal_profit_stakes_valid_input PASSED [ 20%]
tests/test_dutching_utils.py::test_equal_profit_stakes_empty_odds_list PASSED [ 20%]
tests/test_dutching_utils.py::test_equal_profit_stakes_invalid_odds_list[odds_list0] PASSED [ 20%]
tests/test_dutching_utils.py::test_equal_profit_stakes_invalid_odds_list[odds_list1] PASSED [ 20%]
tests/test_dutching_utils.py::test_equal_profit_stakes_invalid_odds_list[odds_list2] PASSED [ 20%]
tests/test_dutching_utils.py::test_equal_profit_stakes_invalid_odds_list[odds_list3] PASSED [ 21%]
tests/test_dutching_utils.py::test_diversify_guard_no_correlation PASSED [ 21%]
tests/test_dutching_utils.py::test_diversify_guard_correlated_same_stable_driver_within_threshold PASSED [ 21%]
tests/test_dutching_utils.py::test_diversify_guard_correlated_same_stable_driver_outside_threshold PASSED [ 21%]
tests/test_dutching_utils.py::test_diversify_guard_different_stable_same_driver PASSED [ 21%]
tests/test_dutching_utils.py::test_diversify_guard_same_stable_different_driver PASSED [ 21%]
tests/test_dutching_utils.py::test_diversify_guard_missing_ecurie_or_driver_lenient PASSED [ 21%]
tests/test_dutching_utils.py::test_diversify_guard_missing_chrono_lenient PASSED [ 21%]
tests/test_dutching_utils.py::test_diversify_guard_empty_list PASSED     [ 21%]
tests/test_dutching_utils.py::test_diversify_guard_single_horse PASSED   [ 21%]
tests/test_dutching_utils.py::test_require_mid_odds_found PASSED         [ 21%]
tests/test_dutching_utils.py::test_require_mid_odds_not_found_all_low PASSED [ 22%]
tests/test_dutching_utils.py::test_require_mid_odds_not_found_all_high PASSED [ 22%]
tests/test_dutching_utils.py::test_require_mid_odds_empty_list PASSED    [ 22%]
tests/test_dutching_utils.py::test_require_mid_odds_missing_odds PASSED  [ 22%]
tests/test_dutching_utils.py::test_require_mid_odds_non_numeric_odds_ignored PASSED [ 22%]
tests/test_env_utils.py::test_get_env_missing_warns 
-------------------------------- live log call ---------------------------------
2026-01-06 09:43:55 [WARNING] Environment variable MISSING_VAR not set; using default 'fallback'
PASSED                                                                   [ 22%]
tests/test_env_utils.py::test_get_env_required_missing_logs_critical 
-------------------------------- live log call ---------------------------------
2026-01-06 09:43:55 [CRITICAL] Missing required environment variable 'REQUIRED_MISSING'. App may not function correctly.
PASSED                                                                   [ 22%]
tests/test_env_utils.py::test_get_env_required_missing_in_prod_exits 
-------------------------------- live log call ---------------------------------
2026-01-06 09:43:55 [CRITICAL] Missing required environment variable 'MY_VAR'. App may not function correctly.
2026-01-06 09:43:55 [CRITICAL] IS_PROD=True. Exiting.
PASSED                                                                   [ 22%]
tests/test_env_utils.py::test_get_env_required_missing_in_prod_exits_variations[true] 
-------------------------------- live log call ---------------------------------
2026-01-06 09:43:55 [CRITICAL] Missing required environment variable 'MY_VAR'. App may not function correctly.
2026-01-06 09:43:55 [CRITICAL] IS_PROD=True. Exiting.
PASSED                                                                   [ 22%]
tests/test_env_utils.py::test_get_env_required_missing_in_prod_exits_variations[True] 
-------------------------------- live log call ---------------------------------
2026-01-06 09:43:55 [CRITICAL] Missing required environment variable 'MY_VAR'. App may not function correctly.
2026-01-06 09:43:55 [CRITICAL] IS_PROD=True. Exiting.
PASSED                                                                   [ 22%]
tests/test_env_utils.py::test_get_env_required_missing_in_prod_exits_variations[1] 
-------------------------------- live log call ---------------------------------
2026-01-06 09:43:55 [CRITICAL] Missing required environment variable 'MY_VAR'. App may not function correctly.
2026-01-06 09:43:55 [CRITICAL] IS_PROD=True. Exiting.
PASSED                                                                   [ 22%]
tests/test_env_utils.py::test_get_env_required_missing_in_prod_exits_variations[t] 
-------------------------------- live log call ---------------------------------
2026-01-06 09:43:55 [CRITICAL] Missing required environment variable 'MY_VAR'. App may not function correctly.
2026-01-06 09:43:55 [CRITICAL] IS_PROD=True. Exiting.
PASSED                                                                   [ 23%]
tests/test_env_utils.py::test_get_env_required_missing_in_prod_exits_variations[yes] 
-------------------------------- live log call ---------------------------------
2026-01-06 09:43:55 [CRITICAL] Missing required environment variable 'MY_VAR'. App may not function correctly.
2026-01-06 09:43:55 [CRITICAL] IS_PROD=True. Exiting.
PASSED                                                                   [ 23%]
tests/test_env_utils.py::test_get_env_required_missing_in_prod_exits_variations[y] 
-------------------------------- live log call ---------------------------------
2026-01-06 09:43:55 [CRITICAL] Missing required environment variable 'MY_VAR'. App may not function correctly.
2026-01-06 09:43:55 [CRITICAL] IS_PROD=True. Exiting.
PASSED                                                                   [ 23%]
tests/test_env_utils.py::test_get_env_alias_support 
-------------------------------- live log call ---------------------------------
2026-01-06 09:43:55 [INFO] Environment variable ALIAS_VAR='alias_value' used as alias for PRIMARY_VAR
PASSED                                                                   [ 23%]
tests/test_env_utils.py::test_get_env_casting_error_returns_default 
-------------------------------- live log call ---------------------------------
2026-01-06 09:43:55 [ERROR] Invalid value for environment variable 'INT_VAR': 'not-an-int'. Returning default.
Traceback (most recent call last):
  File "/home/francoisosmozis/hippique-orchestrator/config/env_utils.py", line 81, in get_env
    value = cast(raw_value)
            ^^^^^^^^^^^^^^^
ValueError: invalid literal for int() with base 10: 'not-an-int'
PASSED                                                                   [ 23%]
tests/test_env_utils.py::test_get_env_value_equals_default_no_override_log PASSED [ 23%]
tests/test_env_utils.py::test_get_env_required_missing_non_prod_logs_critical_no_exit 
-------------------------------- live log call ---------------------------------
2026-01-06 09:43:55 [CRITICAL] Missing required environment variable 'NON_PROD_REQUIRED'. App may not function correctly.
PASSED                                                                   [ 23%]
tests/test_env_utils.py::test_get_env_fail_fast_on_config_error 
-------------------------------- live log call ---------------------------------
2026-01-06 09:43:55 [CRITICAL] Missing required environment variable 'MY_VAR'. App may not function correctly.
2026-01-06 09:43:55 [CRITICAL] FAIL_FAST_ON_CONFIG_ERROR is true. Exiting.
PASSED                                                                   [ 23%]
tests/test_ev_calculator.py::test_make_hashable_hashable_types PASSED    [ 23%]
tests/test_ev_calculator.py::test_make_hashable_list PASSED              [ 23%]
tests/test_ev_calculator.py::test_make_hashable_dict PASSED              [ 23%]
tests/test_ev_calculator.py::test_make_hashable_nested_structures PASSED [ 24%]
tests/test_ev_calculator.py::test_make_hashable_unhashable_fallback PASSED [ 24%]
tests/test_ev_calculator.py::test_kelly_fraction_valid_inputs PASSED     [ 24%]
tests/test_ev_calculator.py::test_kelly_fraction_probability_out_of_range PASSED [ 24%]
tests/test_ev_calculator.py::test_kelly_fraction_odds_out_of_range PASSED [ 24%]
tests/test_ev_calculator.py::test_apply_dutching_single_group PASSED     [ 24%]
tests/test_ev_calculator.py::test_apply_dutching_multiple_groups PASSED  [ 24%]
tests/test_ev_calculator.py::test_apply_dutching_no_dutching_groups PASSED [ 24%]
tests/test_ev_calculator.py::test_apply_dutching_mixed_groups PASSED     [ 24%]
tests/test_ev_calculator.py::test_apply_dutching_invalid_odds_in_group PASSED [ 24%]
tests/test_ev_calculator.py::test_apply_dutching_single_valid_ticket_in_group PASSED [ 24%]
tests/test_ev_calculator.py::test_apply_dutching_group_too_small PASSED  [ 25%]
tests/test_ev_calculator.py::test_ticket_label_with_id PASSED            [ 25%]
tests/test_ev_calculator.py::test_ticket_label_with_name PASSED          [ 25%]
tests/test_ev_calculator.py::test_ticket_label_with_label PASSED         [ 25%]
tests/test_ev_calculator.py::test_ticket_label_with_selection PASSED     [ 25%]
tests/test_ev_calculator.py::test_ticket_label_with_runner PASSED        [ 25%]
tests/test_ev_calculator.py::test_ticket_label_no_label_keys_falls_back_to_index PASSED [ 25%]
tests/test_ev_calculator.py::test_ticket_label_empty_string_values_falls_back_to_index PASSED [ 25%]
tests/test_ev_calculator.py::test_clone_leg_dict PASSED                  [ 25%]
tests/test_ev_calculator.py::test_clone_leg_list_of_dicts PASSED         [ 25%]
tests/test_ev_calculator.py::test_clone_leg_primitive_type PASSED        [ 25%]
tests/test_ev_calculator.py::test_prepare_legs_for_covariance_with_legs_for_probability PASSED [ 25%]
tests/test_ev_calculator.py::test_prepare_legs_for_covariance_with_legs_details PASSED [ 26%]
tests/test_ev_calculator.py::test_prepare_legs_for_covariance_with_legs PASSED [ 26%]
tests/test_ev_calculator.py::test_prepare_legs_for_covariance_with_id_only PASSED [ 26%]
tests/test_ev_calculator.py::test_prepare_legs_for_covariance_no_identifiable_legs PASSED [ 26%]
tests/test_ev_calculator.py::test_ticket_dependency_keys_with_ticket_id PASSED [ 26%]
tests/test_ev_calculator.py::test_ticket_dependency_keys_with_selection_id PASSED [ 26%]
tests/test_ev_calculator.py::test_ticket_dependency_keys_with_leg_id_in_legs PASSED [ 26%]
tests/test_ev_calculator.py::test_ticket_dependency_keys_with_mixed_dependencies PASSED [ 26%]
tests/test_ev_calculator.py::test_ticket_dependency_keys_empty PASSED    [ 26%]
tests/test_ev_calculator.py::test_prepare_ticket_dependencies PASSED     [ 26%]
tests/test_ev_calculator.py::test_rho_for_shared_exposures_id_dependency PASSED [ 26%]
tests/test_ev_calculator.py::test_rho_for_shared_exposures_leg_dependency PASSED [ 27%]
tests/test_ev_calculator.py::test_rho_for_shared_exposures_no_specific_dependency PASSED [ 27%]
tests/test_ev_calculator.py::test_rho_for_shared_exposures_empty PASSED  [ 27%]
tests/test_ev_calculator.py::test_approx_joint_probability_independent PASSED [ 27%]
tests/test_ev_calculator.py::test_approx_joint_probability_positive_correlation PASSED [ 27%]
tests/test_ev_calculator.py::test_approx_joint_probability_negative_correlation PASSED [ 27%]
tests/test_ev_calculator.py::test_approx_joint_probability_rho_clipping PASSED [ 27%]
tests/test_ev_calculator.py::test_approx_joint_probability_lower_bound PASSED [ 27%]
tests/test_ev_calculator.py::test_merge_legs_no_duplicates PASSED        [ 27%]
tests/test_ev_calculator.py::test_merge_legs_with_duplicates PASSED      [ 27%]
tests/test_ev_calculator.py::test_merge_legs_with_dict_duplicates PASSED [ 27%]
tests/test_ev_calculator.py::test_merge_legs_empty_inputs PASSED         [ 28%]
tests/test_ev_calculator.py::test_simulate_joint_probability_no_simulate_fn PASSED [ 28%]
tests/test_ev_calculator.py::test_simulate_joint_probability_no_legs PASSED [ 28%]
tests/test_ev_calculator.py::test_simulate_joint_probability_with_simulate_fn_no_cache PASSED [ 28%]
tests/test_ev_calculator.py::test_simulate_joint_probability_with_simulate_fn_and_cache_miss PASSED [ 28%]
tests/test_ev_calculator.py::test_simulate_joint_probability_with_simulate_fn_and_cache_hit PASSED [ 28%]
tests/test_ev_calculator.py::test_estimate_joint_probability_with_simulate_fn_and_cache PASSED [ 28%]
tests/test_ev_calculator.py::test_estimate_joint_probability_with_simulate_fn_no_cache PASSED [ 28%]
tests/test_ev_calculator.py::test_estimate_joint_probability_no_simulate_fn_uses_approx PASSED [ 28%]
tests/test_ev_calculator.py::test_estimate_joint_probability_with_copula_monte_carlo PASSED [ 28%]
tests/test_ev_calculator.py::test_covariance_from_joint_positive PASSED  [ 28%]
tests/test_ev_calculator.py::test_covariance_from_joint_negative PASSED  [ 29%]
tests/test_ev_calculator.py::test_covariance_from_joint_zero_probability PASSED [ 29%]
tests/test_ev_calculator.py::test_compute_joint_moments_no_tickets PASSED [ 29%]
tests/test_ev_calculator.py::test_compute_joint_moments_fewer_than_min_tickets PASSED [ 29%]
tests/test_ev_calculator.py::test_compute_joint_moments_no_shared_exposures PASSED [ 29%]
tests/test_ev_calculator.py::test_compute_joint_moments_with_shared_exposures_positive_covariance PASSED [ 29%]
tests/test_ev_calculator.py::test_compute_joint_moments_with_shared_exposures_negative_covariance PASSED [ 29%]
tests/test_ev_calculator.py::test_compute_joint_moments_covariance_below_threshold PASSED [ 29%]
tests/test_ev_calculator.py::test_risk_of_ruin[0.1-0.01-100-None-0.0] PASSED [ 29%]
tests/test_ev_calculator.py::test_risk_of_ruin[0.0-0.01-100-None-1.0] PASSED [ 29%]
tests/test_ev_calculator.py::test_risk_of_ruin[0.1-0.0-100-None-0.0] PASSED [ 29%]
tests/test_ev_calculator.py::test_risk_of_ruin[0.1-0.01-100-0.02-0.0] PASSED [ 30%]
tests/test_ev_calculator.py::test_risk_of_ruin[0.1-0.01-100-0.005-0.0] PASSED [ 30%]
tests/test_ev_calculator.py::test_risk_of_ruin[0.01-0.01-1-None-0.1353352832366127] PASSED [ 30%]
tests/test_ev_calculator.py::test_risk_of_ruin_invalid_bankroll PASSED   [ 30%]
tests/test_ev_calculator.py::test_risk_of_ruin_respects_baseline_variance PASSED [ 30%]
tests/test_ev_calculator.py::test_optimize_stake_allocation_with_scipy PASSED [ 30%]
tests/test_ev_calculator.py::test_optimize_stake_allocation_without_scipy_fallback_to_grid_search PASSED [ 30%]
tests/test_ev_calculator.py::test_optimize_stake_allocation_empty_tickets PASSED [ 30%]
tests/test_ev_calculator.py::test_process_single_ticket_p_provided PASSED [ 30%]
tests/test_ev_calculator.py::test_process_single_ticket_legs_provided_simulated_p PASSED [ 30%]
tests/test_ev_calculator.py::test_process_single_ticket_legs_provided_simulated_p_cached PASSED [ 30%]
tests/test_ev_calculator.py::test_process_single_ticket_no_p_or_legs_raises_value_error PASSED [ 31%]
tests/test_ev_calculator.py::test_process_single_ticket_invalid_p_raises_value_error PASSED [ 31%]
tests/test_ev_calculator.py::test_process_single_ticket_invalid_odds_raises_value_error PASSED [ 31%]
tests/test_ev_calculator.py::test_process_single_ticket_stake_capping_and_rounding PASSED [ 31%]
tests/test_ev_calculator.py::test_process_tickets_basic_functionality PASSED [ 31%]
tests/test_ev_calculator.py::test_calculate_ticket_metrics_single_ticket PASSED [ 31%]
tests/test_ev_calculator.py::test_calculate_ticket_metrics_with_combined_ticket PASSED [ 31%]
tests/test_ev_calculator.py::test_calculate_final_metrics_green_flag PASSED [ 31%]
tests/test_ev_calculator.py::test_calculate_final_metrics_red_flag_ev_ratio PASSED [ 31%]
tests/test_ev_calculator.py::test_calculate_final_metrics_red_flag_ror PASSED [ 31%]
tests/test_ev_calculator.py::test_compute_ev_roi_basic_functionality PASSED [ 31%]
tests/test_ev_calculator.py::test_compute_ev_roi_invalid_budget PASSED   [ 32%]
tests/test_ev_calculator.py::test_compute_ev_roi_invalid_variance_cap_config PASSED [ 32%]
tests/test_ev_calculator.py::test_compute_ev_roi_with_optimize_true PASSED [ 32%]
tests/test_ev_calculator.py::test_compute_ev_roi_variance_capping PASSED [ 32%]
tests/test_ev_thresholds.py::test_ev_sp_below_default_threshold 
-------------------------------- live log call ---------------------------------
2026-01-06 09:43:55 [INFO] [validate_ev] context {'p_success': None, 'payout_expected': None, 'stake': None, 'EV_ratio': None}
PASSED                                                                   [ 32%]
tests/test_ev_thresholds.py::test_ev_global_below_default_threshold 
-------------------------------- live log call ---------------------------------
2026-01-06 09:43:55 [INFO] [validate_ev] context {'p_success': None, 'payout_expected': None, 'stake': None, 'EV_ratio': None}
PASSED                                                                   [ 32%]
tests/test_ev_thresholds.py::test_validate_policy_roi_below_threshold PASSED [ 32%]
tests/test_ev_thresholds.py::test_validate_policy_raises_on_low_roi_message PASSED [ 32%]
tests/test_evaluate_combo.py::test_default_config_path_missing PASSED    [ 32%]
tests/test_evaluate_combo.py::test_env_path_missing PASSED               [ 32%]
tests/test_evaluate_combo.py::test_env_path_present PASSED               [ 32%]
tests/test_evaluate_combo.py::test_gates_when_calibration_missing PASSED [ 33%]
tests/test_evaluate_combo.py::test_override_missing_calibration 
-------------------------------- live log call ---------------------------------
2026-01-06 09:43:55 [WARNING] [COMBO] allow_heuristic override ignored; payout calibration is mandatory for combo evaluation.
PASSED                                                                   [ 33%]
tests/test_evaluate_combo.py::test_with_calibration PASSED               [ 33%]
tests/test_evaluate_combo.py::test_marks_unreliable_probabilities 
-------------------------------- live log call ---------------------------------
2026-01-06 09:43:55 [WARNING] [COMBO] allow_heuristic override ignored; payout calibration is mandatory for combo evaluation.
PASSED                                                                   [ 33%]
tests/test_fetch_je_stats.py::test_normalise_text[  Test String  -teststring] PASSED [ 33%]
tests/test_fetch_je_stats.py::test_normalise_text[\xc9curie Sp\xe9ciale-ecuriespeciale] PASSED [ 33%]
tests/test_fetch_je_stats.py::test_normalise_text[J. VANMEERBECK-jvanmeerbeck] PASSED [ 33%]
tests/test_fetch_je_stats.py::test_parse_percentage[R\xe9ussite jockey/cheval : 15%-15.0] PASSED [ 33%]
tests/test_fetch_je_stats.py::test_parse_percentage[Ratio: 3 / 10-30.0] PASSED [ 33%]
tests/test_fetch_je_stats.py::test_parse_percentage[Victoires : 5-5.0] PASSED [ 33%]
tests/test_fetch_je_stats.py::test_parse_percentage[Taux de r\xe9ussite : 0.25-25.0] PASSED [ 33%]
tests/test_fetch_je_stats.py::test_parse_percentage[Just a number 42.5 here-42.5] PASSED [ 33%]
tests/test_fetch_je_stats.py::test_parse_percentage[No number here-None] PASSED [ 34%]
tests/test_fetch_je_stats.py::test_parse_percentage[-None] PASSED        [ 34%]
tests/test_fetch_je_stats.py::test_parse_percentage[Victoires=10-10.0] PASSED [ 34%]
tests/test_fetch_je_stats.py::test_parse_percentage[12,5%-12.5] PASSED   [ 34%]
tests/test_fetch_je_stats.py::test_extract_links_from_horse_page PASSED  [ 34%]
tests/test_fetch_je_stats.py::test_extract_rate_from_profile PASSED      [ 34%]
tests/test_fetch_je_stats.py::test_discover_horse_url_by_name PASSED     [ 34%]
tests/test_fetch_je_stats.py::test_discover_horse_url_by_name_http_error 
-------------------------------- live log call ---------------------------------
2026-01-06 09:43:55 [WARNING] Failed to fetch Geny search results for Bold Eagle
PASSED                                                                   [ 34%]
tests/test_fetch_je_stats.py::test_parse_horse_percentages_success PASSED [ 34%]
tests/test_fetch_je_stats.py::test_parse_horse_percentages_handles_failures 
-------------------------------- live log call ---------------------------------
2026-01-06 09:43:55 [WARNING] Failed to fetch horse page http://horse.url
PASSED                                                                   [ 34%]
tests/test_fetch_je_stats.py::test_collect_stats_edge_cases[h5_data0-0-0-None] PASSED [ 34%]
tests/test_fetch_je_stats.py::test_collect_stats_edge_cases[h5_data1-0-1-] PASSED [ 35%]
tests/test_fetch_je_stats.py::test_collect_stats_edge_cases[h5_data2-0-1-] PASSED [ 35%]
tests/test_fetch_je_stats.py::test_collect_stats_edge_cases[h5_data3-100-1-] 
-------------------------------- live log call ---------------------------------
2026-01-06 09:43:56 [WARNING] Failed to fetch jockey stats for 'Partially Failing Horse' from https://www.geny.com/jockeys/1234-j-doe.html: Jockey fetch failed
PASSED                                                                   [ 35%]
tests/test_fetch_je_stats.py::test_discover_horse_url_by_name_empty_name PASSED [ 35%]
tests/test_fetch_je_stats.py::test_extract_rate_from_profile_not_found PASSED [ 35%]
tests/test_fetch_je_stats.py::test_main_function_calls_collect_stats PASSED [ 35%]
tests/test_fetch_je_stats.py::test_collect_stats_local_filesystem PASSED [ 35%]
tests/test_fetch_je_stats.py::test_enrich_from_snapshot_calls_subprocess PASSED [ 35%]
tests/test_fetch_je_stats.py::test_collect_stats_integration PASSED      [ 35%]
tests/test_firestore_client.py::test_update_race_document_success 
-------------------------------- live log call ---------------------------------
2026-01-06 09:43:56 [INFO] Updating Firestore document
PASSED                                                                   [ 35%]
tests/test_firestore_client.py::test_update_race_document_handles_exception 
-------------------------------- live log call ---------------------------------
2026-01-06 09:43:56 [ERROR] Failed to update document some_id: Firestore unavailable
Traceback (most recent call last):
  File "/home/francoisosmozis/hippique-orchestrator/hippique_orchestrator/firestore_client.py", line 60, in update_race_document
    doc_ref = db.collection(config.FIRESTORE_COLLECTION).document(document_id)
              ^^^^^^^^^^^^^^^^^^^^^^^^^^^^^^^^^^^^^^^^^^
  File "/usr/lib/python3.12/unittest/mock.py", line 1134, in __call__
    return self._mock_call(*args, **kwargs)
           ^^^^^^^^^^^^^^^^^^^^^^^^^^^^^^^^
  File "/usr/lib/python3.12/unittest/mock.py", line 1138, in _mock_call
    return self._execute_mock_call(*args, **kwargs)
           ^^^^^^^^^^^^^^^^^^^^^^^^^^^^^^^^^^^^^^^^
  File "/usr/lib/python3.12/unittest/mock.py", line 1193, in _execute_mock_call
    raise effect
Exception: Firestore unavailable
PASSED                                                                   [ 35%]
tests/test_firestore_client.py::test_update_race_document_skips_if_db_not_available 
-------------------------------- live log call ---------------------------------
2026-01-06 09:43:56 [WARNING] Firestore is not available, skipping update.
PASSED                                                                   [ 36%]
tests/test_firestore_client.py::test_get_races_for_date_success 
-------------------------------- live log call ---------------------------------
2026-01-06 09:43:56 [INFO] Queried races from Firestore
PASSED                                                                   [ 36%]
tests/test_firestore_client.py::test_get_races_for_date_empty 
-------------------------------- live log call ---------------------------------
2026-01-06 09:43:56 [INFO] Queried races from Firestore
PASSED                                                                   [ 36%]
tests/test_firestore_client.py::test_get_races_for_date_handles_exception 
-------------------------------- live log call ---------------------------------
2026-01-06 09:43:56 [ERROR] Failed to query races by date 2025-12-30: Query failed
Traceback (most recent call last):
  File "/home/francoisosmozis/hippique-orchestrator/hippique_orchestrator/firestore_client.py", line 82, in get_races_for_date
    races_ref = db.collection(config.FIRESTORE_COLLECTION)
                ^^^^^^^^^^^^^^^^^^^^^^^^^^^^^^^^^^^^^^^^^^
  File "/usr/lib/python3.12/unittest/mock.py", line 1134, in __call__
    return self._mock_call(*args, **kwargs)
           ^^^^^^^^^^^^^^^^^^^^^^^^^^^^^^^^
  File "/usr/lib/python3.12/unittest/mock.py", line 1138, in _mock_call
    return self._execute_mock_call(*args, **kwargs)
           ^^^^^^^^^^^^^^^^^^^^^^^^^^^^^^^^^^^^^^^^
  File "/usr/lib/python3.12/unittest/mock.py", line 1193, in _execute_mock_call
    raise effect
Exception: Query failed
PASSED                                                                   [ 36%]
tests/test_firestore_client.py::test_get_races_for_date_skips_if_db_not_available 
-------------------------------- live log call ---------------------------------
2026-01-06 09:43:56 [WARNING] Firestore is not available, cannot query races.
PASSED                                                                   [ 36%]
tests/test_firestore_client.py::test_get_doc_id_from_url[https://www.zeturf.fr/fr/course/2025-12-25/R1C2-test-pmu-2025-12-25-2025-12-25_R1C2] PASSED [ 36%]
tests/test_firestore_client.py::test_get_doc_id_from_url[https://turf.fr/R5C3/details-2025-12-25-2025-12-25_R5C3] PASSED [ 36%]
tests/test_firestore_client.py::test_get_doc_id_from_url[R3C8-2025-12-25-2025-12-25_R3C8] PASSED [ 36%]
tests/test_firestore_client.py::test_get_doc_id_from_url[R1C1-2025-12-25-2025-12-25_R1C1] PASSED [ 36%]
tests/test_firestore_client.py::test_get_doc_id_from_url[some-string-r4c1-other-2025-12-25-2025-12-25_R4C1] PASSED [ 36%]
tests/test_firestore_client.py::test_get_doc_id_from_url[invalid-url-2025-12-25-None] PASSED [ 36%]
tests/test_firestore_client.py::test_get_doc_id_from_url[-2025-12-25-None] PASSED [ 37%]
tests/test_firestore_client.py::test_get_processing_status_for_date_success 
-------------------------------- live log call ---------------------------------
2026-01-06 09:43:56 [INFO] Queried races from Firestore
PASSED                                                                   [ 37%]
tests/test_firestore_client.py::test_get_processing_status_for_date_db_not_available PASSED [ 37%]
tests/test_firestore_client.py::test_get_processing_status_for_date_empty_daily_plan 
-------------------------------- live log call ---------------------------------
2026-01-06 09:43:56 [INFO] Queried races from Firestore
PASSED                                                                   [ 37%]
tests/test_firestore_client.py::test_get_processing_status_for_date_explicit_empty_plan_reason 
-------------------------------- live log call ---------------------------------
2026-01-06 09:43:56 [INFO] Queried races from Firestore
PASSED                                                                   [ 37%]
tests/test_firestore_client.py::test_get_processing_status_for_date_unprocessed_races 
-------------------------------- live log call ---------------------------------
2026-01-06 09:43:56 [INFO] Queried races from Firestore
PASSED                                                                   [ 37%]
tests/test_firestore_client.py::test_get_processing_status_for_date_error_decision 
-------------------------------- live log call ---------------------------------
2026-01-06 09:43:56 [INFO] Queried races from Firestore
PASSED                                                                   [ 37%]
tests/test_firestore_client.py::test_get_processing_status_for_date_unknown_decision 
-------------------------------- live log call ---------------------------------
2026-01-06 09:43:56 [INFO] Queried races from Firestore
PASSED                                                                   [ 37%]
tests/test_firestore_client.py::test_get_document_success PASSED         [ 37%]
tests/test_firestore_client.py::test_get_document_not_found PASSED       [ 37%]
tests/test_firestore_client.py::test_get_document_exception 
-------------------------------- live log call ---------------------------------
2026-01-06 09:43:56 [ERROR] Failed to get document 'test_doc' from 'test_collection': Connection failed
Traceback (most recent call last):
  File "/home/francoisosmozis/hippique-orchestrator/hippique_orchestrator/firestore_client.py", line 31, in get_document
    doc = doc_ref.get()
          ^^^^^^^^^^^^^
  File "/usr/lib/python3.12/unittest/mock.py", line 1134, in __call__
    return self._mock_call(*args, **kwargs)
           ^^^^^^^^^^^^^^^^^^^^^^^^^^^^^^^^
  File "/usr/lib/python3.12/unittest/mock.py", line 1138, in _mock_call
    return self._execute_mock_call(*args, **kwargs)
           ^^^^^^^^^^^^^^^^^^^^^^^^^^^^^^^^^^^^^^^^
  File "/usr/lib/python3.12/unittest/mock.py", line 1193, in _execute_mock_call
    raise effect
Exception: Connection failed
PASSED                                                                   [ 37%]
tests/test_firestore_client.py::test_set_document_success PASSED         [ 38%]
tests/test_firestore_client.py::test_set_document_exception 
-------------------------------- live log call ---------------------------------
2026-01-06 09:43:56 [ERROR] Failed to set document 'test_doc' in 'test_collection': Permission denied
Traceback (most recent call last):
  File "/home/francoisosmozis/hippique-orchestrator/hippique_orchestrator/firestore_client.py", line 47, in set_document
    db.collection(collection).document(document_id).set(data)
    ^^^^^^^^^^^^^^^^^^^^^^^^^
  File "/usr/lib/python3.12/unittest/mock.py", line 1134, in __call__
    return self._mock_call(*args, **kwargs)
           ^^^^^^^^^^^^^^^^^^^^^^^^^^^^^^^^
  File "/usr/lib/python3.12/unittest/mock.py", line 1138, in _mock_call
    return self._execute_mock_call(*args, **kwargs)
           ^^^^^^^^^^^^^^^^^^^^^^^^^^^^^^^^^^^^^^^^
  File "/usr/lib/python3.12/unittest/mock.py", line 1193, in _execute_mock_call
    raise effect
Exception: Permission denied
PASSED                                                                   [ 38%]
tests/test_firestore_client.py::test_get_races_for_date_db_unavailable 
-------------------------------- live log call ---------------------------------
2026-01-06 09:43:56 [WARNING] Firestore is not available, cannot query races.
PASSED                                                                   [ 38%]
tests/test_firestore_client.py::test_get_document_skips_if_db_not_available 
-------------------------------- live log call ---------------------------------
2026-01-06 09:43:56 [WARNING] Firestore is not available, cannot get document.
PASSED                                                                   [ 38%]
tests/test_firestore_client.py::test_set_document_skips_if_db_not_available 
-------------------------------- live log call ---------------------------------
2026-01-06 09:43:56 [WARNING] Firestore is not available, cannot set document.
PASSED                                                                   [ 38%]
tests/test_firestore_client_extended.py::test_get_processing_status_for_date_processing_stalled PASSED [ 38%]
tests/test_firestore_client_extended.py::test_get_processing_status_for_date_db_empty PASSED [ 38%]
tests/test_gcs_client_extended.py::test_gcs_manager_init PASSED          [ 38%]
tests/test_gcs_client_extended.py::test_gcs_manager_init_no_bucket 
-------------------------------- live log call ---------------------------------
2026-01-06 09:43:56 [WARNING] GCS_BUCKET is not set in the configuration. GCS operations will fail.
PASSED                                                                   [ 38%]
tests/test_gcs_client_extended.py::test_gcs_manager_lazy_init PASSED     [ 38%]
tests/test_gcs_client_extended.py::test_get_gcs_path PASSED              [ 38%]
tests/test_gcs_client_extended.py::test_file_exists PASSED               [ 39%]
tests/test_gcs_client_extended.py::test_get_gcs_fs PASSED                [ 39%]
tests/test_gcs_client_extended.py::test_get_gcs_manager_no_bucket 
-------------------------------- live log call ---------------------------------
2026-01-06 09:43:56 [INFO] GCS operations are disabled because BUCKET_NAME is not set.
[...]
tests/test_zoneturf_client.py::test_normalize_name[Jullou's Horse-jullous horse] PASSED [ 95%]
tests/test_zoneturf_client.py::test_normalize_name[-] PASSED             [ 95%]
tests/test_zoneturf_client.py::test_normalize_name[None-] PASSED         [ 95%]
tests/test_zoneturf_client.py::test_parse_rk_string[1'11"6-71.6] PASSED  [ 95%]
tests/test_zoneturf_client.py::test_parse_rk_string[1'15''3-75.3] PASSED [ 95%]
tests/test_zoneturf_client.py::test_parse_rk_string[1'20"0-80.0] PASSED  [ 95%]
tests/test_zoneturf_client.py::test_parse_rk_string[0'59"9-59.9] PASSED  [ 95%]
tests/test_zoneturf_client.py::test_parse_rk_string[None-None] PASSED    [ 95%]
tests/test_zoneturf_client.py::test_parse_rk_string[-None] PASSED        [ 95%]
tests/test_zoneturf_client.py::test_parse_rk_string[invalid-None] PASSED [ 95%]
tests/test_zoneturf_client.py::test_parse_rk_string[1'11-None] PASSED    [ 95%]
tests/test_zoneturf_client.py::test_resolve_horse_id_success 
-------------------------------- live log call ---------------------------------
2026-01-06 09:44:21 [INFO] Resolving Zone-Turf ID for 'Jullou' via alphabetical pages...
2026-01-06 09:44:21 [INFO] Resolved 'Jullou' to ID: 1772764
PASSED                                                                   [ 96%]
tests/test_zoneturf_client.py::test_resolve_horse_id_not_found 
-------------------------------- live log call ---------------------------------
2026-01-06 09:44:21 [INFO] Resolving Zone-Turf ID for 'NonExistentHorse' via alphabetical pages...
PASSED                                                                   [ 96%]
tests/test_zoneturf_client.py::test_resolve_horse_id_network_error 
-------------------------------- live log call ---------------------------------
2026-01-06 09:44:21 [INFO] Resolving Zone-Turf ID for 'Jullou' via alphabetical pages...
2026-01-06 09:44:21 [WARNING] Failed to fetch page https://www.zone-turf.fr/cheval/lettre-j.html?p=1: Network issue
PASSED                                                                   [ 96%]
tests/test_zoneturf_client.py::test_resolve_horse_id_cache_hit PASSED    [ 96%]
tests/test_zoneturf_client.py::test_resolve_horse_id_no_alpha_in_name PASSED [ 96%]
tests/test_zoneturf_client.py::test_resolve_person_id_success 
-------------------------------- live log call ---------------------------------
2026-01-06 09:44:21 [INFO] Resolving Zone-Turf ID for 'Julien Dupont' (jockey) via alphabetical pages...
2026-01-06 09:44:21 [INFO] Resolved 'Julien Dupont' to ID: 112233
PASSED                                                                   [ 96%]
tests/test_zoneturf_client.py::test_resolve_person_id_cache_hit PASSED   [ 96%]
tests/test_zoneturf_client.py::test_resolve_person_id_not_found 
-------------------------------- live log call ---------------------------------
2026-01-06 09:44:21 [INFO] Resolving Zone-Turf ID for 'NonExistentJockey' (jockey) via alphabetical pages...
PASSED                                                                   [ 96%]
tests/test_zoneturf_client.py::test_fetch_chrono_from_html_with_jullou_page PASSED [ 96%]
tests/test_zoneturf_client.py::test_fetch_chrono_from_html_no_chrono_data PASSED [ 96%]
tests/test_zoneturf_client.py::test_fetch_chrono_from_html_empty_content PASSED [ 96%]
tests/test_zoneturf_client.py::test_fetch_chrono_from_html_malformed_record PASSED [ 97%]
tests/test_zoneturf_client.py::test_fetch_chrono_from_html_malformed_table_chrono PASSED [ 97%]
tests/test_zoneturf_client.py::test_fetch_chrono_from_html_correctly_finds_jullou_chrono PASSED [ 97%]
tests/test_zoneturf_client.py::test_fetch_person_stats_from_html_success PASSED [ 97%]
tests/test_zoneturf_client.py::test_fetch_person_stats_from_html_no_stats_block PASSED [ 97%]
tests/test_zoneturf_client.py::test_fetch_person_stats_from_html_empty_content PASSED [ 97%]
tests/test_zoneturf_client.py::test_get_chrono_stats_success PASSED      [ 97%]
tests/test_zoneturf_client.py::test_get_chrono_stats_id_not_resolved 
-------------------------------- live log call ---------------------------------
2026-01-06 09:44:22 [WARNING] Could not get Zone-Turf ID for horse: Jullou
PASSED                                                                   [ 97%]
tests/test_zoneturf_client.py::test_get_chrono_stats_network_error_fetching_page 
-------------------------------- live log call ---------------------------------
2026-01-06 09:44:22 [WARNING] Failed to fetch Zone-Turf page for Jullou due to network error
PASSED                                                                   [ 97%]
tests/test_zoneturf_client.py::test_get_chrono_stats_page_fetch_failed 
-------------------------------- live log call ---------------------------------
2026-01-06 09:44:22 [WARNING] Failed to fetch Zone-Turf page for Jullou (ID: 1772764) with status 404
PASSED                                                                   [ 97%]
tests/test_zoneturf_client.py::test_get_chrono_stats_cache_hit PASSED    [ 97%]
tests/test_zoneturf_client.py::test_get_jockey_trainer_stats_success PASSED [ 98%]
tests/test_zoneturf_client.py::test_get_jockey_trainer_stats_id_not_resolved 
-------------------------------- live log call ---------------------------------
2026-01-06 09:44:22 [WARNING] Could not get Zone-Turf ID for jockey: Julien Dupont
PASSED                                                                   [ 98%]
tests/test_zoneturf_client.py::test_get_jockey_trainer_stats_cache_hit PASSED [ 98%]
tests/test_zoneturf_client.py::test_get_jockey_trainer_stats_network_error_fetching_page 
-------------------------------- live log call ---------------------------------
2026-01-06 09:44:22 [WARNING] Failed to fetch Zone-Turf page for jockey Julien Dupont due to network error
PASSED                                                                   [ 98%]
tests/test_zoneturf_client.py::test_get_jockey_trainer_stats_page_fetch_failed 
-------------------------------- live log call ---------------------------------
2026-01-06 09:44:22 [WARNING] Failed to fetch Zone-Turf page for jockey Julien Dupont (ID: 112233) with status 404
PASSED                                                                   [ 98%]
tests/test_zoneturf_client_extended.py::test_resolve_horse_id_non_200_status 
-------------------------------- live log call ---------------------------------
2026-01-06 09:44:22 [WARNING] Received non-200 status code 404 for URL: https://www.zone-turf.fr/cheval/lettre-t.html?p=1
PASSED                                                                   [ 98%]
tests/test_zoneturf_client_extended.py::test_resolve_horse_id_url_without_id 
-------------------------------- live log call ---------------------------------
2026-01-06 09:44:22 [INFO] Resolving Zone-Turf ID for 'Jullou' via alphabetical pages...
PASSED                                                                   [ 98%]
tests/test_zoneturf_client_extended.py::test_fetch_chrono_from_html_no_info_card PASSED [ 98%]
tests/test_zoneturf_client_extended.py::test_fetch_chrono_from_html_no_performance_card PASSED [ 98%]
tests/test_zoneturf_client_extended.py::test_fetch_chrono_from_html_no_record_tag PASSED [ 98%]
tests/test_zoneturf_client_extended.py::test_fetch_chrono_from_html_no_record_text PASSED [ 98%]
tests/test_zoneturf_client_extended.py::test_fetch_chrono_from_html_performance_no_list_group PASSED [ 99%]
tests/test_zoneturf_client_extended.py::test_fetch_chrono_from_html_performance_no_attelle_li PASSED [ 99%]
tests/test_zoneturf_client_extended.py::test_fetch_chrono_from_html_performance_no_red_km_header PASSED [ 99%]
tests/test_zoneturf_client_extended.py::test_fetch_chrono_from_html_performance_malformed_row PASSED [ 99%]
tests/test_zoneturf_client_extended.py::test_fetch_chrono_from_html_performance_other_horse_name PASSED [ 99%]
tests/test_zoneturf_client_extended.py::test_fetch_chrono_from_html_multiple_attelle_sections PASSED [ 99%]
tests/test_zoneturf_client_extended.py::test_resolve_person_id_non_200_status 
-------------------------------- live log call ---------------------------------
2026-01-06 09:44:22 [WARNING] Received non-200 status code 404 for URL: https://www.zone-turf.fr/jockey/lettre-t.html?p=1
PASSED                                                                   [ 99%]
tests/test_zoneturf_client_extended.py::test_resolve_person_id_url_without_id 
-------------------------------- live log call ---------------------------------
2026-01-06 09:44:22 [INFO] Resolving Zone-Turf ID for 'TestPerson' (jockey) via alphabetical pages...
PASSED                                                                   [ 99%]
tests/test_zoneturf_client_extended.py::test_fetch_person_stats_from_html_missing_rates PASSED [ 99%]
tests/test_zoneturf_client_extended.py::test_fetch_person_stats_from_html_missing_table PASSED [ 99%]
tests/test_zoneturf_client_extended.py::test_fetch_person_stats_from_html_malformed_table_data PASSED [ 99%]
tests/test_zoneturf_client_extended.py::test_fetch_person_stats_from_html_no_stat_paragraph PASSED [100%]

================================ tests coverage ================================
_______________ coverage: platform linux, python 3.12.3-final-0 ________________

Name                                                         Stmts   Miss Branch BrPart  Cover   Missing
--------------------------------------------------------------------------------------------------------
hippique_orchestrator/__init__.py                                1      0      0      0   100%
hippique_orchestrator/analysis_pipeline.py                      97      0     14      1    99%   82->85
hippique_orchestrator/analysis_utils.py                        181      8     82      8    93%   61-62, 68-69, 103->105, 107-108, 109->112, 224->252, 229->235, 247, 315->323, 372
hippique_orchestrator/api/__init__.py                            1      0      0      0   100%
hippique_orchestrator/api/tasks.py                              74      0     10      1    99%   214->194
hippique_orchestrator/auth.py                                   28      3      8      1    89%   29, 63-64
hippique_orchestrator/config.py                                 19      0      0      0   100%
hippique_orchestrator/data_source.py                            16      0      2      0   100%
hippique_orchestrator/ev_calculator.py                         522     36    208     13    91%   164->171, 171->161, 291, 340, 417, 479, 498-499, 540->543, 643-687, 731, 897, 923, 957-962
hippique_orchestrator/fetch_je_stats.py                        265     24     66     13    89%   66, 86-93, 129, 132, 149, 181->183, 191-192, 197, 205->202, 226->231, 229-230, 232->237, 235-236, 290->297, 297->304, 301-302, 304->309, 306-307, 418
hippique_orchestrator/firestore_client.py                       98      0     32      0   100%
hippique_orchestrator/gcs_client.py                             72      4     14      2    93%   44->46, 113-115, 125
hippique_orchestrator/gcs_utils.py                              52      0     10      0   100%
hippique_orchestrator/kelly.py                                  42      6     18      4    83%   12, 14-15, 48, 59, 61
hippique_orchestrator/logging_io.py                             39      3     10      2    90%   42-44, 47->51
hippique_orchestrator/logging_middleware.py                     22      4      0      0    82%   50-61
hippique_orchestrator/logging_utils.py                          32      1      6      3    89%   18->20, 20->exit, 32->35, 60
hippique_orchestrator/overround.py                              25      0     10      0   100%
hippique_orchestrator/p_finale.py                               41      0     22      0   100%
hippique_orchestrator/pipeline_run.py                          353      8    142     14    96%   100, 171-172, 240, 242, 322->337, 367->369, 379->385, 437->425, 460, 498->494, 503->507, 507->535, 599->586, 612->586, 684-685
hippique_orchestrator/plan.py                                   42      0     16      0   100%
hippique_orchestrator/post_course_payload.py                   181      6     62     10    93%   85->84, 125-128, 245->247, 249->251, 252, 292->299, 294->296, 298, 301->305, 303->305
hippique_orchestrator/runner.py                                 35      2      6      1    93%   29-30
hippique_orchestrator/scheduler.py                             101      0     28      0   100%
hippique_orchestrator/schemas.py                                32      0      0      0   100%
hippique_orchestrator/scrapers/__init__.py                       0      0      0      0   100%
hippique_orchestrator/scrapers/boturfers.py                    206      7     80      6    95%   99-104, 109, 143->141, 151, 163->165, 170, 217
hippique_orchestrator/scrapers/geny.py                          61      1     14      2    96%   87, 95->98
hippique_orchestrator/scrapers/zeturf.py                        26      0      6      0   100%
hippique_orchestrator/scripts/__init__.py                        0      0      0      0   100%
hippique_orchestrator/scripts/backup_restore.py                202     10     48     10    92%   59, 67, 71, 170->173, 174->177, 178->121, 301-304, 313-314, 325, 343
hippique_orchestrator/scripts/concat_je_month.py               108      4     48      6    94%   70->69, 73->76, 77->76, 87-88, 108->110, 204, 208
hippique_orchestrator/scripts/cron_decider.py                   66      1     20      1    98%   133
hippique_orchestrator/scripts/drive_sync.py                      8      8      2      0     0%   7-20
hippique_orchestrator/scripts/enrich_requirements.py            49     49     20      0     0%   4-100
hippique_orchestrator/scripts/fetch_je_chrono.py                84     84     22      0     0%   3-189
hippique_orchestrator/scripts/fetch_je_stats.py                248    248     62      0     0%   3-404
hippique_orchestrator/scripts/gcs_utils.py                      14     14      8      0     0%   3-23
hippique_orchestrator/scripts/guardrails.py                     39      0     14      0   100%
hippique_orchestrator/scripts/lint_sources.py                   94     94     32      0     0%   3-190
hippique_orchestrator/scripts/merge_all_data.py                 21     21      2      0     0%   1-42
hippique_orchestrator/scripts/monitor_roi.py                   204     21     44      8    88%   43-44, 59, 67, 83, 305-308, 317-318, 329, 333-341, 347
hippique_orchestrator/scripts/online_fetch_zeturf.py          1048    373    576    111    60%   53-62, 83, 95-96, 100, 110, 116-117, 121->124, 158, 172-175, 177->167, 191, 225-236, 246, 265-277, 281->279, 286-287, 288->283, 291, 317, 337->339, 340, 342, 349-352, 360-361, 365, 377, 379, 396->399, 402->405, 419->421, 421->424, 424->393, 444, 470-471, 475, 477, 481, 486, 499, 507, 516, 547->556, 552->556, 557-563, 580-581, 599->605, 611-624, 637-683, 705, 708, 712-719, 723-726, 743, 746, 776-804, 812-820, 830, 839, 862->858, 874, 877-883, 927->930, 945->950, 948->950, 951, 987->983, 1013-1020, 1025-1029, 1042->1049, 1044->1043, 1046->1043, 1049->1086, 1054-1058, 1061-1066, 1071-1072, 1074->1068, 1096-1100, 1103-1107, 1110-1114, 1116->1132, 1123->1130, 1133-1138, 1141, 1168, 1170-1173, 1185, 1187, 1194-1197, 1211-1234, 1243, 1248-1249, 1255, 1264->1260, 1270-1271, 1275-1277, 1280, 1286->1288, 1288->1290, 1291, 1303, 1309, 1333->1301, 1337-1372, 1383-1385, 1391->1418, 1396, 1404, 1416, 1419-1421, 1428, 1431, 1434, 1450, 1457->1461, 1459->1458, 1504->1506, 1506->1508, 1554->1557, 1566->1591, 1610-1613, 1618, 1621-1622, 1630, 1637-1638, 1645-1646, 1649->1658, 1656, 1694-1853, 1858, 1862
hippique_orchestrator/scripts/p_finale_export.py                80     30     30     10    56%   15-17, 28-38, 44, 49-50, 69-70, 80->87, 81->80, 84->80, 88-89, 97-100, 103-104, 110, 123-125
hippique_orchestrator/scripts/resolve_course_id.py             141     52     64     13    59%   41, 44, 47-48, 52, 60, 82->88, 84->88, 89-94, 106, 120-170, 178, 182, 204->209, 206->209, 210-213, 226-256
hippique_orchestrator/scripts/restore_from_drive.py             33     33     12      0     0%   3-56
hippique_orchestrator/scripts/simulate_ev.py                   221     57     98     13    72%   64, 76-77, 88-89, 102-103, 112-113, 122-123, 143, 162, 182, 186->188, 195, 225, 268-284, 297-326, 332->340, 336, 340->353, 348-349, 353->360, 357, 360->exit, 364
hippique_orchestrator/scripts/simulate_wrapper.py              468    128    238     52    67%   45-46, 105-107, 118, 126->129, 127->126, 149-155, 162-171, 184-189, 195-200, 229, 235, 246, 259, 266, 269-271, 282, 286-288, 290, 295-296, 311, 313->308, 329-332, 344, 352->354, 366->342, 380, 398, 400, 404, 422, 474, 477, 481-500, 504->508, 505->504, 537-538, 544, 546, 552, 558, 561, 564, 574, 577, 613-618, 633, 645-646, 666-672, 685, 694, 699-706, 743-747, 750-751, 758-759, 761-764, 789, 793-795, 798-799, 814-820
hippique_orchestrator/scripts/snapshot_enricher.py              16     16      2      0     0%   1-31
hippique_orchestrator/scripts/update_excel_planning.py         424     40    226     46    86%   46, 50, 84, 96->94, 110-111, 122, 125, 130-131, 148-154, 157->159, 166->163, 186, 195, 197, 203, 233->235, 237->239, 253->261, 258-259, 267->269, 271->262, 339, 343, 357, 378, 391, 396->395, 412, 415, 418, 423, 429, 437, 448, 462, 479->481, 481->483, 484->486, 491, 493->446, 551, 555, 558, 581, 610->609, 616, 682
hippique_orchestrator/scripts/update_excel_with_results.py     183     29     66     16    82%   120, 127, 156, 191, 195, 204, 247, 253->255, 287, 293, 309, 315-319, 322, 338, 352->358, 386->390, 395-426
hippique_orchestrator/service.py                               204     23     36      1    88%   35-37, 136->139, 241-242, 357, 381-422
hippique_orchestrator/simulate_ev.py                           221     58     98     19    71%   19-20, 22, 34-35, 37, 41, 64, 76-77, 88-89, 102-103, 112-113, 122-123, 143, 162, 182, 186->188, 190-191, 198, 270, 272, 281, 297-326, 332->340, 336, 340->353, 348-349, 353->360, 357, 360->exit, 364
hippique_orchestrator/simulate_wrapper.py                      475     79    236     48    79%   109, 121, 129->132, 130->129, 154-158, 166, 172, 189, 191, 200, 202, 249, 262, 269, 285, 314, 316->311, 334-337, 339, 346->374, 349, 352->359, 357->359, 371->347, 385, 389, 403, 405, 409, 427, 447, 460-461, 483-502, 506->510, 507->506, 547, 578, 606-611, 626, 638-639, 659-665, 687, 691, 694, 697-699, 759-763, 788, 806, 809, 815->814, 831-837
hippique_orchestrator/snapshot_manager.py                       28      0      6      0   100%
hippique_orchestrator/stats_fetcher.py                          79      0     20      1    99%   78->90
hippique_orchestrator/stats_provider.py                        299     20    102     16    91%   153, 159, 166-167, 178, 190, 214-215, 239->235, 248-251, 254-256, 288-289, 312->310, 317->310, 328, 331->324, 389->387, 394-395, 401->387, 453->451, 458-459, 465->451
hippique_orchestrator/tickets_store.py                          67      0      6      1    99%   137->131
hippique_orchestrator/time_utils.py                             14      4      2      1    69%   15, 22, 35, 44
hippique_orchestrator/validator_ev.py                          319     32    142     13    88%   29, 39-41, 54-55, 384->388, 387, 404-405, 415-421, 430->439, 433, 448, 469, 479, 483, 516, 563-564, 580-587
hippique_orchestrator/zoneturf_client.py                       252     11    116     13    93%   48-49, 59, 111->124, 127->161, 134->157, 148->154, 174, 182-183, 205-207, 246->270, 251->256, 258->263, 265->270, 288, 324
--------------------------------------------------------------------------------------------------------
TOTAL                                                         8373   1652   3264    480    77%
Coverage HTML written to dir htmlcov
Coverage XML written to file coverage.xml
============================ 1112 passed in 53.48s =============================
