<?xml version="1.0" encoding="utf-8"?><testsuites><testsuite name="pytest" errors="0" failures="0" skipped="0" tests="716" time="58.517" timestamp="2026-01-01T19:36:44.432085" hostname="cs-122516888-default"><testcase classname="tests.scripts.test_online_fetch_zeturf" name="test_fallback_parse_html_extracts_data" time="0.308" /><testcase classname="tests.scripts.test_online_fetch_zeturf" name="test_normalise_rc_tag[R1-C1-R1C1]" time="0.005" /><testcase classname="tests.scripts.test_online_fetch_zeturf" name="test_normalise_rc_tag[1-2-R1C2]" time="0.009" /><testcase classname="tests.scripts.test_online_fetch_zeturf" name="test_normalise_rc_tag[R4C5-None-R4C5]" time="0.007" /><testcase classname="tests.scripts.test_online_fetch_zeturf" name="test_normalise_rc_tag_raises_error" time="0.011" /><testcase classname="tests.scripts.test_online_fetch_zeturf" name="test_coerce_runner_entry" time="0.009" /><testcase classname="tests.scripts.test_online_fetch_zeturf" name="test_build_snapshot_payload" time="0.007" /><testcase classname="tests.scripts.test_online_fetch_zeturf" name="test_fetch_race_snapshot_cli" time="0.013" /><testcase classname="tests.scripts.test_online_fetch_zeturf_extended" name="test_fallback_parse_html_no_runners_table" time="0.208" /><testcase classname="tests.scripts.test_online_fetch_zeturf_extended" name="test_fallback_parse_html_runner_missing_data" time="0.275" /><testcase classname="tests.scripts.test_online_fetch_zeturf_extended" name="test_coerce_runner_entry_variations[raw0-expected0]" time="0.004" /><testcase classname="tests.scripts.test_online_fetch_zeturf_extended" name="test_coerce_runner_entry_variations[raw1-expected1]" time="0.005" /><testcase classname="tests.scripts.test_online_fetch_zeturf_extended" name="test_coerce_runner_entry_variations[raw2-expected2]" time="0.005" /><testcase classname="tests.scripts.test_online_fetch_zeturf_extended" name="test_coerce_runner_entry_variations[raw3-expected3]" time="0.006" /><testcase classname="tests.scripts.test_online_fetch_zeturf_extended" name="test_coerce_runner_entry_variations[raw4-expected4]" time="0.009" /><testcase classname="tests.scripts.test_online_fetch_zeturf_extended" name="test_coerce_runner_entry_variations[raw5-expected5]" time="0.005" /><testcase classname="tests.scripts.test_online_fetch_zeturf_extended" name="test_coerce_runner_entry_variations[raw6-expected6]" time="0.004" /><testcase classname="tests.scripts.test_online_fetch_zeturf_extended" name="test_coerce_runner_entry_variations[raw7-expected7]" time="0.004" /><testcase classname="tests.scripts.test_online_fetch_zeturf_extended" name="test_coerce_runner_entry_variations[raw8-None]" time="0.004" /><testcase classname="tests.scripts.test_online_fetch_zeturf_extended" name="test_coerce_runner_entry_variations[raw9-expected9]" time="0.005" /><testcase classname="tests.scripts.test_online_fetch_zeturf_parsing" name="test_double_extract_parses_real_html_fixture" time="0.281" /><testcase classname="tests.scripts.test_online_fetch_zeturf_parsing" name="test_fallback_parse_no_runners_table_finds_no_runners" time="0.638" /><testcase classname="tests.scripts.test_online_fetch_zeturf_parsing" name="test_fallback_parse_no_script_finds_no_odds" time="0.806" /><testcase classname="tests.scripts.test_online_fetch_zeturf_parsing" name="test_fallback_parse_no_data_finds_nothing" time="0.434" /><testcase classname="tests.test_analysis_drift" name="test_drift_is_detected_and_applied" time="0.038" /><testcase classname="tests.test_analysis_drift" name="test_pipeline_raises_if_doc_id_missing" time="0.009" /><testcase classname="tests.test_analysis_drift" name="test_pipeline_abstains_if_snapshot_is_empty" time="0.007" /><testcase classname="tests.test_analysis_drift" name="test_pipeline_handles_generic_exception" time="0.014" /><testcase classname="tests.test_analysis_pipeline_extended" name="test_find_and_load_h30_snapshot_no_snapshots_found" time="0.010" /><testcase classname="tests.test_analysis_pipeline_extended" name="test_find_and_load_h30_snapshot_no_h30_snapshots_found" time="0.010" /><testcase classname="tests.test_analysis_pipeline_extended" name="test_find_and_load_h30_snapshot_list_files_exception" time="0.010" /><testcase classname="tests.test_analysis_pipeline_extended" name="test_find_and_load_h30_snapshot_read_file_exception" time="0.011" /><testcase classname="tests.test_analysis_pipeline_extended" name="test_run_analysis_for_phase_abstains_on_empty_snapshot_from_data_source" time="0.015" /><testcase classname="tests.test_analysis_pipeline_extended" name="test_run_analysis_for_phase_abstains_on_snapshot_with_no_runners" time="0.012" /><testcase classname="tests.test_analysis_utils" name="test_normalise_text[None-]" time="0.010" /><testcase classname="tests.test_analysis_utils" name="test_normalise_text[  \xc9curie Sp\xe9ciale  -ecurie speciale]" time="0.007" /><testcase classname="tests.test_analysis_utils" name="test_normalise_text[  -]" time="0.008" /><testcase classname="tests.test_analysis_utils" name="test_normalise_text[TROT-trot]" time="0.004" /><testcase classname="tests.test_analysis_utils" name="test_normalise_text[handicap-handicap]" time="0.004" /><testcase classname="tests.test_analysis_utils" name="test_coerce_partants[14-14]" time="0.004" /><testcase classname="tests.test_analysis_utils" name="test_coerce_partants[14.0-14]" time="0.004" /><testcase classname="tests.test_analysis_utils" name="test_coerce_partants[14 partants-14]" time="0.004" /><testcase classname="tests.test_analysis_utils" name="test_coerce_partants[environ 14-14]" time="0.005" /><testcase classname="tests.test_analysis_utils" name="test_coerce_partants[None-None]" time="0.005" /><testcase classname="tests.test_analysis_utils" name="test_coerce_partants[True-None]" time="0.007" /><testcase classname="tests.test_analysis_utils" name="test_coerce_partants[N/A-None]" time="0.005" /><testcase classname="tests.test_analysis_utils" name="test_coerce_partants[-5-None]" time="0.005" /><testcase classname="tests.test_analysis_utils" name="test_compute_overround_cap_default" time="0.005" /><testcase classname="tests.test_analysis_utils" name="test_compute_overround_cap_flat_handicap_large_field" time="0.006" /><testcase classname="tests.test_analysis_utils" name="test_compute_overround_cap_flat_large_field_from_label" time="0.005" /><testcase classname="tests.test_analysis_utils" name="test_compute_overround_cap_small_field_uses_default" time="0.006" /><testcase classname="tests.test_analysis_utils" name="test_compute_overround_cap_updates_context" time="0.007" /><testcase classname="tests.test_analysis_utils_extended" name="test_parse_musique[1p2p(23)3p4hDAI-expected0]" time="0.008" /><testcase classname="tests.test_analysis_utils_extended" name="test_parse_musique[0a9a8a-expected1]" time="0.010" /><testcase classname="tests.test_analysis_utils_extended" name="test_parse_musique[None-expected2]" time="0.006" /><testcase classname="tests.test_analysis_utils_extended" name="test_parse_musique[   -expected3]" time="0.005" /><testcase classname="tests.test_analysis_utils_extended" name="test_calculate_volatility[musique_data0-VOLATIL]" time="0.005" /><testcase classname="tests.test_analysis_utils_extended" name="test_calculate_volatility[musique_data1-VOLATIL]" time="0.005" /><testcase classname="tests.test_analysis_utils_extended" name="test_calculate_volatility[musique_data2-VOLATIL]" time="0.009" /><testcase classname="tests.test_analysis_utils_extended" name="test_calculate_volatility[musique_data3-S\xdbR]" time="0.004" /><testcase classname="tests.test_analysis_utils_extended" name="test_calculate_volatility[musique_data4-VOLATIL]" time="0.004" /><testcase classname="tests.test_analysis_utils_extended" name="test_calculate_volatility[musique_data5-NEUTRE]" time="0.006" /><testcase classname="tests.test_analysis_utils_extended" name="test_convert_odds_to_implied_probabilities[odds_list0-expected_probs0-1.0]" time="0.006" /><testcase classname="tests.test_analysis_utils_extended" name="test_convert_odds_to_implied_probabilities[odds_list1-expected_probs1-0.0]" time="0.005" /><testcase classname="tests.test_analysis_utils_extended" name="test_convert_odds_to_implied_probabilities[odds_list2-expected_probs2-0.25]" time="0.006" /><testcase classname="tests.test_analysis_utils_extended" name="test_convert_odds_to_implied_probabilities[odds_list3-expected_probs3-0.5]" time="0.008" /><testcase classname="tests.test_analysis_utils_extended" name="test_identify_outsider_reparable[runner_data0-True]" time="0.006" /><testcase classname="tests.test_analysis_utils_extended" name="test_identify_outsider_reparable[runner_data1-False]" time="0.005" /><testcase classname="tests.test_analysis_utils_extended" name="test_identify_outsider_reparable[runner_data2-False]" time="0.008" /><testcase classname="tests.test_analysis_utils_extended" name="test_identify_outsider_reparable[runner_data3-False]" time="0.005" /><testcase classname="tests.test_analysis_utils_extended" name="test_identify_outsider_reparable[runner_data4-False]" time="0.006" /><testcase classname="tests.test_analysis_utils_extended" name="test_identify_profil_oublie[runner_data0-True]" time="0.005" /><testcase classname="tests.test_analysis_utils_extended" name="test_identify_profil_oublie[runner_data1-False]" time="0.007" /><testcase classname="tests.test_analysis_utils_extended" name="test_identify_profil_oublie[runner_data2-False]" time="0.008" /><testcase classname="tests.test_analysis_utils_extended" name="test_identify_profil_oublie[runner_data3-False]" time="0.006" /><testcase classname="tests.test_analysis_utils_extended" name="test_identify_profil_oublie[runner_data4-False]" time="0.005" /><testcase classname="tests.test_analysis_utils_extended" name="test_score_musique_form[musique_data0-expected_score0]" time="0.004" /><testcase classname="tests.test_analysis_utils_extended" name="test_score_musique_form[musique_data1-expected_score1]" time="0.004" /><testcase classname="tests.test_analysis_utils_extended" name="test_score_musique_form[musique_data2-0.0]" time="0.004" /><testcase classname="tests.test_api_endpoints" name="test_health_check_endpoint" time="0.076" /><testcase classname="tests.test_api_endpoints" name="test_pronostics_ui_endpoint" time="0.060" /><testcase classname="tests.test_api_endpoints" name="test_root_redirect" time="0.022" /><testcase classname="tests.test_api_endpoints" name="test_api_pronostics_date_validation" time="0.064" /><testcase classname="tests.test_api_endpoints" name="test_api_pronostics_default_date_is_today" time="0.908" /><testcase classname="tests.test_api_endpoints" name="test_api_pronostics_empty_response" time="0.286" /><testcase classname="tests.test_api_endpoints" name="test_api_pronostics_etag_304_not_modified" time="0.473" /><testcase classname="tests.test_api_endpoints" name="test_api_pronostics_rich_response_structure" time="0.024" /><testcase classname="tests.test_api_security" name="test_api_key_required_and_missing" time="0.044" /><testcase classname="tests.test_api_security" name="test_ops_run_endpoint_security" time="0.035" /><testcase classname="tests.test_api_security" name="test_api_key_not_required" time="0.017" /><testcase classname="tests.test_api_security" name="test_task_worker_endpoint_security" time="0.015" /><testcase classname="tests.test_api_security" name="test_task_worker_valid_token" time="0.032" /><testcase classname="tests.test_api_security" name="test_task_worker_google_auth_fails" time="0.029" /><testcase classname="tests.test_api_security" name="test_task_worker_invalid_token_scheme" time="0.025" /><testcase classname="tests.test_api_security" name="test_snapshot_9h_endpoint_security" time="0.016" /><testcase classname="tests.test_api_security" name="test_bootstrap_day_endpoint_security" time="0.028" /><testcase classname="tests.test_api_tasks" name="test_snapshot_9h_task_success" time="0.042" /><testcase classname="tests.test_api_tasks" name="test_snapshot_9h_task_with_specific_date_and_urls" time="0.029" /><testcase classname="tests.test_api_tasks" name="test_run_phase_task_success" time="0.039" /><testcase classname="tests.test_api_tasks" name="test_run_phase_task_run_course_fails" time="0.094" /><testcase classname="tests.test_api_tasks" name="test_run_phase_task_exception_handling" time="0.030" /><testcase classname="tests.test_api_tasks" name="test_bootstrap_day_task_success" time="0.054" /><testcase classname="tests.test_api_tasks" name="test_bootstrap_day_task_empty_plan" time="0.024" /><testcase classname="tests.test_dutching_allocation" name="test_equal_profit_stakes_sum" time="0.005" /><testcase classname="tests.test_dutching_utils" name="test_equal_profit_stakes_valid_input" time="0.012" /><testcase classname="tests.test_dutching_utils" name="test_equal_profit_stakes_empty_odds_list" time="0.008" /><testcase classname="tests.test_dutching_utils" name="test_equal_profit_stakes_invalid_odds_list[odds_list0]" time="0.012" /><testcase classname="tests.test_dutching_utils" name="test_equal_profit_stakes_invalid_odds_list[odds_list1]" time="0.004" /><testcase classname="tests.test_dutching_utils" name="test_equal_profit_stakes_invalid_odds_list[odds_list2]" time="0.004" /><testcase classname="tests.test_dutching_utils" name="test_equal_profit_stakes_invalid_odds_list[odds_list3]" time="0.005" /><testcase classname="tests.test_dutching_utils" name="test_diversify_guard_no_correlation" time="0.004" /><testcase classname="tests.test_dutching_utils" name="test_diversify_guard_correlated_same_stable_driver_within_threshold" time="0.004" /><testcase classname="tests.test_dutching_utils" name="test_diversify_guard_correlated_same_stable_driver_outside_threshold" time="0.004" /><testcase classname="tests.test_dutching_utils" name="test_diversify_guard_different_stable_same_driver" time="0.004" /><testcase classname="tests.test_dutching_utils" name="test_diversify_guard_same_stable_different_driver" time="0.005" /><testcase classname="tests.test_dutching_utils" name="test_diversify_guard_missing_ecurie_or_driver_lenient" time="0.007" /><testcase classname="tests.test_dutching_utils" name="test_diversify_guard_missing_chrono_lenient" time="0.005" /><testcase classname="tests.test_dutching_utils" name="test_diversify_guard_empty_list" time="0.005" /><testcase classname="tests.test_dutching_utils" name="test_diversify_guard_single_horse" time="0.005" /><testcase classname="tests.test_dutching_utils" name="test_require_mid_odds_found" time="0.010" /><testcase classname="tests.test_dutching_utils" name="test_require_mid_odds_not_found_all_low" time="0.007" /><testcase classname="tests.test_dutching_utils" name="test_require_mid_odds_not_found_all_high" time="0.003" /><testcase classname="tests.test_dutching_utils" name="test_require_mid_odds_empty_list" time="0.004" /><testcase classname="tests.test_dutching_utils" name="test_require_mid_odds_missing_odds" time="0.004" /><testcase classname="tests.test_dutching_utils" name="test_require_mid_odds_non_numeric_odds_ignored" time="0.005" /><testcase classname="tests.test_env_utils" name="test_get_env_missing_warns" time="0.007" /><testcase classname="tests.test_env_utils" name="test_get_env_required_missing_logs_critical" time="0.005" /><testcase classname="tests.test_env_utils" name="test_get_env_required_missing_in_prod_exits" time="0.006" /><testcase classname="tests.test_env_utils" name="test_get_env_alias_support" time="0.006" /><testcase classname="tests.test_env_utils" name="test_get_env_casting_error_returns_default" time="0.023" /><testcase classname="tests.test_env_utils" name="test_get_env_value_equals_default_no_override_log" time="0.008" /><testcase classname="tests.test_ev_calculator" name="test_make_hashable_hashable_types" time="0.005" /><testcase classname="tests.test_ev_calculator" name="test_make_hashable_list" time="0.004" /><testcase classname="tests.test_ev_calculator" name="test_make_hashable_dict" time="0.004" /><testcase classname="tests.test_ev_calculator" name="test_make_hashable_nested_structures" time="0.005" /><testcase classname="tests.test_ev_calculator" name="test_make_hashable_unhashable_fallback" time="0.006" /><testcase classname="tests.test_ev_calculator" name="test_kelly_fraction_valid_inputs" time="0.006" /><testcase classname="tests.test_ev_calculator" name="test_kelly_fraction_probability_out_of_range" time="0.014" /><testcase classname="tests.test_ev_calculator" name="test_kelly_fraction_odds_out_of_range" time="0.008" /><testcase classname="tests.test_ev_calculator" name="test_apply_dutching_single_group" time="0.005" /><testcase classname="tests.test_ev_calculator" name="test_apply_dutching_multiple_groups" time="0.008" /><testcase classname="tests.test_ev_calculator" name="test_apply_dutching_no_dutching_groups" time="0.008" /><testcase classname="tests.test_ev_calculator" name="test_apply_dutching_mixed_groups" time="0.008" /><testcase classname="tests.test_ev_calculator" name="test_apply_dutching_invalid_odds_in_group" time="0.005" /><testcase classname="tests.test_ev_calculator" name="test_apply_dutching_single_valid_ticket_in_group" time="0.012" /><testcase classname="tests.test_ev_calculator" name="test_apply_dutching_group_too_small" time="0.008" /><testcase classname="tests.test_ev_calculator" name="test_ticket_label_with_id" time="0.005" /><testcase classname="tests.test_ev_calculator" name="test_ticket_label_with_name" time="0.008" /><testcase classname="tests.test_ev_calculator" name="test_ticket_label_with_label" time="0.004" /><testcase classname="tests.test_ev_calculator" name="test_ticket_label_with_selection" time="0.003" /><testcase classname="tests.test_ev_calculator" name="test_ticket_label_with_runner" time="0.003" /><testcase classname="tests.test_ev_calculator" name="test_ticket_label_no_label_keys_falls_back_to_index" time="0.003" /><testcase classname="tests.test_ev_calculator" name="test_ticket_label_empty_string_values_falls_back_to_index" time="0.003" /><testcase classname="tests.test_ev_calculator" name="test_clone_leg_dict" time="0.005" /><testcase classname="tests.test_ev_calculator" name="test_clone_leg_list_of_dicts" time="0.005" /><testcase classname="tests.test_ev_calculator" name="test_clone_leg_primitive_type" time="0.005" /><testcase classname="tests.test_ev_calculator" name="test_prepare_legs_for_covariance_with_legs_for_probability" time="0.005" /><testcase classname="tests.test_ev_calculator" name="test_prepare_legs_for_covariance_with_legs_details" time="0.010" /><testcase classname="tests.test_ev_calculator" name="test_prepare_legs_for_covariance_with_legs" time="0.006" /><testcase classname="tests.test_ev_calculator" name="test_prepare_legs_for_covariance_with_id_only" time="0.006" /><testcase classname="tests.test_ev_calculator" name="test_prepare_legs_for_covariance_no_identifiable_legs" time="0.005" /><testcase classname="tests.test_ev_calculator" name="test_ticket_dependency_keys_with_ticket_id" time="0.004" /><testcase classname="tests.test_ev_calculator" name="test_ticket_dependency_keys_with_selection_id" time="0.005" /><testcase classname="tests.test_ev_calculator" name="test_ticket_dependency_keys_with_leg_id_in_legs" time="0.005" /><testcase classname="tests.test_ev_calculator" name="test_ticket_dependency_keys_with_mixed_dependencies" time="0.005" /><testcase classname="tests.test_ev_calculator" name="test_ticket_dependency_keys_empty" time="0.010" /><testcase classname="tests.test_ev_calculator" name="test_prepare_ticket_dependencies" time="0.005" /><testcase classname="tests.test_ev_calculator" name="test_rho_for_shared_exposures_id_dependency" time="0.004" /><testcase classname="tests.test_ev_calculator" name="test_rho_for_shared_exposures_leg_dependency" time="0.004" /><testcase classname="tests.test_ev_calculator" name="test_rho_for_shared_exposures_no_specific_dependency" time="0.003" /><testcase classname="tests.test_ev_calculator" name="test_rho_for_shared_exposures_empty" time="0.005" /><testcase classname="tests.test_ev_calculator" name="test_approx_joint_probability_independent" time="0.005" /><testcase classname="tests.test_ev_calculator" name="test_approx_joint_probability_positive_correlation" time="0.005" /><testcase classname="tests.test_ev_calculator" name="test_approx_joint_probability_negative_correlation" time="0.005" /><testcase classname="tests.test_ev_calculator" name="test_approx_joint_probability_rho_clipping" time="0.005" /><testcase classname="tests.test_ev_calculator" name="test_approx_joint_probability_lower_bound" time="0.008" /><testcase classname="tests.test_ev_calculator" name="test_merge_legs_no_duplicates" time="0.005" /><testcase classname="tests.test_ev_calculator" name="test_merge_legs_with_duplicates" time="0.012" /><testcase classname="tests.test_ev_calculator" name="test_merge_legs_with_dict_duplicates" time="0.004" /><testcase classname="tests.test_ev_calculator" name="test_merge_legs_empty_inputs" time="0.004" /><testcase classname="tests.test_ev_calculator" name="test_simulate_joint_probability_no_simulate_fn" time="0.003" /><testcase classname="tests.test_ev_calculator" name="test_simulate_joint_probability_no_legs" time="0.004" /><testcase classname="tests.test_ev_calculator" name="test_simulate_joint_probability_with_simulate_fn_no_cache" time="0.004" /><testcase classname="tests.test_ev_calculator" name="test_simulate_joint_probability_with_simulate_fn_and_cache_miss" time="0.006" /><testcase classname="tests.test_ev_calculator" name="test_simulate_joint_probability_with_simulate_fn_and_cache_hit" time="0.007" /><testcase classname="tests.test_ev_calculator" name="test_estimate_joint_probability_with_simulate_fn_and_cache" time="0.008" /><testcase classname="tests.test_ev_calculator" name="test_estimate_joint_probability_with_simulate_fn_no_cache" time="0.010" /><testcase classname="tests.test_ev_calculator" name="test_estimate_joint_probability_no_simulate_fn_uses_approx" time="0.005" /><testcase classname="tests.test_ev_calculator" name="test_estimate_joint_probability_with_copula_monte_carlo" time="0.013" /><testcase classname="tests.test_ev_calculator" name="test_covariance_from_joint_positive" time="0.005" /><testcase classname="tests.test_ev_calculator" name="test_covariance_from_joint_negative" time="0.005" /><testcase classname="tests.test_ev_calculator" name="test_covariance_from_joint_zero_probability" time="0.004" /><testcase classname="tests.test_ev_calculator" name="test_compute_joint_moments_no_tickets" time="0.004" /><testcase classname="tests.test_ev_calculator" name="test_compute_joint_moments_fewer_than_min_tickets" time="0.005" /><testcase classname="tests.test_ev_calculator" name="test_compute_joint_moments_no_shared_exposures" time="0.003" /><testcase classname="tests.test_ev_calculator" name="test_compute_joint_moments_with_shared_exposures_positive_covariance" time="0.005" /><testcase classname="tests.test_ev_calculator" name="test_compute_joint_moments_with_shared_exposures_negative_covariance" time="0.005" /><testcase classname="tests.test_ev_calculator" name="test_compute_joint_moments_covariance_below_threshold" time="0.004" /><testcase classname="tests.test_ev_calculator" name="test_risk_of_ruin[0.1-0.01-100-None-0.0]" time="0.006" /><testcase classname="tests.test_ev_calculator" name="test_risk_of_ruin[0.0-0.01-100-None-1.0]" time="0.006" /><testcase classname="tests.test_ev_calculator" name="test_risk_of_ruin[0.1-0.0-100-None-0.0]" time="0.010" /><testcase classname="tests.test_ev_calculator" name="test_risk_of_ruin[0.1-0.01-100-0.02-0.0]" time="0.006" /><testcase classname="tests.test_ev_calculator" name="test_risk_of_ruin[0.1-0.01-100-0.005-0.0]" time="0.006" /><testcase classname="tests.test_ev_calculator" name="test_risk_of_ruin[0.01-0.01-1-None-0.1353352832366127]" time="0.006" /><testcase classname="tests.test_ev_calculator" name="test_risk_of_ruin_invalid_bankroll" time="0.006" /><testcase classname="tests.test_ev_calculator" name="test_risk_of_ruin_respects_baseline_variance" time="0.005" /><testcase classname="tests.test_ev_calculator" name="test_optimize_stake_allocation_with_scipy" time="0.007" /><testcase classname="tests.test_ev_calculator" name="test_optimize_stake_allocation_without_scipy_fallback_to_grid_search" time="0.007" /><testcase classname="tests.test_ev_calculator" name="test_optimize_stake_allocation_empty_tickets" time="0.007" /><testcase classname="tests.test_ev_calculator" name="test_process_single_ticket_p_provided" time="0.009" /><testcase classname="tests.test_ev_calculator" name="test_process_single_ticket_legs_provided_simulated_p" time="0.010" /><testcase classname="tests.test_ev_calculator" name="test_process_single_ticket_legs_provided_simulated_p_cached" time="0.009" /><testcase classname="tests.test_ev_calculator" name="test_process_single_ticket_no_p_or_legs_raises_value_error" time="0.008" /><testcase classname="tests.test_ev_calculator" name="test_process_single_ticket_invalid_p_raises_value_error" time="0.004" /><testcase classname="tests.test_ev_calculator" name="test_process_single_ticket_invalid_odds_raises_value_error" time="0.004" /><testcase classname="tests.test_ev_calculator" name="test_process_single_ticket_stake_capping_and_rounding" time="0.009" /><testcase classname="tests.test_ev_calculator" name="test_process_tickets_basic_functionality" time="0.007" /><testcase classname="tests.test_ev_calculator" name="test_calculate_ticket_metrics_single_ticket" time="0.011" /><testcase classname="tests.test_ev_calculator" name="test_calculate_ticket_metrics_with_combined_ticket" time="0.005" /><testcase classname="tests.test_ev_calculator" name="test_calculate_final_metrics_green_flag" time="0.007" /><testcase classname="tests.test_ev_calculator" name="test_calculate_final_metrics_red_flag_ev_ratio" time="0.004" /><testcase classname="tests.test_ev_calculator" name="test_calculate_final_metrics_red_flag_ror" time="0.004" /><testcase classname="tests.test_ev_calculator" name="test_compute_ev_roi_basic_functionality" time="0.007" /><testcase classname="tests.test_ev_calculator" name="test_compute_ev_roi_invalid_budget" time="0.005" /><testcase classname="tests.test_ev_calculator" name="test_compute_ev_roi_invalid_variance_cap_config" time="0.008" /><testcase classname="tests.test_ev_calculator" name="test_compute_ev_roi_with_optimize_true" time="0.011" /><testcase classname="tests.test_ev_calculator" name="test_compute_ev_roi_variance_capping" time="0.011" /><testcase classname="tests.test_ev_thresholds" name="test_ev_sp_below_default_threshold" time="0.011" /><testcase classname="tests.test_ev_thresholds" name="test_ev_global_below_default_threshold" time="0.007" /><testcase classname="tests.test_ev_thresholds" name="test_validate_policy_roi_below_threshold" time="0.005" /><testcase classname="tests.test_ev_thresholds" name="test_validate_policy_raises_on_low_roi_message" time="0.008" /><testcase classname="tests.test_evaluate_combo" name="test_default_config_path_missing" time="0.010" /><testcase classname="tests.test_evaluate_combo" name="test_env_path_missing" time="0.009" /><testcase classname="tests.test_evaluate_combo" name="test_env_path_present" time="0.014" /><testcase classname="tests.test_evaluate_combo" name="test_gates_when_calibration_missing" time="0.009" /><testcase classname="tests.test_evaluate_combo" name="test_override_missing_calibration" time="0.024" /><testcase classname="tests.test_evaluate_combo" name="test_with_calibration" time="0.025" /><testcase classname="tests.test_evaluate_combo" name="test_marks_unreliable_probabilities" time="0.038" /><testcase classname="tests.test_fetch_je_stats" name="test_normalise_text[  Test String  -teststring]" time="0.011" /><testcase classname="tests.test_fetch_je_stats" name="test_normalise_text[\xc9curie Sp\xe9ciale-ecuriespeciale]" time="0.022" /><testcase classname="tests.test_fetch_je_stats" name="test_normalise_text[J. VANMEERBECK-jvanmeerbeck]" time="0.015" /><testcase classname="tests.test_fetch_je_stats" name="test_parse_percentage[R\xe9ussite jockey/cheval : 15%-15.0]" time="0.022" /><testcase classname="tests.test_fetch_je_stats" name="test_parse_percentage[Ratio: 3 / 10-30.0]" time="0.011" /><testcase classname="tests.test_fetch_je_stats" name="test_parse_percentage[Victoires : 5-5.0]" time="0.005" /><testcase classname="tests.test_fetch_je_stats" name="test_parse_percentage[Taux de r\xe9ussite : 0.25-25.0]" time="0.013" /><testcase classname="tests.test_fetch_je_stats" name="test_parse_percentage[Just a number 42.5 here-42.5]" time="0.006" /><testcase classname="tests.test_fetch_je_stats" name="test_parse_percentage[No number here-None]" time="0.006" /><testcase classname="tests.test_fetch_je_stats" name="test_parse_percentage[-None]" time="0.008" /><testcase classname="tests.test_fetch_je_stats" name="test_parse_percentage[Victoires=10-10.0]" time="0.007" /><testcase classname="tests.test_fetch_je_stats" name="test_parse_percentage[12,5%-12.5]" time="0.005" /><testcase classname="tests.test_fetch_je_stats" name="test_extract_links_from_horse_page" time="0.048" /><testcase classname="tests.test_fetch_je_stats" name="test_extract_rate_from_profile" time="0.013" /><testcase classname="tests.test_fetch_je_stats" name="test_discover_horse_url_by_name" time="0.011" /><testcase classname="tests.test_fetch_je_stats" name="test_discover_horse_url_by_name_http_error" time="0.013" /><testcase classname="tests.test_fetch_je_stats" name="test_parse_horse_percentages_success" time="0.023" /><testcase classname="tests.test_fetch_je_stats" name="test_parse_horse_percentages_handles_failures" time="0.013" /><testcase classname="tests.test_fetch_je_stats" name="test_collect_stats_integration" time="0.031" /><testcase classname="tests.test_firestore_client" name="test_update_race_document_success" time="0.011" /><testcase classname="tests.test_firestore_client" name="test_update_race_document_handles_exception" time="0.043" /><testcase classname="tests.test_firestore_client" name="test_update_race_document_skips_if_db_not_available" time="0.005" /><testcase classname="tests.test_firestore_client" name="test_get_races_for_date_success" time="0.014" /><testcase classname="tests.test_firestore_client" name="test_get_races_for_date_empty" time="0.012" /><testcase classname="tests.test_firestore_client" name="test_get_races_for_date_handles_exception" time="0.016" /><testcase classname="tests.test_firestore_client" name="test_get_races_for_date_skips_if_db_not_available" time="0.011" /><testcase classname="tests.test_firestore_client" name="test_get_doc_id_from_url[https://www.zeturf.fr/fr/course/2025-12-25/R1C2-test-pmu-2025-12-25-2025-12-25_R1C2]" time="0.007" /><testcase classname="tests.test_firestore_client" name="test_get_doc_id_from_url[https://turf.fr/R5C3/details-2025-12-25-2025-12-25_R5C3]" time="0.006" /><testcase classname="tests.test_firestore_client" name="test_get_doc_id_from_url[R3C8-2025-12-25-2025-12-25_R3C8]" time="0.007" /><testcase classname="tests.test_firestore_client" name="test_get_doc_id_from_url[some-string-r4c1-other-2025-12-25-2025-12-25_R4C1]" time="0.009" /><testcase classname="tests.test_firestore_client" name="test_get_doc_id_from_url[invalid-url-2025-12-25-None]" time="0.009" /><testcase classname="tests.test_firestore_client" name="test_get_doc_id_from_url[-2025-12-25-None]" time="0.007" /><testcase classname="tests.test_firestore_client" name="test_get_processing_status_for_date_success" time="0.011" /><testcase classname="tests.test_firestore_client" name="test_get_processing_status_for_date_db_not_available" time="0.004" /><testcase classname="tests.test_firestore_client" name="test_get_processing_status_for_date_empty_daily_plan" time="0.010" /><testcase classname="tests.test_firestore_client" name="test_get_processing_status_for_date_explicit_empty_plan_reason" time="0.025" /><testcase classname="tests.test_firestore_client" name="test_get_processing_status_for_date_unprocessed_races" time="0.021" /><testcase classname="tests.test_firestore_client" name="test_get_processing_status_for_date_error_decision" time="0.017" /><testcase classname="tests.test_firestore_client" name="test_get_processing_status_for_date_unknown_decision" time="0.013" /><testcase classname="tests.test_gcs_client_extended" name="test_gcs_manager_init" time="0.004" /><testcase classname="tests.test_gcs_client_extended" name="test_gcs_manager_init_no_bucket" time="0.007" /><testcase classname="tests.test_gcs_client_extended" name="test_gcs_manager_lazy_init" time="0.007" /><testcase classname="tests.test_gcs_client_extended" name="test_get_gcs_path" time="0.006" /><testcase classname="tests.test_gcs_client_extended" name="test_file_exists" time="0.010" /><testcase classname="tests.test_gcs_client_extended" name="test_get_gcs_fs" time="0.008" /><testcase classname="tests.test_gcs_client_extended" name="test_get_gcs_manager_no_bucket" time="0.008" /><testcase classname="tests.test_gcs_client_extended" name="test_get_gcs_manager_singleton" time="0.006" /><testcase classname="tests.test_gcs_client_extended" name="test_get_gcs_fs_no_manager" time="0.008" /><testcase classname="tests.test_gcs_client_extended" name="test_build_gcs_path" time="0.009" /><testcase classname="tests.test_gcs_client_extended" name="test_build_gcs_path_no_manager" time="0.006" /><testcase classname="tests.test_gcs_utils" name="test_is_gcs_enabled" time="0.004" /><testcase classname="tests.test_gcs_utils" name="test_is_gcs_disabled" time="0.004" /><testcase classname="tests.test_gcs_utils" name="test_disabled_reason_when_disabled" time="0.004" /><testcase classname="tests.test_gcs_utils" name="test_disabled_reason_when_enabled" time="0.004" /><testcase classname="tests.test_gcs_utils" name="test_get_gcs_client_initialization_success" time="0.009" /><testcase classname="tests.test_gcs_utils" name="test_get_gcs_client_initialization_failure" time="0.029" /><testcase classname="tests.test_gcs_utils" name="test_upload_file_gcs_disabled" time="0.007" /><testcase classname="tests.test_gcs_utils" name="test_upload_file_client_is_none" time="0.006" /><testcase classname="tests.test_gcs_utils" name="test_upload_file_local_file_not_found" time="0.023" /><testcase classname="tests.test_gcs_utils" name="test_upload_file_path_construction[data/snapshots/R1C1/file.json-prod/snapshots/R1C1/file.json]" time="0.010" /><testcase classname="tests.test_gcs_utils" name="test_upload_file_path_construction[snapshots/R1C2/file.json-prod/snapshots/R1C2/file.json]" time="0.014" /><testcase classname="tests.test_gcs_utils" name="test_upload_file_path_construction[analyses/R1C3/file.json-prod/analyses/R1C3/file.json]" time="0.015" /><testcase classname="tests.test_gcs_utils" name="test_upload_file_path_construction[some/other/path/data/analyses/R1/file.json-prod/analyses/R1/file.json]" time="0.018" /><testcase classname="tests.test_gcs_utils" name="test_upload_file_path_construction[unknown/path/file.json-prod/unknown/path/file.json]" time="0.017" /><testcase classname="tests.test_gcs_utils" name="test_upload_file_gcs_api_error" time="0.012" /><testcase classname="tests.test_guardrails" name="test_evaluate_guardrail_uses_multiple_paths" time="0.005" /><testcase classname="tests.test_guardrails" name="test_evaluate_guardrail_detects_low_values" time="0.005" /><testcase classname="tests.test_guardrails" name="test_load_json_raises_on_non_object" time="0.010" /><testcase classname="tests.test_guardrails" name="test_extract_metric_returns_zero_when_missing" time="0.007" /><testcase classname="tests.test_guardrails" name="test_append_env_writes_to_file" time="0.007" /><testcase classname="tests.test_guardrails" name="test_main_success_path" time="0.012" /><testcase classname="tests.test_guardrails" name="test_main_abstention_path_creates_report" time="0.013" /><testcase classname="tests.test_guardrails" name="test_main_file_not_found" time="0.008" /><testcase classname="tests.test_kelly" name="test_kelly_fraction[0.5-3.0-1.0-1.0-0.25]" time="0.006" /><testcase classname="tests.test_kelly" name="test_kelly_fraction[0.2-3.0-1.0-1.0-0.0]" time="0.009" /><testcase classname="tests.test_kelly" name="test_kelly_fraction[0.3333333333333333-3.0-1.0-1.0-0.0]" time="0.004" /><testcase classname="tests.test_kelly" name="test_kelly_fraction[0.5-3.0-0.5-1.0-0.125]" time="0.004" /><testcase classname="tests.test_kelly" name="test_kelly_fraction[0.8-3.0-1.0-0.2-0.2]" time="0.004" /><testcase classname="tests.test_kelly" name="test_kelly_fraction[0.8-3.0-0.5-0.3-0.3]" time="0.005" /><testcase classname="tests.test_kelly" name="test_kelly_fraction[1.5-3.0-1.0-1.0-0.0]" time="0.004" /><testcase classname="tests.test_kelly" name="test_kelly_fraction[0.0-3.0-1.0-1.0-0.0]" time="0.005" /><testcase classname="tests.test_kelly" name="test_kelly_fraction[-0.5-3.0-1.0-1.0-0.0]" time="0.006" /><testcase classname="tests.test_kelly" name="test_kelly_fraction[0.5-1.0-1.0-1.0-0.0]" time="0.012" /><testcase classname="tests.test_kelly" name="test_kelly_fraction[0.5-0.5-1.0-1.0-0.0]" time="0.006" /><testcase classname="tests.test_kelly" name="test_kelly_fraction[0.5-3.0--0.5-1.0-0.25]" time="0.008" /><testcase classname="tests.test_kelly" name="test_kelly_fraction[0.8-3.0-1.0-1.5-0.7]" time="0.007" /><testcase classname="tests.test_kelly" name="test_kelly_stake" time="0.007" /><testcase classname="tests.test_kelly_cap" name="test_kelly_cap_limits_stakes" time="0.006" /><testcase classname="tests.test_kelly_cap" name="test_validate_budget_ok" time="0.004" /><testcase classname="tests.test_kelly_cap" name="test_validate_budget_total_exceeded" time="0.004" /><testcase classname="tests.test_kelly_cap" name="test_validate_budget_horse_cap_exceeded" time="0.004" /><testcase classname="tests.test_logging_io" name="test_csv_header_and_columns" time="0.007" /><testcase classname="tests.test_no_vig_ev" name="test_no_vig_sum_to_one" time="0.004" /><testcase classname="tests.test_no_vig_ev" name="test_ev_drops_when_margin_higher" time="0.004" /><testcase classname="tests.test_online_fetch_start_time" name="test_extract_start_time_from_programme_row[&lt;td class='hour'&gt;14h05&lt;/td&gt;-14:05]" time="0.032" /><testcase classname="tests.test_online_fetch_start_time" name="test_extract_start_time_from_programme_row[&lt;td class='hour'&gt; 9h30 &lt;/td&gt;-09:30]" time="0.023" /><testcase classname="tests.test_online_fetch_start_time" name="test_extract_start_time_from_programme_row[&lt;td class='hour'&gt;21:45&lt;/td&gt;-21:45]" time="0.014" /><testcase classname="tests.test_online_fetch_start_time" name="test_extract_start_time_from_programme_row[&lt;td class='hour'&gt;08:15&lt;/td&gt;-08:15]" time="0.013" /><testcase classname="tests.test_online_fetch_start_time" name="test_extract_start_time_from_programme_row[&lt;td class='hour'&gt;12h00&lt;/td&gt;-12:00]" time="0.012" /><testcase classname="tests.test_online_fetch_start_time" name="test_extract_start_time_from_programme_row[&lt;td class='hour'&gt;No time here&lt;/td&gt;-None]" time="0.008" /><testcase classname="tests.test_online_fetch_start_time" name="test_extract_start_time_from_programme_row[&lt;td&gt;&lt;/td&gt;-None]" time="0.008" /><testcase classname="tests.test_orchestrator_runner" name="test_extract_rc_from_url_success[https://www.boturfers.fr/courses/2025-01-01/r2c3-race-name-R2-C3]" time="0.005" /><testcase classname="tests.test_orchestrator_runner" name="test_extract_rc_from_url_success[https://www.boturfers.fr/courses/2025-01-01/R2C3-race-name-R2-C3]" time="0.005" /><testcase classname="tests.test_orchestrator_runner" name="test_extract_rc_from_url_success[https://www.zeturf.fr/fr/course/2025-12-25/R1C2-test-R1-C2]" time="0.006" /><testcase classname="tests.test_orchestrator_runner" name="test_extract_rc_from_url_success[https://zeturf.com/R12C5/details-R12-C5]" time="0.006" /><testcase classname="tests.test_orchestrator_runner" name="test_extract_rc_from_url_no_match_raises_value_error" time="0.014" /><testcase classname="tests.test_orchestrator_runner" name="test_run_course_extract_rc_error" time="0.010" /><testcase classname="tests.test_orchestrator_runner" name="test_run_course_analysis_pipeline_success" time="0.020" /><testcase classname="tests.test_orchestrator_runner" name="test_run_course_analysis_pipeline_failure" time="0.012" /><testcase classname="tests.test_orchestrator_runner" name="test_run_course_unexpected_exception" time="0.010" /><testcase classname="tests.test_overround" name="test_compute_overround_place_nominal" time="0.004" /><testcase classname="tests.test_overround" name="test_compute_overround_place_with_odds_place_fallback" time="0.004" /><testcase classname="tests.test_overround" name="test_compute_overround_place_with_cote_fallback" time="0.004" /><testcase classname="tests.test_overround" name="test_compute_overround_place_mixed_sources" time="0.004" /><testcase classname="tests.test_overround" name="test_compute_overround_place_handles_invalid_data" time="0.005" /><testcase classname="tests.test_overround" name="test_compute_overround_place_empty_list" time="0.013" /><testcase classname="tests.test_overround" name="test_compute_overround_place_no_valid_odds" time="0.007" /><testcase classname="tests.test_overround" name="test_adaptive_cap_returns_base_cap" time="0.006" /><testcase classname="tests.test_p_finale" name="test_apply_drift_steam_no_pval" time="0.009" /><testcase classname="tests.test_p_finale" name="test_apply_drift_steam_no_maps" time="0.007" /><testcase classname="tests.test_p_finale" name="test_apply_drift_steam_invalid_map_data" time="0.005" /><testcase classname="tests.test_p_finale" name="test_apply_drift_steam_applies_steam_bonus" time="0.004" /><testcase classname="tests.test_p_finale" name="test_apply_drift_steam_applies_drift_penalty_to_fav" time="0.004" /><testcase classname="tests.test_p_finale" name="test_apply_drift_steam_no_penalty_for_drifting_non_favorite" time="0.007" /><testcase classname="tests.test_p_finale" name="test_apply_drift_steam_no_change_if_delta_not_met" time="0.006" /><testcase classname="tests.test_p_finale" name="test_generate_p_finale_data_finds_runners_in_different_keys[runners]" time="0.007" /><testcase classname="tests.test_p_finale" name="test_generate_p_finale_data_finds_runners_in_different_keys[horses]" time="0.009" /><testcase classname="tests.test_p_finale" name="test_generate_p_finale_data_finds_runners_in_different_keys[partants]" time="0.006" /><testcase classname="tests.test_p_finale" name="test_generate_p_finale_data_empty_if_no_runners" time="0.005" /><testcase classname="tests.test_p_finale" name="test_generate_p_finale_data_extracts_all_fields_with_fallbacks" time="0.003" /><testcase classname="tests.test_p_finale" name="test_generate_p_finale_data_handles_non_dict_runners" time="0.004" /><testcase classname="tests.test_p_finale" name="test_generate_p_finale_data_calls_apply_drift_steam" time="0.004" /><testcase classname="tests.test_p_finale" name="test_generate_p_finale_data_no_drift_call_if_maps_missing" time="0.005" /><testcase classname="tests.test_p_finale_export" name="test_export_creates_csv_and_excel" time="0.367" /><testcase classname="tests.test_pipeline_run" name="test_generate_tickets_abstains_when_roi_is_low" time="0.013" /><testcase classname="tests.test_pipeline_run" name="test_generate_tickets_creates_sp_dutching_ticket_when_roi_is_high" time="0.008" /><testcase classname="tests.test_pipeline_run" name="test_generate_tickets_abstains_when_global_roi_is_low" time="0.012" /><testcase classname="tests.test_pipeline_run" name="test_generate_tickets_creates_trio_ticket_with_best_roi" time="0.010" /><testcase classname="tests.test_plan" name="test_build_plan_nominal_case" time="0.010" /><testcase classname="tests.test_plan" name="test_build_plan_scraper_fails" time="0.007" /><testcase classname="tests.test_plan" name="test_build_plan_handles_malformed_data" time="0.008" /><testcase classname="tests.test_plan" name="test_build_plan_today_string" time="0.009" /><testcase classname="tests.test_plan" name="test_build_plan_empty_enriched_plan" time="0.013" /><testcase classname="tests.test_plan" name="test_build_plan_handles_compact_rc_format" time="0.014" /><testcase classname="tests.test_plan" name="test_build_plan_sync_wrapper" time="0.009" /><testcase classname="tests.test_plan" name="test_build_plan_sync_raises_in_event_loop" time="0.008" /><testcase classname="tests.test_plan" name="test_build_plan_sync_reraises_other_runtime_errors" time="0.016" /><testcase classname="tests.test_post_course_payload" name="test_merge_meta_both_sources" time="0.011" /><testcase classname="tests.test_post_course_payload" name="test_merge_meta_tickets_takes_priority" time="0.006" /><testcase classname="tests.test_post_course_payload" name="test_merge_meta_with_top_level_keys" time="0.005" /><testcase classname="tests.test_post_course_payload" name="test_merge_meta_handles_missing_or_invalid_inputs" time="0.009" /><testcase classname="tests.test_post_course_payload" name="test_merge_meta_model_alias" time="0.006" /><testcase classname="tests.test_post_course_payload" name="test_compute_post_course_summary_nominal" time="0.006" /><testcase classname="tests.test_post_course_payload" name="test_compute_post_course_summary_no_winners" time="0.004" /><testcase classname="tests.test_post_course_payload" name="test_compute_post_course_summary_empty_tickets" time="0.005" /><testcase classname="tests.test_post_course_payload" name="test_summarise_ticket_metrics" time="0.004" /><testcase classname="tests.test_post_course_payload" name="test_apply_summary_to_ticket_container" time="0.004" /><testcase classname="tests.test_post_course_payload" name="test_build_payload" time="0.004" /><testcase classname="tests.test_post_course_payload" name="test_build_payload_from_sources" time="0.004" /><testcase classname="tests.test_post_course_payload" name="test_format_csv_line" time="0.004" /><testcase classname="tests.test_resolve_course_id" name="test_resolve_course_context_with_fallback" time="0.008" /><testcase classname="tests.test_resolve_course_id" name="test_resolve_course_context_picks_closest_future_entry" time="0.014" /><testcase classname="tests.test_resolve_course_id" name="test_resolve_course_context_errors_when_empty" time="0.008" /><testcase classname="tests.test_resolve_course_id" name="test_iter_schedule_entries_supports_fr_course_urls" time="0.013" /><testcase classname="tests.test_resolve_course_id" name="test_resolve_course_context_supports_fr_course_urls" time="0.007" /><testcase classname="tests.test_roi_rebalancer" name="test_compute_allocation_plan_prioritises_high_ev" time="0.013" /><testcase classname="tests.test_roi_rebalancer" name="test_plan_serialisation_round_trip" time="0.013" /><testcase classname="tests.test_roi_rebalancer" name="test_allocation_plan_requires_positive_bankroll" time="0.014" /><testcase classname="tests.test_scheduler" name="test_schedule_all_races_dry_run_no_force" time="0.010" /><testcase classname="tests.test_scheduler" name="test_schedule_all_races_dry_run_with_force" time="0.008" /><testcase classname="tests.test_scheduler" name="test_schedule_all_races_real_run_with_force" time="0.045" /><testcase classname="tests.test_scheduler" name="test_schedule_all_races_real_run_no_force" time="0.030" /><testcase classname="tests.test_scheduler_extended" name="test_calculate_task_schedule_invalid_phase_error" time="0.023" /><testcase classname="tests.test_scheduler_extended" name="test_calculate_task_schedule_invalid_race_time_error" time="0.007" /><testcase classname="tests.test_scheduler_extended" name="test_enqueue_run_task_no_service_url" time="0.011" /><testcase classname="tests.test_scheduler_extended" name="test_enqueue_run_task_oidc_config_missing" time="0.021" /><testcase classname="tests.test_scheduler_extended" name="test_enqueue_run_task_permission_denied" time="0.015" /><testcase classname="tests.test_scheduler_extended" name="test_enqueue_run_task_generic_exception" time="0.010" /><testcase classname="tests.test_scheduler_extended" name="test_schedule_all_races_real_run_no_service_url" time="0.008" /><testcase classname="tests.test_scheduler_extended" name="test_schedule_all_races_cloud_tasks_client_init_fails" time="0.008" /><testcase classname="tests.test_scheduler_extended" name="test_schedule_all_races_results_are_sorted" time="0.017" /><testcase classname="tests.test_scraper_boturfers" name="test_boturfers_fetcher_init_success" time="0.006" /><testcase classname="tests.test_scraper_boturfers" name="test_boturfers_fetcher_init_value_error" time="0.012" /><testcase classname="tests.test_scraper_boturfers" name="test_fetcher_fetch_html_success" time="0.028" /><testcase classname="tests.test_scraper_boturfers" name="test_fetcher_fetch_html_httpx_request_error" time="0.012" /><testcase classname="tests.test_scraper_boturfers" name="test_fetcher_fetch_html_httpx_status_error" time="0.020" /><testcase classname="tests.test_scraper_boturfers" name="test_fetcher_fetch_html_generic_exception" time="0.021" /><testcase classname="tests.test_scraper_boturfers" name="test_fetcher_parse_race_row_success" time="0.009" /><testcase classname="tests.test_scraper_boturfers" name="test_fetcher_parse_race_row_missing_elements" time="0.009" /><testcase classname="tests.test_scraper_boturfers" name="test_fetcher_parse_race_row_time_formats[14h30-14:30]" time="0.006" /><testcase classname="tests.test_scraper_boturfers" name="test_fetcher_parse_race_row_time_formats[9h05-09:05]" time="0.006" /><testcase classname="tests.test_scraper_boturfers" name="test_fetcher_parse_race_row_time_formats[11:15-11:15]" time="0.006" /><testcase classname="tests.test_scraper_boturfers" name="test_fetcher_parse_race_row_time_formats[invalid-None]" time="0.006" /><testcase classname="tests.test_scraper_boturfers" name="test_fetcher_parse_race_row_time_formats[-None]" time="0.010" /><testcase classname="tests.test_scraper_boturfers" name="test_fetcher_parse_race_row_time_formats[None-None]" time="0.008" /><testcase classname="tests.test_scraper_boturfers" name="test_fetcher_parse_race_row_runners_count_non_digit" time="0.007" /><testcase classname="tests.test_scraper_boturfers" name="test_fetcher_parse_programme_success" time="0.322" /><testcase classname="tests.test_scraper_boturfers" name="test_fetcher_parse_programme_no_reunion_tabs" time="0.022" /><testcase classname="tests.test_scraper_boturfers" name="test_fetcher_parse_programme_no_race_table_in_reunion" time="0.013" /><testcase classname="tests.test_scraper_boturfers" name="test_fetcher_parse_distance_success" time="0.024" /><testcase classname="tests.test_scraper_boturfers" name="test_fetcher_parse_distance_not_found" time="0.007" /><testcase classname="tests.test_scraper_boturfers" name="test_fetcher_parse_race_metadata_success" time="0.014" /><testcase classname="tests.test_scraper_boturfers" name="test_fetcher_parse_race_metadata_no_info_block" time="0.014" /><testcase classname="tests.test_scraper_boturfers" name="test_fetcher_parse_race_runners_from_details_page_success" time="0.019" /><testcase classname="tests.test_scraper_boturfers" name="test_fetcher_parse_race_runners_from_details_page_no_runners_table" time="0.008" /><testcase classname="tests.test_scraper_boturfers" name="test_fetcher_parse_race_runners_from_details_page_malformed_row" time="0.017" /><testcase classname="tests.test_scraper_boturfers" name="test_fetcher_get_snapshot_success" time="0.304" /><testcase classname="tests.test_scraper_boturfers" name="test_fetcher_get_snapshot_fetch_html_fails" time="0.040" /><testcase classname="tests.test_scraper_boturfers" name="test_fetcher_get_race_snapshot_success" time="0.274" /><testcase classname="tests.test_scraper_boturfers" name="test_fetcher_get_race_snapshot_fetch_html_fails" time="0.012" /><testcase classname="tests.test_scraper_boturfers" name="test_fetch_boturfers_programme_success" time="0.297" /><testcase classname="tests.test_scraper_boturfers" name="test_fetch_boturfers_programme_empty_url" time="0.007" /><testcase classname="tests.test_scraper_boturfers" name="test_fetch_boturfers_programme_fetcher_error" time="0.011" /><testcase classname="tests.test_scraper_boturfers" name="test_fetch_boturfers_programme_no_races_returned" time="0.023" /><testcase classname="tests.test_scraper_boturfers" name="test_fetch_boturfers_programme_general_exception" time="0.012" /><testcase classname="tests.test_scraper_boturfers" name="test_fetch_boturfers_race_details_success" time="0.096" /><testcase classname="tests.test_scraper_boturfers" name="test_fetch_boturfers_race_details_empty_url" time="0.008" /><testcase classname="tests.test_scraper_boturfers" name="test_fetch_boturfers_race_details_url_partant_transformation" time="0.026" /><testcase classname="tests.test_scraper_boturfers" name="test_fetch_boturfers_race_details_fetcher_error" time="0.013" /><testcase classname="tests.test_scraper_boturfers" name="test_fetch_boturfers_race_details_no_runners_returned" time="0.016" /><testcase classname="tests.test_scraper_boturfers" name="test_fetch_boturfers_race_details_general_exception" time="0.015" /><testcase classname="tests.test_scraper_boturfers" name="test_fetcher_parse_race_row_missing_link" time="0.008" /><testcase classname="tests.test_scraper_boturfers" name="test_fetcher_parse_race_metadata_missing_conditions" time="0.014" /><testcase classname="tests.test_scraper_boturfers_extended" name="test_boturfers_fetcher_init_value_error" time="0.007" /><testcase classname="tests.test_scraper_boturfers_extended" name="test_fetcher_fetch_html_httpx_status_error" time="0.452" /><testcase classname="tests.test_scraper_boturfers_extended" name="test_fetcher_fetch_html_generic_exception" time="0.629" /><testcase classname="tests.test_scraper_boturfers_extended" name="test_parse_programme_no_reunion_tabs" time="0.453" /><testcase classname="tests.test_scraper_boturfers_extended" name="test_parse_programme_no_race_table_in_reunion" time="0.439" /><testcase classname="tests.test_scraper_boturfers_extended" name="test_parse_programme_reunion_id_from_id_attribute" time="0.660" /><testcase classname="tests.test_scraper_boturfers_extended" name="test_parse_programme_empty_race_table" time="0.437" /><testcase classname="tests.test_scraper_boturfers_extended" name="test_parse_programme_malformed_reunion_title" time="0.671" /><testcase classname="tests.test_scraper_boturfers_extended" name="test_parse_distance_not_found" time="0.461" /><testcase classname="tests.test_scraper_boturfers_extended" name="test_parse_distance_from_span_tag" time="0.447" /><testcase classname="tests.test_scraper_boturfers_extended" name="test_parse_distance_from_span_tag_fallback_after_info_block_no_distance" time="0.651" /><testcase classname="tests.test_scraper_boturfers_extended" name="test_parse_race_metadata_no_info_block" time="0.443" /><testcase classname="tests.test_scraper_boturfers_extended" name="test_parse_race_metadata_no_conditions_tag_and_no_conditions_text" time="0.642" /><testcase classname="tests.test_scraper_boturfers_extended" name="test_parse_race_metadata_conditions_from_text_snippet" time="0.446" /><testcase classname="tests.test_scraper_boturfers_extended" name="test_parse_race_metadata_empty_metadata_logs_warning" time="0.833" /><testcase classname="tests.test_scraper_boturfers_extended" name="test_parse_race_runners_no_runners_table" time="0.444" /><testcase classname="tests.test_scraper_boturfers_extended" name="test_parse_race_runners_malformed_row" time="0.448" /><testcase classname="tests.test_scraper_boturfers_extended" name="test_fetcher_parse_race_runners_from_details_page_no_odds" time="0.679" /><testcase classname="tests.test_scraper_boturfers_extended" name="test_parse_race_runners_missing_musique_gains" time="0.470" /><testcase classname="tests.test_scraper_boturfers_extended" name="test_parse_race_row_runners_count_non_digit" time="0.641" /><testcase classname="tests.test_scraper_boturfers_extended" name="test_fetcher_parse_race_row_missing_url" time="0.451" /><testcase classname="tests.test_scraper_boturfers_extended" name="test_fetcher_parse_race_row_no_name_tag" time="0.436" /><testcase classname="tests.test_scraper_boturfers_extended" name="test_parse_race_row_missing_runners_count_tag" time="0.654" /><testcase classname="tests.test_scraper_boturfers_extended" name="test_parse_race_metadata_course_type_and_corde[type attel\xe9-Attel\xe9-N/A]" time="0.431" /><testcase classname="tests.test_scraper_boturfers_extended" name="test_parse_race_metadata_course_type_and_corde[type mont\xe9 corde \xe0 gauche-Mont\xe9-Gauche]" time="0.645" /><testcase classname="tests.test_scraper_boturfers_extended" name="test_parse_race_metadata_course_type_and_corde[type plat corde \xe0 droite-Plat-Droite]" time="0.442" /><testcase classname="tests.test_scraper_boturfers_extended" name="test_parse_race_metadata_course_type_and_corde[type obstacle-Obstacle-N/A]" time="0.458" /><testcase classname="tests.test_scraper_boturfers_extended" name="test_parse_race_metadata_course_type_and_corde[type inconnu-None-N/A]" time="0.699" /><testcase classname="tests.test_scraper_boturfers_extended" name="test_parse_race_runners_with_odds_place" time="0.435" /><testcase classname="tests.test_scraper_boturfers_extended" name="test_get_snapshot_fetch_html_fails" time="0.010" /><testcase classname="tests.test_scraper_boturfers_extended" name="test_get_snapshot_no_races_extracted" time="0.007" /><testcase classname="tests.test_scraper_boturfers_extended" name="test_get_race_snapshot_fetch_html_fails" time="0.006" /><testcase classname="tests.test_scraper_boturfers_extended" name="test_get_race_snapshot_no_runners_extracted" time="0.008" /><testcase classname="tests.test_scraper_boturfers_extended" name="test_fetch_boturfers_programme_fetcher_error" time="0.009" /><testcase classname="tests.test_scraper_boturfers_extended" name="test_fetch_boturfers_race_details_fetcher_error" time="0.008" /><testcase classname="tests.test_scraper_geny" name="test_slugify[Paris-Vincennes (FR)-paris-vincennes-fr]" time="0.005" /><testcase classname="tests.test_scraper_geny" name="test_slugify[Hippodrome de la C\xf4te d'Azur-hippodrome-de-la-cote-d-azur]" time="0.005" /><testcase classname="tests.test_scraper_geny" name="test_slugify[Saint-Cloud-saint-cloud]" time="0.005" /><testcase classname="tests.test_scraper_geny" name="test_slugify[123 Test-123-test]" time="0.006" /><testcase classname="tests.test_scraper_geny" name="test_slugify[-]" time="0.005" /><testcase classname="tests.test_scraper_geny" name="test_slugify[   -]" time="0.011" /><testcase classname="tests.test_scraper_geny" name="test_slugify[  _!@# my string 123-my-string-123]" time="0.006" /><testcase classname="tests.test_scraper_geny" name="test_fetch_geny_programme_success" time="0.034" /><testcase classname="tests.test_scraper_geny" name="test_fetch_geny_programme_no_races_container" time="0.009" /><testcase classname="tests.test_scraper_geny" name="test_fetch_geny_programme_empty_rows" time="0.009" /><testcase classname="tests.test_scraper_geny" name="test_fetch_geny_programme_malformed_row_elements" time="0.013" /><testcase classname="tests.test_scraper_geny" name="test_fetch_geny_programme_httpx_request_error" time="0.009" /><testcase classname="tests.test_scraper_geny" name="test_fetch_geny_programme_httpx_status_error" time="0.017" /><testcase classname="tests.test_scraper_geny" name="test_fetch_geny_programme_id_course_from_href_fallback" time="0.016" /><testcase classname="tests.test_scraper_zeturf" name="test_fetch_race_snapshot_full_success" time="0.008" /><testcase classname="tests.test_scraper_zeturf" name="test_phase_norm[H-30-H30]" time="0.004" /><testcase classname="tests.test_scraper_zeturf" name="test_phase_norm[H30-H30]" time="0.004" /><testcase classname="tests.test_scraper_zeturf" name="test_phase_norm[h05-H5]" time="0.004" /><testcase classname="tests.test_scraper_zeturf" name="test_phase_norm[H5-H5]" time="0.004" /><testcase classname="tests.test_scraper_zeturf" name="test_phase_norm[UNKNOWN-H30]" time="0.004" /><testcase classname="tests.test_scraper_zeturf" name="test_phase_norm[-H30]" time="0.005" /><testcase classname="tests.test_scraper_zeturf" name="test_phase_norm[None-H30]" time="0.007" /><testcase classname="tests.test_scraper_zeturf" name="test_fetch_zeturf_race_details_success" time="0.009" /><testcase classname="tests.test_scraper_zeturf" name="test_fetch_zeturf_race_details_value_error_no_rc" time="0.013" /><testcase classname="tests.test_scraper_zeturf" name="test_fetch_zeturf_race_details_empty_snapshot" time="0.008" /><testcase classname="tests.test_scraper_zeturf" name="test_fetch_zeturf_race_details_missing_runners" time="0.009" /><testcase classname="tests.test_scraper_zeturf" name="test_fetch_zeturf_race_details_non_dict_snapshot" time="0.009" /><testcase classname="tests.test_scraper_zeturf" name="test_fetch_zeturf_race_details_h5_phase_input" time="0.009" /><testcase classname="tests.test_scraper_zeturf" name="test_fetch_zeturf_race_details_various_rc_formats" time="0.009" /><testcase classname="tests.test_service" name="test_get_pronostics_page" time="0.018" /><testcase classname="tests.test_service" name="test_get_pronostics_data_empty_case" time="0.024" /><testcase classname="tests.test_service" name="test_get_pronostics_data_with_data" time="0.021" /><testcase classname="tests.test_service" name="test_get_ops_status" time="0.027" /><testcase classname="tests.test_service" name="test_get_ops_status_reason_if_empty" time="0.025" /><testcase classname="tests.test_service" name="test_health_check" time="0.015" /><testcase classname="tests.test_service" name="test_legacy_redirects" time="0.024" /><testcase classname="tests.test_service" name="test_post_ops_run_success" time="0.022" /><testcase classname="tests.test_service" name="test_api_pronostics_schema" time="0.187" /><testcase classname="tests.test_service" name="test_ui_contains_critical_elements_and_api_call" time="0.015" /><testcase classname="tests.test_service_smoke" name="test_ping_endpoint" time="0.014" /><testcase classname="tests.test_service_smoke" name="test_pronostics_endpoint_returns_data" time="0.017" /><testcase classname="tests.test_simulate_ev_module" name="test_implied_probs_normalizes" time="0.008" /><testcase classname="tests.test_simulate_ev_module" name="test_normalize_overround_balances_dict" time="0.007" /><testcase classname="tests.test_simulate_ev_module" name="test_kelly_fraction_basic" time="0.005" /><testcase classname="tests.test_simulate_ev_module" name="test_allocate_dutching_sp_cap" time="0.009" /><testcase classname="tests.test_simulate_ev_module" name="test_allocate_dutching_sp_min_stake_filter" time="0.005" /><testcase classname="tests.test_simulate_ev_module" name="test_allocate_dutching_sp_skips_invalid" time="0.010" /><testcase classname="tests.test_simulate_ev_module" name="test_allocate_dutching_sp_uses_precomputed_implied_probs" time="0.004" /><testcase classname="tests.test_simulate_ev_module" name="test_allocate_dutching_sp_fallbacks_when_probabilities_invalid" time="0.003" /><testcase classname="tests.test_simulate_ev_module" name="test_gate_ev_thresholds" time="0.004" /><testcase classname="tests.test_simulate_ev_module" name="test_gate_ev_sharpe_min" time="0.003" /><testcase classname="tests.test_simulate_ev_module" name="test_simulate_ev_batch_uses_simulate_wrapper" time="0.004" /><testcase classname="tests.test_simulate_wrapper" name="test_calibration_details_expose_metadata" time="0.009" /><testcase classname="tests.test_simulate_wrapper" name="test_beta_binomial_fallback" time="0.005" /><testcase classname="tests.test_simulate_wrapper" name="test_invalid_calibration" time="0.012" /><testcase classname="tests.test_simulate_wrapper" name="test_combination_order" time="0.013" /><testcase classname="tests.test_simulate_wrapper" name="test_cache_prevents_recomputation" time="0.008" /><testcase classname="tests.test_simulate_wrapper" name="test_cache_eviction" time="0.014" /><testcase classname="tests.test_simulate_wrapper" name="test_fallback_uses_leg_probabilities" time="0.006" /><testcase classname="tests.test_simulate_wrapper" name="test_fallback_uses_implied_odds" time="0.006" /><testcase classname="tests.test_simulate_wrapper" name="test_correlation_penalty_reduces_probability_and_ev" time="0.125" /><testcase classname="tests.test_stats_provider.TestZoneTurfProviderParsing" name="test_parse_chrono_to_seconds[1'11&quot;6-71.6]" time="0.045" /><testcase classname="tests.test_stats_provider.TestZoneTurfProviderParsing" name="test_parse_chrono_to_seconds[1'12''3-72.3]" time="0.079" /><testcase classname="tests.test_stats_provider.TestZoneTurfProviderParsing" name="test_parse_chrono_to_seconds[1'10&quot;-70.0]" time="0.047" /><testcase classname="tests.test_stats_provider.TestZoneTurfProviderParsing" name="test_parse_chrono_to_seconds[59&quot;8-59.8]" time="0.082" /><testcase classname="tests.test_stats_provider.TestZoneTurfProviderParsing" name="test_parse_chrono_to_seconds[None-None]" time="0.068" /><testcase classname="tests.test_stats_provider.TestZoneTurfProviderParsing" name="test_parse_chrono_to_seconds[-None]" time="0.076" /><testcase classname="tests.test_stats_provider.TestZoneTurfProviderParsing" name="test_parse_chrono_to_seconds[invalid-None]" time="0.047" /><testcase classname="tests.test_stats_provider.TestZoneTurfProviderParsing" name="test_fetch_horse_chrono_parsing" time="0.289" /><testcase classname="tests.test_stats_provider.TestZoneTurfProviderParsing" name="test_fetch_jockey_stats_parsing" time="0.063" /><testcase classname="tests.test_stats_provider.TestZoneTurfProviderParsing" name="test_fetch_trainer_stats_parsing" time="0.188" /><testcase classname="tests.test_stats_provider.TestZoneTurfIdResolution" name="test_resolve_entity_id_cache_hit" time="0.110" /><testcase classname="tests.test_stats_provider.TestZoneTurfIdResolution" name="test_resolve_entity_id_scraping" time="0.066" /><testcase classname="tests.test_stats_provider.TestZoneTurfIdResolution" name="test_resolve_entity_id_not_found" time="0.131" /><testcase classname="tests.test_stats_provider_extended" name="test_slugify" time="0.006" /><testcase classname="tests.test_stats_provider_extended" name="test_normalize_name" time="0.058" /><testcase classname="tests.test_stats_provider_extended" name="test_fetch_horse_chrono_success" time="0.092" /><testcase classname="tests.test_stats_provider_extended" name="test_fetch_jockey_stats_success" time="0.064" /><testcase classname="tests.test_stats_provider_extended" name="test_fetch_trainer_stats_success" time="0.081" /><testcase classname="tests.test_tickets_store" name="test_client_returns_storage_client" time="0.006" /><testcase classname="tests.test_tickets_store" name="test_blob_path_constructs_correct_path" time="0.006" /><testcase classname="tests.test_tickets_store" name="test_index_path_constructs_correct_path" time="0.004" /><testcase classname="tests.test_tickets_store" name="test_render_ticket_html_full_payload" time="0.008" /><testcase classname="tests.test_tickets_store" name="test_render_ticket_html_minimal_payload" time="0.004" /><testcase classname="tests.test_tickets_store" name="test_render_ticket_html_different_keys_for_ev_roi_tickets" time="0.005" /><testcase classname="tests.test_tickets_store" name="test_save_ticket_html_success" time="0.006" /><testcase classname="tests.test_tickets_store" name="test_save_ticket_html_no_bucket_env_var_raises_error" time="0.008" /><testcase classname="tests.test_tickets_store" name="test_build_and_save_ticket_success" time="0.010" /><testcase classname="tests.test_tickets_store" name="test_list_ticket_objects_success" time="0.018" /><testcase classname="tests.test_tickets_store" name="test_list_ticket_objects_empty_list" time="0.010" /><testcase classname="tests.test_tickets_store" name="test_list_ticket_objects_no_bucket_env_var_raises_error" time="0.005" /><testcase classname="tests.test_tickets_store" name="test_rebuild_index_success" time="0.007" /><testcase classname="tests.test_tickets_store" name="test_rebuild_index_no_bucket_env_var_raises_error" time="0.004" /><testcase classname="tests.test_tickets_store" name="test_load_ticket_html_success" time="0.008" /><testcase classname="tests.test_tickets_store" name="test_load_ticket_html_no_bucket_env_var_raises_error" time="0.004" /><testcase classname="tests.test_ui" name="test_read_main" time="0.021" /><testcase classname="tests.test_update_excel_planning" name="test_cli_invalid_phase_raises_error" time="0.012" /><testcase classname="tests.test_update_excel_planning" name="test_extract_common_meta_aliases[nb_partants-10-partants-10]" time="0.007" /><testcase classname="tests.test_update_excel_planning" name="test_extract_common_meta_aliases[runners_count-11 partants-partants-11]" time="0.007" /><testcase classname="tests.test_update_excel_planning" name="test_extract_common_meta_aliases[start-10h30-start_time-10:30]" time="0.020" /><testcase classname="tests.test_update_excel_planning" name="test_extract_common_meta_aliases[heure_depart-11:00-start_time-11:00]" time="0.008" /><testcase classname="tests.test_update_excel_planning" name="test_extract_common_meta_aliases[specialite-Steeple-discipline-Steeple]" time="0.006" /><testcase classname="tests.test_update_excel_planning" name="test_extract_common_meta_aliases[r-R5-reunion-R5]" time="0.006" /><testcase classname="tests.test_update_excel_planning" name="test_extract_common_meta_aliases[c-C6-course-C6]" time="0.007" /><testcase classname="tests.test_update_excel_planning" name="test_summarise_tickets_formats[tickets0-]" time="0.008" /><testcase classname="tests.test_update_excel_planning" name="test_summarise_tickets_formats[tickets1-SG:1@4.5]" time="0.006" /><testcase classname="tests.test_update_excel_planning" name="test_summarise_tickets_formats[tickets2-JUM:2-4@12.1 | TRIO:5-6-7]" time="0.011" /><testcase classname="tests.test_update_excel_planning" name="test_summarise_tickets_formats[tickets3-WEIRD:8-9]" time="0.006" /><testcase classname="tests.test_update_excel_planning" name="test_summarise_tickets_formats[tickets4-2S4:10-11-12]" time="0.006" /><testcase classname="tests.test_update_excel_planning" name="test_h30_updates_existing_row" time="0.131" /><testcase classname="tests.test_update_excel_planning" name="test_h30_populates_planning_sheet" time="0.038" /><testcase classname="tests.test_update_excel_planning" name="test_h5_updates_status_and_tickets" time="0.080" /><testcase classname="tests.test_update_excel_planning" name="test_h5_abstention_uses_reason" time="0.082" /><testcase classname="tests.test_update_excel_planning" name="test_h5_preserves_existing_metadata_when_missing" time="0.080" /><testcase classname="tests.test_update_excel_planning" name="test_h5_converts_timezone_when_tz_env_set" time="0.063" /><testcase classname="tests.test_update_excel_planning" name="test_custom_status_h5_flag" time="0.119" /><testcase classname="tests.test_update_excel_planning" name="test_custom_status_h30_and_h5" time="0.066" /><testcase classname="tests.test_update_excel_planning" name="test_h30_preserves_existing_comment" time="0.105" /><testcase classname="tests.test_update_excel_planning" name="test_h30_handles_nested_course_payload" time="0.052" /><testcase classname="tests.test_update_excel_planning" name="test_h30_infers_rc_fields" time="0.076" /><testcase classname="tests.test_update_excel_planning" name="test_h5_infers_rc_fields" time="0.043" /><testcase classname="tests.test_update_excel_planning" name="test_h5_compact_ticket_summary" time="0.081" /><testcase classname="tests.test_update_excel_planning" name="test_format_time_respects_input_timezone" time="0.010" /><testcase classname="tests.test_update_excel_planning" name="test_format_time_uses_env_timezone" time="0.010" /><testcase classname="tests.test_update_excel_planning" name="test_format_time_handles_textual_hours[13h05-13:05]" time="0.006" /><testcase classname="tests.test_update_excel_planning" name="test_format_time_handles_textual_hours[7h-07:00]" time="0.006" /><testcase classname="tests.test_update_excel_planning" name="test_format_time_handles_textual_hours[09 heures 30-09:30]" time="0.008" /><testcase classname="tests.test_update_excel_planning" name="test_format_time_handles_textual_hours[18.45-18:45]" time="0.006" /><testcase classname="tests.test_update_excel_planning" name="test_cli_alias_and_dash_phase" time="0.081" /><testcase classname="tests.test_update_excel_with_results" name="test_update_excel_records_observed_roi" time="0.653" /><testcase classname="tests.test_validator_ev" name="test_validate_ev_passes_with_defaults" time="0.005" /><testcase classname="tests.test_validator_ev" name="test_validate_ev_sp_below_threshold" time="0.005" /><testcase classname="tests.test_validator_ev" name="test_validate_ev_combo_optional" time="0.005" /><testcase classname="tests.test_validator_ev" name="test_validate_ev_combo_required" time="0.007" /><testcase classname="tests.test_validator_ev" name="test_validate_ev_logs_context" time="0.005" /><testcase classname="tests.test_validator_ev" name="test_validate_ev_invalid_input_for_missing_probability" time="0.005" /><testcase classname="tests.test_validator_ev" name="test_validate_ev_invalid_input_for_missing_payout" time="0.004" /><testcase classname="tests.test_validator_ev" name="test_validate_policy_pass" time="0.004" /><testcase classname="tests.test_validator_ev" name="test_validate_policy_fail_ev" time="0.003" /><testcase classname="tests.test_validator_ev" name="test_validate_policy_fail_roi" time="0.004" /><testcase classname="tests.test_validator_ev" name="test_validate_combos_pass" time="0.005" /><testcase classname="tests.test_validator_ev" name="test_validate_combos_fail_default" time="0.009" /><testcase classname="tests.test_validator_ev" name="test_combos_allowed_thresholds" time="0.005" /><testcase classname="tests.test_validator_ev" name="test_validate_inputs_ok" time="0.005" /><testcase classname="tests.test_validator_ev" name="test_validate_inputs_partants_insuffisants" time="0.013" /><testcase classname="tests.test_validator_ev" name="test_validate_inputs_cote_none" time="0.005" /><testcase classname="tests.test_validator_ev" name="test_validate_inputs_couverture" time="0.005" /><testcase classname="tests.test_validator_ev" name="test_summarise_validation_success" time="0.006" /><testcase classname="tests.test_validator_ev" name="test_summarise_validation_failure_returns_reason" time="0.006" /><testcase classname="tests.test_validator_ev" name="test_validator_cli_returns_non_zero_on_failure" time="0.145" /><testcase classname="tests.test_validator_ev_extended" name="test_readme_has_roi_sp_success" time="0.008" /><testcase classname="tests.test_validator_ev_extended" name="test_readme_has_roi_sp_no_match" time="0.007" /><testcase classname="tests.test_validator_ev_extended" name="test_must_have" time="0.007" /><testcase classname="tests.test_validator_ev_extended" name="test_validate_missing_odds" time="0.007" /><testcase classname="tests.test_validator_ev_extended" name="test_validate_invalid_odds" time="0.007" /><testcase classname="tests.test_validator_ev_extended" name="test_validate_missing_je_stats" time="0.006" /><testcase classname="tests.test_validator_ev_extended" name="test_validate_budget_fails" time="0.008" /><testcase classname="tests.test_validator_ev_extended" name="test_prepare_validation_inputs" time="0.010" /><testcase classname="tests.test_zoneturf_client" name="test_normalize_name[Jullou-jullou]" time="0.007" /><testcase classname="tests.test_zoneturf_client" name="test_normalize_name[  Jullou  -jullou]" time="0.009" /><testcase classname="tests.test_zoneturf_client" name="test_normalize_name[Jullou (FR)-jullou]" time="0.006" /><testcase classname="tests.test_zoneturf_client" name="test_normalize_name[Jullou-Nivard-jullou nivard]" time="0.008" /><testcase classname="tests.test_zoneturf_client" name="test_normalize_name[Jullou-Nivard (FR)-jullou nivard]" time="0.007" /><testcase classname="tests.test_zoneturf_client" name="test_normalize_name[\xc9curie Royale-ecurie royale]" time="0.005" /><testcase classname="tests.test_zoneturf_client" name="test_normalize_name[Jullou's Horse-jullous horse]" time="0.005" /><testcase classname="tests.test_zoneturf_client" name="test_normalize_name[-]" time="0.005" /><testcase classname="tests.test_zoneturf_client" name="test_normalize_name[None-]" time="0.007" /><testcase classname="tests.test_zoneturf_client" name="test_parse_rk_string[1'11&quot;6-71.6]" time="0.009" /><testcase classname="tests.test_zoneturf_client" name="test_parse_rk_string[1'15''3-75.3]" time="0.006" /><testcase classname="tests.test_zoneturf_client" name="test_parse_rk_string[1'20&quot;0-80.0]" time="0.014" /><testcase classname="tests.test_zoneturf_client" name="test_parse_rk_string[0'59&quot;9-59.9]" time="0.006" /><testcase classname="tests.test_zoneturf_client" name="test_parse_rk_string[None-None]" time="0.005" /><testcase classname="tests.test_zoneturf_client" name="test_parse_rk_string[-None]" time="0.004" /><testcase classname="tests.test_zoneturf_client" name="test_parse_rk_string[invalid-None]" time="0.004" /><testcase classname="tests.test_zoneturf_client" name="test_parse_rk_string[1'11-None]" time="0.004" /><testcase classname="tests.test_zoneturf_client" name="test_resolve_horse_id_success" time="0.023" /><testcase classname="tests.test_zoneturf_client" name="test_resolve_horse_id_not_found" time="0.055" /><testcase classname="tests.test_zoneturf_client" name="test_resolve_horse_id_network_error" time="0.017" /><testcase classname="tests.test_zoneturf_client" name="test_resolve_horse_id_cache_hit" time="0.005" /><testcase classname="tests.test_zoneturf_client" name="test_resolve_horse_id_no_alpha_in_name" time="0.005" /><testcase classname="tests.test_zoneturf_client" name="test_resolve_person_id_success" time="0.010" /><testcase classname="tests.test_zoneturf_client" name="test_resolve_person_id_cache_hit" time="0.005" /><testcase classname="tests.test_zoneturf_client" name="test_resolve_person_id_not_found" time="0.045" /><testcase classname="tests.test_zoneturf_client" name="test_fetch_chrono_from_html_with_jullou_page" time="0.318" /><testcase classname="tests.test_zoneturf_client" name="test_fetch_chrono_from_html_no_chrono_data" time="0.004" /><testcase classname="tests.test_zoneturf_client" name="test_fetch_chrono_from_html_empty_content" time="0.004" /><testcase classname="tests.test_zoneturf_client" name="test_fetch_chrono_from_html_malformed_record" time="0.004" /><testcase classname="tests.test_zoneturf_client" name="test_fetch_chrono_from_html_malformed_table_chrono" time="0.006" /><testcase classname="tests.test_zoneturf_client" name="test_fetch_chrono_from_html_correctly_finds_jullou_chrono" time="0.011" /><testcase classname="tests.test_zoneturf_client" name="test_fetch_person_stats_from_html_success" time="0.016" /><testcase classname="tests.test_zoneturf_client" name="test_fetch_person_stats_from_html_no_stats_block" time="0.004" /><testcase classname="tests.test_zoneturf_client" name="test_fetch_person_stats_from_html_empty_content" time="0.005" /><testcase classname="tests.test_zoneturf_client" name="test_get_chrono_stats_success" time="0.345" /><testcase classname="tests.test_zoneturf_client" name="test_get_chrono_stats_id_not_resolved" time="0.007" /><testcase classname="tests.test_zoneturf_client" name="test_get_chrono_stats_network_error_fetching_page" time="0.007" /><testcase classname="tests.test_zoneturf_client" name="test_get_chrono_stats_page_fetch_failed" time="0.009" /><testcase classname="tests.test_zoneturf_client" name="test_get_chrono_stats_cache_hit" time="0.007" /><testcase classname="tests.test_zoneturf_client" name="test_get_jockey_trainer_stats_success" time="0.010" /><testcase classname="tests.test_zoneturf_client" name="test_get_jockey_trainer_stats_id_not_resolved" time="0.006" /><testcase classname="tests.test_zoneturf_client" name="test_get_jockey_trainer_stats_cache_hit" time="0.007" /><testcase classname="tests.test_zoneturf_client" name="test_get_jockey_trainer_stats_network_error_fetching_page" time="0.009" /><testcase classname="tests.test_zoneturf_client" name="test_get_jockey_trainer_stats_page_fetch_failed" time="0.010" /><testcase classname="tests.test_zoneturf_client_extended" name="test_resolve_horse_id_non_200_status" time="0.011" /><testcase classname="tests.test_zoneturf_client_extended" name="test_resolve_horse_id_url_without_id" time="0.029" /><testcase classname="tests.test_zoneturf_client_extended" name="test_fetch_chrono_from_html_no_info_card" time="0.005" /><testcase classname="tests.test_zoneturf_client_extended" name="test_fetch_chrono_from_html_no_performance_card" time="0.005" /><testcase classname="tests.test_zoneturf_client_extended" name="test_fetch_chrono_from_html_no_record_tag" time="0.006" /><testcase classname="tests.test_zoneturf_client_extended" name="test_fetch_chrono_from_html_no_record_text" time="0.010" /><testcase classname="tests.test_zoneturf_client_extended" name="test_fetch_chrono_from_html_performance_no_list_group" time="0.008" /><testcase classname="tests.test_zoneturf_client_extended" name="test_fetch_chrono_from_html_performance_no_attelle_li" time="0.009" /><testcase classname="tests.test_zoneturf_client_extended" name="test_fetch_chrono_from_html_performance_no_red_km_header" time="0.014" /><testcase classname="tests.test_zoneturf_client_extended" name="test_fetch_chrono_from_html_performance_malformed_row" time="0.012" /><testcase classname="tests.test_zoneturf_client_extended" name="test_fetch_chrono_from_html_performance_other_horse_name" time="0.013" /><testcase classname="tests.test_zoneturf_client_extended" name="test_fetch_chrono_from_html_multiple_attelle_sections" time="0.016" /><testcase classname="tests.test_zoneturf_client_extended" name="test_resolve_person_id_non_200_status" time="0.013" /><testcase classname="tests.test_zoneturf_client_extended" name="test_resolve_person_id_url_without_id" time="0.027" /><testcase classname="tests.test_zoneturf_client_extended" name="test_fetch_person_stats_from_html_missing_rates" time="0.006" /><testcase classname="tests.test_zoneturf_client_extended" name="test_fetch_person_stats_from_html_missing_table" time="0.005" /><testcase classname="tests.test_zoneturf_client_extended" name="test_fetch_person_stats_from_html_malformed_table_data" time="0.006" /><testcase classname="tests.test_zoneturf_client_extended" name="test_fetch_person_stats_from_html_no_stat_paragraph" time="0.028" /></testsuite></testsuites>