============================= test session starts ==============================
platform linux -- Python 3.12.3, pytest-8.2.0, pluggy-1.6.0
rootdir: /home/francoisosmozis/hippique-orchestrator
configfile: pytest.ini
testpaths: tests
plugins: anyio-4.12.1, pyfakefs-6.0.0, cov-7.0.0, mock-3.14.0, asyncio-0.23.7
asyncio: mode=Mode.STRICT
collected 1144 items

tests/hippique/utils/test_probabilities.py::test_implied_prob_from_odds_valid_input PASSED [  0%]
tests/hippique/utils/test_probabilities.py::test_implied_prob_from_odds_invalid_input PASSED [  0%]
tests/hippique/utils/test_probabilities.py::test_no_vig_probs_valid_input PASSED [  0%]
tests/hippique/utils/test_probabilities.py::test_no_vig_probs_empty_list PASSED [  0%]
tests/hippique/utils/test_probabilities.py::test_no_vig_probs_invalid_odds_in_list PASSED [  0%]
tests/hippique/utils/test_probabilities.py::test_expected_value_simple_positive_ev PASSED [  0%]
tests/hippique/utils/test_probabilities.py::test_expected_value_simple_negative_ev PASSED [  0%]
tests/hippique/utils/test_probabilities.py::test_expected_value_simple_zero_ev PASSED [  0%]
tests/hippique/utils/test_probabilities.py::test_expected_value_simple_various_stakes PASSED [  0%]
tests/hippique/utils/test_probabilities.py::test_expected_value_simple_edge_cases PASSED [  0%]
tests/providers/test_geny_provider.py::test_geny_provider_initialization 
-------------------------------- live log setup --------------------------------
2026-01-11 21:38:50 [INFO] GenyProvider initialized.
PASSED                                                                   [  0%]
tests/providers/test_geny_provider.py::test_fetch_stats_for_runner_returns_stats 
-------------------------------- live log setup --------------------------------
2026-01-11 21:38:50 [INFO] GenyProvider initialized.
-------------------------------- live log call ---------------------------------
2026-01-11 21:38:50 [INFO] Fetching Geny stats for: Y. LEBOURGEOIS
2026-01-11 21:38:50 [INFO] Stats parsées depuis Geny: {'driver_rate': 0.155}
PASSED                                                                   [  1%]
tests/providers/test_geny_provider.py::test_fetch_stats_for_runner_handles_no_driver 
-------------------------------- live log setup --------------------------------
2026-01-11 21:38:50 [INFO] GenyProvider initialized.
PASSED                                                                   [  1%]
tests/providers/test_geny_provider.py::test_fetch_stats_for_runner_handles_fetch_failure 
-------------------------------- live log setup --------------------------------
2026-01-11 21:38:50 [INFO] GenyProvider initialized.
-------------------------------- live log call ---------------------------------
2026-01-11 21:38:50 [INFO] Fetching Geny stats for: Y. LEBOURGEOIS
2026-01-11 21:38:50 [WARNING] Impossible de récupérer la page pour Y. LEBOURGEOIS sur Geny.
PASSED                                                                   [  1%]
tests/providers/test_geny_provider.py::test_fetch_stats_uses_cache 
-------------------------------- live log setup --------------------------------
2026-01-11 21:38:50 [INFO] GenyProvider initialized.
-------------------------------- live log call ---------------------------------
2026-01-11 21:38:50 [INFO] Fetching Geny stats for: Y. LEBOURGEOIS
2026-01-11 21:38:50 [INFO] Stats parsées depuis Geny: {'driver_rate': 0.155}
PASSED                                                                   [  1%]
tests/providers/test_zeturf_provider.py::test_zeturf_provider_initialization PASSED [  1%]
tests/providers/test_zeturf_provider.py::test_fetch_snapshot_returns_normalized_data 
-------------------------------- live log call ---------------------------------
2026-01-11 21:38:50 [INFO] Début du scraping ZEturf: https://www.zeturf.fr/fr/course/2024-01-11/R1C1-prix-de-la-course
PASSED                                                                   [  1%]
tests/providers/test_zeturf_provider.py::test_fetch_snapshot_handles_http_error 
-------------------------------- live log call ---------------------------------
2026-01-11 21:38:50 [INFO] Début du scraping ZEturf: https://www.zeturf.fr/fr/course/2024-01-11/R1C1-prix-de-la-course
2026-01-11 21:38:50 [ERROR] Failed to create RaceSnapshotNormalized for https://www.zeturf.fr/fr/course/2024-01-11/R1C1-prix-de-la-course: HTTP 404
Traceback (most recent call last):
  File "/home/francoisosmozis/hippique-orchestrator/hippique_orchestrator/sources/zeturf_provider.py", line 48, in _fetch_race_snapshot_sync
    html_content = self._http_get_sync(race_url)
                   ^^^^^^^^^^^^^^^^^^^^^^^^^^^^^
  File "/usr/lib/python3.12/unittest/mock.py", line 1134, in __call__
    return self._mock_call(*args, **kwargs)
           ^^^^^^^^^^^^^^^^^^^^^^^^^^^^^^^^
  File "/usr/lib/python3.12/unittest/mock.py", line 1138, in _mock_call
    return self._execute_mock_call(*args, **kwargs)
           ^^^^^^^^^^^^^^^^^^^^^^^^^^^^^^^^^^^^^^^^
  File "/usr/lib/python3.12/unittest/mock.py", line 1193, in _execute_mock_call
    raise effect
RuntimeError: HTTP 404
PASSED                                                                   [  1%]
tests/providers/test_zeturf_provider.py::test_fetch_snapshot_handles_empty_runners 
-------------------------------- live log call ---------------------------------
2026-01-11 21:38:50 [INFO] Début du scraping ZEturf: https://www.zeturf.fr/fr/course/2024-01-11/R1C1-prix-de-la-course
2026-01-11 21:38:50 [ERROR] Failed to create RaceSnapshotNormalized for https://www.zeturf.fr/fr/course/2024-01-11/R1C1-prix-de-la-course: No runners found in snapshot data.
Traceback (most recent call last):
  File "/home/francoisosmozis/hippique-orchestrator/hippique_orchestrator/sources/zeturf_provider.py", line 52, in _fetch_race_snapshot_sync
    raise ValueError("No runners found in snapshot data.")
ValueError: No runners found in snapshot data.
PASSED                                                                   [  1%]
tests/providers/test_zeturf_provider.py::test_fetch_stats_for_runner_returns_empty_stats PASSED [  1%]
tests/scripts/test_monitor_roi.py::test_load_json_safe_success PASSED    [  1%]
tests/scripts/test_monitor_roi.py::test_load_json_safe_failure PASSED    [  1%]
tests/scripts/test_monitor_roi.py::test_parse_tracking_csv_success PASSED [  2%]
tests/scripts/test_monitor_roi.py::test_collect_analyses_no_date_filter PASSED [  2%]
tests/scripts/test_monitor_roi.py::test_collect_analyses_with_date_filter PASSED [  2%]
tests/scripts/test_monitor_roi.py::test_compute_statistics PASSED        [  2%]
tests/scripts/test_monitor_roi.py::test_compute_statistics_no_races_played PASSED [  2%]
tests/scripts/test_monitor_roi.py::test_print_report PASSED              [  2%]
tests/scripts/test_monitor_roi.py::test_export_json PASSED               [  2%]
tests/scripts/test_monitor_roi.py::test_main_run_once PASSED             [  2%]
tests/scripts/test_online_fetch_zeturf.py::test_fallback_parse_html_extracts_data ERROR [  2%]
tests/scripts/test_online_fetch_zeturf.py::test_normalise_rc_tag[R1-C1-R1C1] PASSED [  2%]
tests/scripts/test_online_fetch_zeturf.py::test_normalise_rc_tag[1-2-R1C2] PASSED [  2%]
tests/scripts/test_online_fetch_zeturf.py::test_normalise_rc_tag[R4C5-None-R4C5] PASSED [  2%]
tests/scripts/test_online_fetch_zeturf.py::test_normalise_rc_tag_raises_error PASSED [  3%]
tests/scripts/test_online_fetch_zeturf.py::test_coerce_runner_entry PASSED [  3%]
tests/scripts/test_online_fetch_zeturf.py::test_build_snapshot_payload PASSED [  3%]
tests/scripts/test_online_fetch_zeturf.py::test_fetch_race_snapshot_cli 
-------------------------------- live log call ---------------------------------
2026-01-11 21:38:51 [INFO] [CLI] snapshot chargé depuis snapshot.json
PASSED                                                                   [  3%]
tests/scripts/test_online_fetch_zeturf_coverage.py::test_normalise_rc_tag_valid[1-2-R1C2] PASSED [  3%]
tests/scripts/test_online_fetch_zeturf_coverage.py::test_normalise_rc_tag_valid[R1-C2-R1C2] PASSED [  3%]
tests/scripts/test_online_fetch_zeturf_coverage.py::test_normalise_rc_tag_valid[R3-10-R3C10] PASSED [  3%]
tests/scripts/test_online_fetch_zeturf_coverage.py::test_normalise_rc_tag_valid[4-5-R4C5] PASSED [  3%]
tests/scripts/test_online_fetch_zeturf_coverage.py::test_slugify_hippodrome PASSED [  3%]
tests/scripts/test_online_fetch_zeturf_coverage.py::test_normalize_decimal[12,5-12.5] PASSED [  3%]
tests/scripts/test_online_fetch_zeturf_coverage.py::test_normalize_decimal[15.5-15.5] PASSED [  3%]
tests/scripts/test_online_fetch_zeturf_coverage.py::test_normalize_decimal[20-20.0] PASSED [  4%]
tests/scripts/test_online_fetch_zeturf_coverage.py::test_normalize_decimal[abc-None] PASSED [  4%]
tests/scripts/test_online_fetch_zeturf_coverage.py::test_normalize_decimal[None-None] PASSED [  4%]
tests/scripts/test_online_fetch_zeturf_coverage.py::test_fallback_parse_html_extracts_data PASSED [  4%]
tests/scripts/test_online_fetch_zeturf_coverage.py::test_fallback_parse_html_data_odd_attribute PASSED [  4%]
tests/scripts/test_online_fetch_zeturf_coverage.py::test_fallback_parse_html_no_cotes_infos_script PASSED [  4%]
tests/scripts/test_online_fetch_zeturf_coverage.py::test_fallback_parse_html_missing_cheval PASSED [  4%]
tests/scripts/test_online_fetch_zeturf_coverage.py::test_fallback_parse_html_no_tbody PASSED [  4%]
tests/scripts/test_online_fetch_zeturf_coverage.py::test_coerce_runner_entry_variations[raw0-expected0] PASSED [  4%]
tests/scripts/test_online_fetch_zeturf_coverage.py::test_coerce_runner_entry_variations[raw1-expected1] PASSED [  4%]
tests/scripts/test_online_fetch_zeturf_coverage.py::test_coerce_runner_entry_variations[raw2-expected2] PASSED [  4%]
tests/scripts/test_online_fetch_zeturf_coverage.py::test_coerce_runner_entry_variations[raw3-expected3] PASSED [  4%]
tests/scripts/test_online_fetch_zeturf_coverage.py::test_coerce_runner_entry_variations[raw4-expected4] PASSED [  5%]
tests/scripts/test_online_fetch_zeturf_coverage.py::test_coerce_runner_entry_variations[raw5-None] PASSED [  5%]
tests/scripts/test_online_fetch_zeturf_coverage.py::test_coerce_runner_entry_variations[raw6-None] PASSED [  5%]
tests/scripts/test_online_fetch_zeturf_coverage.py::test_coerce_runner_entry_variations[raw7-expected7] PASSED [  5%]
tests/scripts/test_online_fetch_zeturf_extended.py::test_fallback_parse_html_no_runners_table ERROR [  5%]
tests/scripts/test_online_fetch_zeturf_extended.py::test_fallback_parse_html_runner_missing_data ERROR [  5%]
tests/scripts/test_online_fetch_zeturf_extended.py::test_coerce_runner_entry_variations[raw0-expected0] PASSED [  5%]
tests/scripts/test_online_fetch_zeturf_extended.py::test_coerce_runner_entry_variations[raw1-expected1] PASSED [  5%]
tests/scripts/test_online_fetch_zeturf_extended.py::test_coerce_runner_entry_variations[raw2-expected2] PASSED [  5%]
tests/scripts/test_online_fetch_zeturf_extended.py::test_coerce_runner_entry_variations[raw3-expected3] PASSED [  5%]
tests/scripts/test_online_fetch_zeturf_extended.py::test_coerce_runner_entry_variations[raw4-expected4] PASSED [  5%]
tests/scripts/test_online_fetch_zeturf_extended.py::test_coerce_runner_entry_variations[raw5-expected5] PASSED [  6%]
tests/scripts/test_online_fetch_zeturf_extended.py::test_coerce_runner_entry_variations[raw6-expected6] PASSED [  6%]
tests/scripts/test_online_fetch_zeturf_extended.py::test_coerce_runner_entry_variations[raw7-expected7] PASSED [  6%]
tests/scripts/test_online_fetch_zeturf_extended.py::test_coerce_runner_entry_variations[raw8-None] PASSED [  6%]
tests/scripts/test_online_fetch_zeturf_extended.py::test_coerce_runner_entry_variations[raw9-expected9] PASSED [  6%]
tests/scripts/test_online_fetch_zeturf_extended.py::test_coerce_runner_entry_invalid_input PASSED [  6%]
tests/scripts/test_online_fetch_zeturf_extended.py::test_normalise_snapshot_result_merges_h30_odds PASSED [  6%]
tests/scripts/test_online_fetch_zeturf_extended.py::test_normalise_snapshot_result_no_market PASSED [  6%]
tests/scripts/test_online_fetch_zeturf_extended.py::test_http_get_raises_on_403 PASSED [  6%]
tests/scripts/test_online_fetch_zeturf_extended.py::test_http_get_raises_on_suspicious_html PASSED [  6%]
tests/scripts/test_online_fetch_zeturf_parsing.py::test_double_extract_parses_real_html_fixture 
-------------------------------- live log call ---------------------------------
2026-01-11 21:38:52 [WARNING] [ZEturf] Extraction fallback utilisée pour https://www.zeturf.fr/fr/course/2025-11-20/R1C1 (snapshot=H-30)
2026-01-11 21:38:52 [INFO] [ZEturf] phase=H30 url=https://www.zeturf.fr/fr/course/2025-11-20/R1C1-saint-galmier partants=12
PASSED                                                                   [  6%]
tests/scripts/test_online_fetch_zeturf_parsing.py::test_fallback_parse_no_runners_table_finds_no_runners PASSED [  6%]
tests/scripts/test_online_fetch_zeturf_parsing.py::test_fallback_parse_no_script_finds_no_odds PASSED [  7%]
tests/scripts/test_online_fetch_zeturf_parsing.py::test_fallback_parse_no_data_finds_nothing PASSED [  7%]
tests/scripts/test_online_fetch_zeturf_parsing.py::test_double_extract_uses_fallback 
-------------------------------- live log call ---------------------------------
2026-01-11 21:38:54 [WARNING] [ZEturf] Champ clé manquant: meeting (url=http://example.com, snapshot=H-30)
2026-01-11 21:38:54 [WARNING] [ZEturf] Champ clé manquant: discipline (url=http://example.com, snapshot=H-30)
2026-01-11 21:38:54 [WARNING] [ZEturf] Champ clé manquant: partants (url=http://example.com, snapshot=H-30)
2026-01-11 21:38:54 [WARNING] [ZEturf] Aucun partant détecté (url=http://example.com, snapshot=H-30) — retournera une liste vide
2026-01-11 21:38:54 [WARNING] [ZEturf] Extraction fallback utilisée pour http://example.com (snapshot=H-30)
PASSED                                                                   [  7%]
tests/scripts/test_simulate_ev_script.py::test_implied_prob_valid PASSED [  7%]
tests/scripts/test_simulate_ev_script.py::test_implied_prob_invalid PASSED [  7%]
tests/scripts/test_simulate_ev_script.py::test_normalize_overround_basic PASSED [  7%]
tests/scripts/test_simulate_ev_script.py::test_normalize_overround_with_invalids PASSED [  7%]
tests/scripts/test_simulate_ev_script.py::test_normalize_overround_zero_total PASSED [  7%]
tests/scripts/test_simulate_ev_script.py::test_normalize_overround_empty PASSED [  7%]
tests/scripts/test_simulate_ev_script.py::test_implied_probs_list PASSED [  7%]
tests/scripts/test_simulate_ev_script.py::test_implied_probs_with_invalid_odds PASSED [  7%]
tests/scripts/test_simulate_ev_script.py::test_allocate_dutching_sp_ideal PASSED [  8%]
tests/scripts/test_simulate_ev_script.py::test_allocate_dutching_sp_fallback_prob PASSED [  8%]
tests/scripts/test_simulate_ev_script.py::test_allocate_dutching_sp_stake_capping PASSED [  8%]
tests/scripts/test_simulate_ev_script.py::test_allocate_dutching_sp_min_stake_filter PASSED [  8%]
tests/scripts/test_simulate_ev_script.py::test_allocate_dutching_sp_no_valid_runners PASSED [  8%]
tests/scripts/test_simulate_ev_script.py::test_gate_ev_all_pass PASSED   [  8%]
tests/scripts/test_simulate_ev_script.py::test_gate_ev_sp_fails PASSED   [  8%]
tests/scripts/test_simulate_ev_script.py::test_gate_ev_combo_fails PASSED [  8%]
tests/scripts/test_simulate_ev_script.py::test_gate_ev_risk_fails_both PASSED [  8%]
tests/scripts/test_simulate_ev_script.py::test_gate_ev_sharpe_fails_both PASSED [  8%]
tests/scripts/test_simulate_wrapper_script.py::test_load_calibration_reloads_on_file_change PASSED [  8%]
tests/scripts/test_simulate_wrapper_script.py::test_empty_or_invalid_calibration_file 
-------------------------------- live log call ---------------------------------
2026-01-11 21:38:54 [WARNING] Could not load or parse calibration file /etc/config/probabilities.yaml: mapping values are not allowed here
  in "/etc/config/probabilities.yaml", line 1, column 11
PASSED                                                                   [  9%]
tests/scripts/test_simulate_wrapper_script.py::test_simulate_wrapper_fallback_no_correlation PASSED [  9%]
tests/scripts/test_simulate_wrapper_script.py::test_correlation_penalty_defaults_gracefully PASSED [  9%]
tests/scripts/test_simulate_wrapper_script.py::test_simulate_wrapper_applies_correlation_penalty PASSED [  9%]
tests/scripts/test_simulate_wrapper_script.py::test_monte_carlo_is_used_when_numpy_present PASSED [  9%]
tests/scripts/test_simulate_wrapper_script.py::test_monte_carlo_is_skipped_when_numpy_missing PASSED [  9%]
tests/scripts/test_simulate_wrapper_script.py::test_evaluate_combo_calls_dependencies_and_returns_results PASSED [  9%]
tests/scripts/test_update_excel_with_results.py::test_as_float PASSED    [  9%]
tests/scripts/test_update_excel_with_results.py::test_normalise_notes PASSED [  9%]
tests/scripts/test_update_excel_with_results.py::test_upsert_row PASSED  [  9%]
tests/scripts/test_update_excel_with_results_script.py::test_update_creates_new_excel_and_sheets PASSED [  9%]
tests/scripts/test_update_excel_with_results_script.py::test_update_upserts_existing_row PASSED [  9%]
tests/test__debug_mock_firestore.py::test__debug_mock_firestore_types PASSED [ 10%]
tests/test_analysis_drift.py::test_drift_is_detected_and_applied FAILED  [ 10%]
tests/test_analysis_drift.py::test_pipeline_raises_if_doc_id_missing PASSED [ 10%]
tests/test_analysis_drift.py::test_pipeline_abstains_if_snapshot_is_empty 
-------------------------------- live log call ---------------------------------
2026-01-11 21:38:54 [INFO] Starting analysis pipeline for phase.
2026-01-11 21:38:54 [WARNING] Snapshot invalid or runners empty -> abstention.
PASSED                                                                   [ 10%]
tests/test_analysis_drift.py::test_pipeline_handles_generic_exception 
-------------------------------- live log call ---------------------------------
2026-01-11 21:38:55 [INFO] Starting analysis pipeline for phase.
2026-01-11 21:38:55 [ERROR] Analysis pipeline failed: Unexpected GCS error
Traceback (most recent call last):
  File "/home/francoisosmozis/hippique-orchestrator/hippique_orchestrator/analysis_pipeline.py", line 203, in run_analysis_for_phase
    snapshot_data, gcs_path = await _fetch_and_save_snapshot(
                              ^^^^^^^^^^^^^^^^^^^^^^^^^^^^^^^
  File "/usr/lib/python3.12/unittest/mock.py", line 2262, in _execute_mock_call
    raise effect
Exception: Unexpected GCS error

PASSED                                                                   [ 10%]
tests/test_analysis_pipeline_extended.py::test_find_and_load_h30_snapshot_no_snapshots_found 
-------------------------------- live log call ---------------------------------
2026-01-11 21:38:55 [WARNING] No snapshots found in directory.
PASSED                                                                   [ 10%]
tests/test_analysis_pipeline_extended.py::test_find_and_load_h30_snapshot_no_h30_snapshots_found 
-------------------------------- live log call ---------------------------------
2026-01-11 21:38:55 [WARNING] No H-30 snapshot found for drift calculation.
PASSED                                                                   [ 10%]
tests/test_analysis_pipeline_extended.py::test_find_and_load_h30_snapshot_list_files_exception 
-------------------------------- live log call ---------------------------------
2026-01-11 21:38:55 [ERROR] Failed to find or load H-30 snapshot: GCS List Error
PASSED                                                                   [ 10%]
tests/test_analysis_pipeline_extended.py::test_find_and_load_h30_snapshot_read_file_exception 
-------------------------------- live log call ---------------------------------
2026-01-11 21:38:55 [ERROR] Failed to find or load H-30 snapshot: GCS Read Error
PASSED                                                                   [ 10%]
tests/test_analysis_pipeline_extended.py::test_run_analysis_for_phase_abstains_on_empty_snapshot_from_data_source 
-------------------------------- live log call ---------------------------------
2026-01-11 21:38:55 [INFO] Starting analysis pipeline for phase.
2026-01-11 21:38:55 [INFO] Fetching race details from data source.
2026-01-11 21:38:55 [WARNING] Snapshot invalid or runners empty -> abstention.
PASSED                                                                   [ 10%]
tests/test_analysis_pipeline_extended.py::test_run_analysis_for_phase_abstains_on_snapshot_with_no_runners 
-------------------------------- live log call ---------------------------------
2026-01-11 21:38:55 [INFO] Starting analysis pipeline for phase.
2026-01-11 21:38:55 [INFO] Fetching race details from data source.
2026-01-11 21:38:55 [WARNING] Snapshot invalid or runners empty -> abstention.
PASSED                                                                   [ 10%]
tests/test_analysis_utils.py::test_normalise_text[None-] PASSED          [ 11%]
tests/test_analysis_utils.py::test_normalise_text[  \xc9curie Sp\xe9ciale  -ecurie speciale] PASSED [ 11%]
tests/test_analysis_utils.py::test_normalise_text[  -] PASSED            [ 11%]
tests/test_analysis_utils.py::test_normalise_text[TROT-trot] PASSED      [ 11%]
tests/test_analysis_utils.py::test_normalise_text[handicap-handicap] PASSED [ 11%]
tests/test_analysis_utils.py::test_coerce_partants[14-14] PASSED         [ 11%]
tests/test_analysis_utils.py::test_coerce_partants[14.0-14] PASSED       [ 11%]
tests/test_analysis_utils.py::test_coerce_partants[14 partants-14] PASSED [ 11%]
tests/test_analysis_utils.py::test_coerce_partants[environ 14-14] PASSED [ 11%]
tests/test_analysis_utils.py::test_coerce_partants[None-None] PASSED     [ 11%]
tests/test_analysis_utils.py::test_coerce_partants[True-None] PASSED     [ 11%]
tests/test_analysis_utils.py::test_coerce_partants[N/A-None] PASSED      [ 11%]
tests/test_analysis_utils.py::test_coerce_partants[-5-None] PASSED       [ 12%]
tests/test_analysis_utils.py::test_compute_overround_cap_default PASSED  [ 12%]
tests/test_analysis_utils.py::test_compute_overround_cap_flat_handicap_large_field PASSED [ 12%]
tests/test_analysis_utils.py::test_compute_overround_cap_flat_large_field_from_label PASSED [ 12%]
tests/test_analysis_utils.py::test_compute_overround_cap_small_field_uses_default PASSED [ 12%]
tests/test_analysis_utils.py::test_compute_overround_cap_updates_context PASSED [ 12%]
tests/test_analysis_utils_extended.py::test_parse_musique[1p2p(23)3p4hDAI-expected0] PASSED [ 12%]
tests/test_analysis_utils_extended.py::test_parse_musique[0a9a8a-expected1] PASSED [ 12%]
tests/test_analysis_utils_extended.py::test_parse_musique[None-expected2] PASSED [ 12%]
tests/test_analysis_utils_extended.py::test_parse_musique[   -expected3] PASSED [ 12%]
tests/test_analysis_utils_extended.py::test_calculate_volatility[musique_data0-VOLATIL] PASSED [ 12%]
tests/test_analysis_utils_extended.py::test_calculate_volatility[musique_data1-VOLATIL] PASSED [ 13%]
tests/test_analysis_utils_extended.py::test_calculate_volatility[musique_data2-VOLATIL] PASSED [ 13%]
tests/test_analysis_utils_extended.py::test_calculate_volatility[musique_data3-S\xdbR] PASSED [ 13%]
tests/test_analysis_utils_extended.py::test_calculate_volatility[musique_data4-VOLATIL] PASSED [ 13%]
tests/test_analysis_utils_extended.py::test_calculate_volatility[musique_data5-NEUTRE] PASSED [ 13%]
tests/test_analysis_utils_extended.py::test_convert_odds_to_implied_probabilities[odds_list0-expected_probs0-1.0] PASSED [ 13%]
tests/test_analysis_utils_extended.py::test_convert_odds_to_implied_probabilities[odds_list1-expected_probs1-0.0] PASSED [ 13%]
tests/test_analysis_utils_extended.py::test_convert_odds_to_implied_probabilities[odds_list2-expected_probs2-0.25] PASSED [ 13%]
tests/test_analysis_utils_extended.py::test_convert_odds_to_implied_probabilities[odds_list3-expected_probs3-0.5] PASSED [ 13%]
tests/test_analysis_utils_extended.py::test_identify_outsider_reparable[runner_data0-True] PASSED [ 13%]
tests/test_analysis_utils_extended.py::test_identify_outsider_reparable[runner_data1-False] PASSED [ 13%]
tests/test_analysis_utils_extended.py::test_identify_outsider_reparable[runner_data2-False] PASSED [ 13%]
tests/test_analysis_utils_extended.py::test_identify_outsider_reparable[runner_data3-False] PASSED [ 14%]
tests/test_analysis_utils_extended.py::test_identify_outsider_reparable[runner_data4-False] PASSED [ 14%]
tests/test_analysis_utils_extended.py::test_identify_profil_oublie[runner_data0-True] PASSED [ 14%]
tests/test_analysis_utils_extended.py::test_identify_profil_oublie[runner_data1-False] PASSED [ 14%]
tests/test_analysis_utils_extended.py::test_identify_profil_oublie[runner_data2-False] PASSED [ 14%]
tests/test_analysis_utils_extended.py::test_identify_profil_oublie[runner_data3-False] PASSED [ 14%]
tests/test_analysis_utils_extended.py::test_identify_profil_oublie[runner_data4-False] PASSED [ 14%]
tests/test_analysis_utils_extended.py::test_score_musique_form[musique_data0-expected_score0] PASSED [ 14%]
tests/test_analysis_utils_extended.py::test_score_musique_form[musique_data1-expected_score1] PASSED [ 14%]
tests/test_analysis_utils_extended.py::test_score_musique_form[musique_data2-0.0] PASSED [ 14%]
tests/test_api_endpoints.py::test_health_check_endpoint 
-------------------------------- live log setup --------------------------------
2026-01-11 21:38:55 [INFO] Starting Hippique Orchestrator v1.0.0
-------------------------------- live log call ---------------------------------
2026-01-11 21:38:55 [INFO] Request started
2026-01-11 21:38:55 [INFO] Request finished
2026-01-11 21:38:55 [INFO] HTTP Request: GET http://testserver/health "HTTP/1.1 200 OK"
PASSED                                                                   [ 14%]
------------------------------ live log teardown -------------------------------
2026-01-11 21:38:55 [INFO] Shutting down Hippique Orchestrator.

tests/test_api_endpoints.py::test_pronostics_ui_endpoint 
-------------------------------- live log setup --------------------------------
2026-01-11 21:38:55 [INFO] Starting Hippique Orchestrator v1.0.0
-------------------------------- live log call ---------------------------------
2026-01-11 21:38:55 [INFO] Request started
2026-01-11 21:38:55 [INFO] Request finished
2026-01-11 21:38:55 [INFO] HTTP Request: GET http://testserver/pronostics "HTTP/1.1 200 OK"
PASSED                                                                   [ 15%]
------------------------------ live log teardown -------------------------------
2026-01-11 21:38:55 [INFO] Shutting down Hippique Orchestrator.

tests/test_api_endpoints.py::test_root_redirect 
-------------------------------- live log setup --------------------------------
2026-01-11 21:38:55 [INFO] Starting Hippique Orchestrator v1.0.0
-------------------------------- live log call ---------------------------------
2026-01-11 21:38:55 [INFO] Request started
2026-01-11 21:38:55 [INFO] Request finished
2026-01-11 21:38:55 [INFO] HTTP Request: GET http://testserver/ "HTTP/1.1 307 Temporary Redirect"
PASSED                                                                   [ 15%]
------------------------------ live log teardown -------------------------------
2026-01-11 21:38:55 [INFO] Shutting down Hippique Orchestrator.

tests/test_api_endpoints.py::test_api_pronostics_date_validation 
-------------------------------- live log setup --------------------------------
2026-01-11 21:38:55 [INFO] Starting Hippique Orchestrator v1.0.0
-------------------------------- live log call ---------------------------------
2026-01-11 21:38:55 [INFO] Request started
2026-01-11 21:38:55 [INFO] Request finished
2026-01-11 21:38:55 [INFO] HTTP Request: GET http://testserver/api/pronostics?date=not-a-real-date "HTTP/1.1 422 Unprocessable Entity"
PASSED                                                                   [ 15%]
------------------------------ live log teardown -------------------------------
2026-01-11 21:38:55 [INFO] Shutting down Hippique Orchestrator.

tests/test_api_endpoints.py::test_api_pronostics_default_date_is_today FAILED [ 15%]
tests/test_api_endpoints.py::test_api_pronostics_empty_response 
-------------------------------- live log setup --------------------------------
2026-01-11 21:38:56 [INFO] Starting Hippique Orchestrator v1.0.0
-------------------------------- live log call ---------------------------------
2026-01-11 21:38:56 [INFO] Request started
2026-01-11 21:38:56 [INFO] Building plan for 2025-01-01 using ProgrammeProvider.
2026-01-11 21:38:56 [INFO] Tentative avec le provider de programme: PmuProgrammeProvider
2026-01-11 21:38:56 [INFO] [PmuProgrammeProvider] Tentative de récupération pour le 2025-01-01 (implémentation factice).
2026-01-11 21:38:57 [INFO] Tentative avec le provider de programme: GenyProgrammeProvider
2026-01-11 21:38:57 [INFO] [GenyProgrammeProvider] Tentative de récupération pour le 2025-01-01 (implémentation factice).
2026-01-11 21:38:57 [INFO] Tentative avec le provider de programme: BoturfersProgrammeProvider
2026-01-11 21:38:57 [WARNING] Aucun provider de programme n'a pu fournir de plan.
2026-01-11 21:38:57 [WARNING] Failed to fetch programme for 2025-01-01 from any source.
2026-01-11 21:38:57 [INFO] Request finished
2026-01-11 21:38:57 [INFO] HTTP Request: GET http://testserver/api/pronostics?date=2025-01-01 "HTTP/1.1 200 OK"
PASSED                                                                   [ 15%]
------------------------------ live log teardown -------------------------------
2026-01-11 21:38:57 [INFO] Shutting down Hippique Orchestrator.

tests/test_api_endpoints.py::test_api_pronostics_etag_304_not_modified FAILED [ 15%]
tests/test_api_endpoints.py::test_api_pronostics_rich_response_structure FAILED [ 15%]
tests/test_api_integration.py::test_health_check_returns_ok 
-------------------------------- live log call ---------------------------------
2026-01-11 21:38:57 [INFO] Request started
2026-01-11 21:38:57 [INFO] Request finished
2026-01-11 21:38:57 [INFO] HTTP Request: GET http://testserver/health "HTTP/1.1 200 OK"
PASSED                                                                   [ 15%]
tests/test_api_integration.py::test_debug_config_returns_ok_and_has_expected_keys 
-------------------------------- live log call ---------------------------------
2026-01-11 21:38:57 [INFO] Request started
2026-01-11 21:38:57 [INFO] Request finished
2026-01-11 21:38:57 [INFO] HTTP Request: GET http://testserver/debug/config "HTTP/1.1 200 OK"
PASSED                                                                   [ 15%]
tests/test_api_integration.py::test_get_pronostics_api_with_mocked_data 
-------------------------------- live log call ---------------------------------
2026-01-11 21:38:57 [INFO] Request started
2026-01-11 21:38:57 [INFO] Request finished
2026-01-11 21:38:57 [INFO] HTTP Request: GET http://testserver/api/pronostics?date=2023-01-20 "HTTP/1.1 200 OK"
PASSED                                                                   [ 15%]
tests/test_api_security.py::test_schedule_endpoint_is_protected_by_api_key 
-------------------------------- live log setup --------------------------------
2026-01-11 21:38:57 [INFO] Starting Hippique Orchestrator v1.0.0
-------------------------------- live log call ---------------------------------
2026-01-11 21:38:57 [INFO] Request started
2026-01-11 21:38:57 [INFO] Request finished
2026-01-11 21:38:57 [INFO] HTTP Request: POST http://testserver/schedule "HTTP/1.1 403 Forbidden"
PASSED                                                                   [ 15%]
------------------------------ live log teardown -------------------------------
2026-01-11 21:38:57 [INFO] Shutting down Hippique Orchestrator.

tests/test_api_security.py::test_api_key_authentication 
-------------------------------- live log setup --------------------------------
2026-01-11 21:38:57 [INFO] Starting Hippique Orchestrator v1.0.0
-------------------------------- live log call ---------------------------------
2026-01-11 21:38:57 [INFO] Request started
2026-01-11 21:38:57 [INFO] Request finished
2026-01-11 21:38:57 [INFO] HTTP Request: POST http://testserver/schedule "HTTP/1.1 403 Forbidden"
2026-01-11 21:38:57 [INFO] Request started
2026-01-11 21:38:57 [INFO] Request finished
2026-01-11 21:38:57 [INFO] HTTP Request: POST http://testserver/schedule "HTTP/1.1 403 Forbidden"
2026-01-11 21:38:57 [INFO] Request started
2026-01-11 21:38:57 [INFO] Received request to schedule day races. Force: False, Dry Run: True
2026-01-11 21:38:57 [WARNING] No races found in plan for 2025-01-01. Nothing to schedule.
2026-01-11 21:38:57 [INFO] Request finished
2026-01-11 21:38:57 [INFO] HTTP Request: POST http://testserver/schedule "HTTP/1.1 200 OK"
2026-01-11 21:38:57 [INFO] Request started
2026-01-11 21:38:57 [INFO] Request finished
2026-01-11 21:38:57 [INFO] HTTP Request: POST http://testserver/schedule "HTTP/1.1 403 Forbidden"
PASSED                                                                   [ 15%]
------------------------------ live log teardown -------------------------------
2026-01-11 21:38:57 [INFO] Shutting down Hippique Orchestrator.

tests/test_api_security.py::test_ops_run_endpoint_security 
-------------------------------- live log setup --------------------------------
2026-01-11 21:38:57 [INFO] Starting Hippique Orchestrator v1.0.0
-------------------------------- live log call ---------------------------------
2026-01-11 21:38:57 [INFO] Request started
2026-01-11 21:38:57 [INFO] Request finished
2026-01-11 21:38:57 [INFO] HTTP Request: POST http://testserver/ops/run?rc=R1C1 "HTTP/1.1 403 Forbidden"
2026-01-11 21:38:57 [INFO] Request started
2026-01-11 21:38:57 [INFO] Request finished
2026-01-11 21:38:57 [INFO] HTTP Request: POST http://testserver/ops/run?rc=R1C1 "HTTP/1.1 403 Forbidden"
PASSED                                                                   [ 16%]
------------------------------ live log teardown -------------------------------
2026-01-11 21:38:57 [INFO] Shutting down Hippique Orchestrator.

tests/test_api_security.py::test_ops_status_endpoint_security 
-------------------------------- live log setup --------------------------------
2026-01-11 21:38:57 [INFO] Starting Hippique Orchestrator v1.0.0
-------------------------------- live log call ---------------------------------
2026-01-11 21:38:57 [INFO] Request started
2026-01-11 21:38:57 [INFO] Request finished
2026-01-11 21:38:57 [INFO] HTTP Request: GET http://testserver/ops/status?date=2025-01-01 "HTTP/1.1 403 Forbidden"
PASSED                                                                   [ 16%]
------------------------------ live log teardown -------------------------------
2026-01-11 21:38:57 [INFO] Shutting down Hippique Orchestrator.

tests/test_api_security.py::test_api_key_not_required 
-------------------------------- live log setup --------------------------------
2026-01-11 21:38:57 [INFO] Starting Hippique Orchestrator v1.0.0
-------------------------------- live log call ---------------------------------
2026-01-11 21:38:57 [INFO] Request started
2026-01-11 21:38:57 [INFO] Received request to schedule day races. Force: False, Dry Run: True
2026-01-11 21:38:57 [WARNING] No races found in plan for 2025-01-01. Nothing to schedule.
2026-01-11 21:38:57 [INFO] Request finished
2026-01-11 21:38:57 [INFO] HTTP Request: POST http://testserver/schedule "HTTP/1.1 200 OK"
PASSED                                                                   [ 16%]
------------------------------ live log teardown -------------------------------
2026-01-11 21:38:57 [INFO] Shutting down Hippique Orchestrator.

tests/test_api_security.py::test_task_worker_endpoint_security 
-------------------------------- live log setup --------------------------------
2026-01-11 21:38:57 [INFO] Starting Hippique Orchestrator v1.0.0
-------------------------------- live log call ---------------------------------
2026-01-11 21:38:57 [INFO] Request started
2026-01-11 21:38:57 [INFO] Request finished
2026-01-11 21:38:57 [INFO] HTTP Request: POST http://testserver/tasks/run-phase "HTTP/1.1 403 Forbidden"
PASSED                                                                   [ 16%]
------------------------------ live log teardown -------------------------------
2026-01-11 21:38:57 [INFO] Shutting down Hippique Orchestrator.

tests/test_api_security.py::test_task_worker_valid_token 
-------------------------------- live log setup --------------------------------
2026-01-11 21:38:57 [INFO] Starting Hippique Orchestrator v1.0.0
-------------------------------- live log call ---------------------------------
2026-01-11 21:38:57 [INFO] Request started
2026-01-11 21:38:57 [INFO] Received run-phase request for http://example.com/2025-01-01/R1C1-test (phase: H-5)
2026-01-11 21:38:57 [INFO] Firestore client initialized for project 'test-project'.
2026-01-11 21:38:57 [INFO] Updating Firestore document
2026-01-11 21:38:57 [INFO] Run phase completed successfully for http://example.com/2025-01-01/R1C1-test (phase: H-5)
2026-01-11 21:38:57 [INFO] Request finished
2026-01-11 21:38:57 [INFO] HTTP Request: POST http://testserver/tasks/run-phase "HTTP/1.1 200 OK"
PASSED                                                                   [ 16%]
------------------------------ live log teardown -------------------------------
2026-01-11 21:38:57 [INFO] Shutting down Hippique Orchestrator.

tests/test_api_security.py::test_task_worker_google_auth_fails 
-------------------------------- live log setup --------------------------------
2026-01-11 21:38:57 [INFO] Starting Hippique Orchestrator v1.0.0
-------------------------------- live log call ---------------------------------
2026-01-11 21:38:57 [INFO] Request started
2026-01-11 21:38:57 [INFO] Request finished
2026-01-11 21:38:57 [INFO] HTTP Request: POST http://testserver/tasks/run-phase "HTTP/1.1 401 Unauthorized"
PASSED                                                                   [ 16%]
------------------------------ live log teardown -------------------------------
2026-01-11 21:38:57 [INFO] Shutting down Hippique Orchestrator.

tests/test_api_security.py::test_task_worker_invalid_token_scheme 
-------------------------------- live log setup --------------------------------
2026-01-11 21:38:57 [INFO] Starting Hippique Orchestrator v1.0.0
-------------------------------- live log call ---------------------------------
2026-01-11 21:38:57 [INFO] Request started
2026-01-11 21:38:57 [INFO] Request finished
2026-01-11 21:38:57 [INFO] HTTP Request: POST http://testserver/tasks/run-phase "HTTP/1.1 401 Unauthorized"
PASSED                                                                   [ 16%]
------------------------------ live log teardown -------------------------------
2026-01-11 21:38:57 [INFO] Shutting down Hippique Orchestrator.

tests/test_api_security.py::test_snapshot_9h_endpoint_security 
-------------------------------- live log setup --------------------------------
2026-01-11 21:38:57 [INFO] Starting Hippique Orchestrator v1.0.0
-------------------------------- live log call ---------------------------------
2026-01-11 21:38:57 [INFO] Request started
2026-01-11 21:38:57 [INFO] Request finished
2026-01-11 21:38:57 [INFO] HTTP Request: POST http://testserver/tasks/snapshot-9h "HTTP/1.1 403 Forbidden"
PASSED                                                                   [ 16%]
------------------------------ live log teardown -------------------------------
2026-01-11 21:38:57 [INFO] Shutting down Hippique Orchestrator.

tests/test_api_security.py::test_bootstrap_day_endpoint_security 
-------------------------------- live log setup --------------------------------
2026-01-11 21:38:57 [INFO] Starting Hippique Orchestrator v1.0.0
-------------------------------- live log call ---------------------------------
2026-01-11 21:38:57 [INFO] Request started
2026-01-11 21:38:57 [INFO] Request finished
2026-01-11 21:38:57 [INFO] HTTP Request: POST http://testserver/tasks/bootstrap-day "HTTP/1.1 403 Forbidden"
PASSED                                                                   [ 16%]
------------------------------ live log teardown -------------------------------
2026-01-11 21:38:57 [INFO] Shutting down Hippique Orchestrator.

tests/test_api_security.py::test_ops_run_endpoint_accessible_when_auth_not_required 
-------------------------------- live log setup --------------------------------
2026-01-11 21:38:57 [INFO] Starting Hippique Orchestrator v1.0.0
-------------------------------- live log call ---------------------------------
2026-01-11 21:38:57 [INFO] Request started
2026-01-11 21:38:57 [INFO] Manual run triggered for race R1C1 on 2026-01-11
2026-01-11 21:38:57 [INFO] Successfully processed and saved manual run for 2026-01-11_R1C1
2026-01-11 21:38:57 [INFO] Request finished
2026-01-11 21:38:57 [INFO] HTTP Request: POST http://testserver/ops/run?rc=R1C1 "HTTP/1.1 200 OK"
PASSED                                                                   [ 16%]
------------------------------ live log teardown -------------------------------
2026-01-11 21:38:57 [INFO] Shutting down Hippique Orchestrator.

tests/test_api_security.py::test_ops_status_endpoint_accessible_when_auth_not_required 
-------------------------------- live log setup --------------------------------
2026-01-11 21:38:57 [INFO] Starting Hippique Orchestrator v1.0.0
-------------------------------- live log call ---------------------------------
2026-01-11 21:38:57 [INFO] Request started
2026-01-11 21:38:57 [INFO] Request finished
2026-01-11 21:38:57 [INFO] HTTP Request: GET http://testserver/ops/status?date=2025-01-01 "HTTP/1.1 200 OK"
PASSED                                                                   [ 16%]
------------------------------ live log teardown -------------------------------
2026-01-11 21:38:57 [INFO] Shutting down Hippique Orchestrator.

tests/test_api_tasks.py::test_snapshot_9h_task_success 
-------------------------------- live log call ---------------------------------
2026-01-11 21:38:57 [INFO] Request started
2026-01-11 21:38:57 [INFO] Received snapshot-9h request for 2026-01-11 with URLs: [], RC Labels: []
2026-01-11 21:38:57 [INFO] Snapshot-9h completed successfully for 2026-01-11.
2026-01-11 21:38:57 [INFO] Request finished
2026-01-11 21:38:57 [INFO] HTTP Request: POST http://testserver/tasks/snapshot-9h "HTTP/1.1 200 OK"
PASSED                                                                   [ 17%]
tests/test_api_tasks.py::test_snapshot_9h_task_with_specific_date_and_urls 
-------------------------------- live log call ---------------------------------
2026-01-11 21:38:57 [INFO] Request started
2026-01-11 21:38:57 [INFO] Received snapshot-9h request for 2025-10-26 with URLs: ['http://example.com/r1c1', 'http://example.com/r1c2'], RC Labels: []
2026-01-11 21:38:57 [INFO] Snapshot-9h completed successfully for 2025-10-26.
2026-01-11 21:38:57 [INFO] Request finished
2026-01-11 21:38:57 [INFO] HTTP Request: POST http://testserver/tasks/snapshot-9h "HTTP/1.1 200 OK"
PASSED                                                                   [ 17%]
tests/test_api_tasks.py::test_run_phase_task_success 
-------------------------------- live log call ---------------------------------
2026-01-11 21:38:57 [INFO] Request started
2026-01-11 21:38:57 [INFO] Received run-phase request for http://example.com/race/2025-12-29/R1C1-prix-de-la-course (phase: H30)
2026-01-11 21:38:57 [INFO] Run phase completed successfully for http://example.com/race/2025-12-29/R1C1-prix-de-la-course (phase: H30)
2026-01-11 21:38:57 [INFO] Request finished
2026-01-11 21:38:57 [INFO] HTTP Request: POST http://testserver/tasks/run-phase "HTTP/1.1 200 OK"
PASSED                                                                   [ 17%]
tests/test_api_tasks.py::test_run_phase_task_runner_returns_error 
-------------------------------- live log call ---------------------------------
2026-01-11 21:38:57 [INFO] Request started
2026-01-11 21:38:57 [INFO] Received run-phase request for http://example.com/R1C1 (phase: H5)
2026-01-11 21:38:57 [INFO] Updating Firestore document
2026-01-11 21:38:57 [INFO] Run phase completed successfully for http://example.com/R1C1 (phase: H5)
2026-01-11 21:38:57 [INFO] Request finished
2026-01-11 21:38:57 [INFO] HTTP Request: POST http://testserver/tasks/run-phase "HTTP/1.1 200 OK"
PASSED                                                                   [ 17%]
tests/test_api_tasks.py::test_run_phase_task_exception_handling 
-------------------------------- live log call ---------------------------------
2026-01-11 21:38:57 [INFO] Request started
2026-01-11 21:38:57 [INFO] Received run-phase request for http://example.com/R1C1 (phase: H5)
2026-01-11 21:38:57 [ERROR] Exception during run-phase for http://example.com/R1C1 (phase: H5): unexpected_error
Traceback (most recent call last):
  File "/home/francoisosmozis/hippique-orchestrator/hippique_orchestrator/api/tasks.py", line 58, in run_phase_task
    analysis_result = await run_course(
                      ^^^^^^^^^^^^^^^^^
  File "/usr/lib/python3.12/unittest/mock.py", line 2262, in _execute_mock_call
    raise effect
Exception: unexpected_error
2026-01-11 21:38:57 [INFO] Request finished
2026-01-11 21:38:57 [INFO] HTTP Request: POST http://testserver/tasks/run-phase "HTTP/1.1 500 Internal Server Error"
PASSED                                                                   [ 17%]
tests/test_api_tasks.py::test_snapshot_9h_task_exception 
-------------------------------- live log call ---------------------------------
2026-01-11 21:38:57 [INFO] Request started
2026-01-11 21:38:57 [INFO] Received snapshot-9h request for 2025-10-26 with URLs: [], RC Labels: []
2026-01-11 21:38:57 [ERROR] Exception during snapshot-9h for 2025-10-26: Storage error
Traceback (most recent call last):
  File "/home/francoisosmozis/hippique-orchestrator/hippique_orchestrator/api/tasks.py", line 111, in snapshot_9h_task
    await write_snapshot_for_day_async(
  File "/usr/lib/python3.12/unittest/mock.py", line 2262, in _execute_mock_call
    raise effect
Exception: Storage error
2026-01-11 21:38:57 [INFO] Request finished
2026-01-11 21:38:57 [INFO] HTTP Request: POST http://testserver/tasks/snapshot-9h "HTTP/1.1 500 Internal Server Error"
PASSED                                                                   [ 17%]
tests/test_api_tasks.py::test_bootstrap_day_task_exception 
-------------------------------- live log call ---------------------------------
2026-01-11 21:38:57 [INFO] Request started
2026-01-11 21:38:57 [INFO] Received request to bootstrap day 2025-10-26
2026-01-11 21:38:57 [INFO] Building daily plan for 2025-10-26...
2026-01-11 21:38:57 [ERROR] Exception during bootstrap-day for 2025-10-26: Plan build failed
Traceback (most recent call last):
  File "/home/francoisosmozis/hippique-orchestrator/hippique_orchestrator/api/tasks.py", line 166, in bootstrap_day_task
    plan = await build_plan_async(target_date_str)
           ^^^^^^^^^^^^^^^^^^^^^^^^^^^^^^^^^^^^^^^
  File "/usr/lib/python3.12/unittest/mock.py", line 2262, in _execute_mock_call
    raise effect
Exception: Plan build failed
2026-01-11 21:38:57 [INFO] Request finished
2026-01-11 21:38:57 [INFO] HTTP Request: POST http://testserver/tasks/bootstrap-day "HTTP/1.1 500 Internal Server Error"
PASSED                                                                   [ 17%]
tests/test_api_tasks.py::test_run_phase_task_infers_doc_id 
-------------------------------- live log call ---------------------------------
2026-01-11 21:38:57 [INFO] Request started
2026-01-11 21:38:57 [INFO] Received run-phase request for http://example.com/2025-01-01/R1C1-race (phase: H5)
2026-01-11 21:38:57 [INFO] Run phase completed successfully for http://example.com/2025-01-01/R1C1-race (phase: H5)
2026-01-11 21:38:57 [INFO] Request finished
2026-01-11 21:38:57 [INFO] HTTP Request: POST http://testserver/tasks/run-phase "HTTP/1.1 200 OK"
PASSED                                                                   [ 17%]
tests/test_api_tasks.py::test_bootstrap_day_task_success 
-------------------------------- live log call ---------------------------------
2026-01-11 21:38:57 [INFO] Request started
2026-01-11 21:38:57 [INFO] Received request to bootstrap day 2026-01-11
2026-01-11 21:38:57 [INFO] Building daily plan for 2026-01-11...
2026-01-11 21:38:57 [INFO] Plan built: 2 races for 2026-01-11.
2026-01-11 21:38:57 [INFO] Request finished
2026-01-11 21:38:57 [INFO] HTTP Request: POST http://testserver/tasks/bootstrap-day "HTTP/1.1 200 OK"
PASSED                                                                   [ 17%]
tests/test_api_tasks.py::test_bootstrap_day_task_empty_plan 
-------------------------------- live log call ---------------------------------
2026-01-11 21:38:57 [INFO] Request started
2026-01-11 21:38:57 [INFO] Received request to bootstrap day 2026-01-11
2026-01-11 21:38:57 [INFO] Building daily plan for 2026-01-11...
2026-01-11 21:38:57 [WARNING] Empty plan for 2026-01-11. No tasks to schedule.
2026-01-11 21:38:57 [INFO] Request finished
2026-01-11 21:38:57 [INFO] HTTP Request: POST http://testserver/tasks/bootstrap-day "HTTP/1.1 404 Not Found"
PASSED                                                                   [ 17%]
tests/test_concat_je_month.py::test_normalize_columns PASSED             [ 17%]
tests/test_concat_je_month.py::test_normalize_columns_missing_cols PASSED [ 18%]
tests/test_concat_je_month.py::test_infer_date_from_path[data/2026-01-01/some_file.csv-expected_date0] PASSED [ 18%]
tests/test_concat_je_month.py::test_infer_date_from_path[data/2025_12_31/other_file.csv-expected_date1] PASSED [ 18%]
tests/test_concat_je_month.py::test_infer_date_from_path[data/no_date_here.csv-None] PASSED [ 18%]
tests/test_concat_je_month.py::test_infer_date_from_path[data/20240229_special.csv-expected_date3] PASSED [ 18%]
tests/test_concat_je_month.py::test_load_and_filter PASSED               [ 18%]
tests/test_concat_je_month.py::test_summarize_month PASSED               [ 18%]
tests/test_concat_je_month.py::test_summarize_month_no_jockey_trainer_data PASSED [ 18%]
tests/test_concat_je_month.py::test_main_success PASSED                  [ 18%]
tests/test_concat_je_month.py::test_main_data_dir_not_found PASSED       [ 18%]
tests/test_concat_je_month.py::test_main_no_csv_files_found PASSED       [ 18%]
tests/test_cron_decider.py::test_load_meetings_from_dict_key_meetings PASSED [ 18%]
tests/test_cron_decider.py::test_load_meetings_from_dict_key_reunions PASSED [ 19%]
tests/test_cron_decider.py::test_load_meetings_from_dict_key_data PASSED [ 19%]
tests/test_cron_decider.py::test_load_meetings_from_list PASSED          [ 19%]
tests/test_cron_decider.py::test_load_meetings_invalid_json_raises_error PASSED [ 19%]
tests/test_cron_decider.py::test_parse_start_iso_timestamp PASSED        [ 19%]
tests/test_cron_decider.py::test_parse_start_hh_mm_with_date_hint PASSED [ 19%]
tests/test_cron_decider.py::test_parse_start_invalid_format PASSED       [ 19%]
tests/test_cron_decider.py::test_parse_start_hh_mm_no_date_hint PASSED   [ 19%]
tests/test_cron_decider.py::test_invoke_runner 
-------------------------------- live log call ---------------------------------
2026-01-11 21:38:58 [WARNING] Environment variable ALLOW_HEURISTIC not set; using default '0'
PASSED                                                                   [ 19%]
tests/test_cron_decider.py::test_main_meetings_file_not_found PASSED     [ 19%]
tests/test_cron_decider.py::test_main_happy_path_h5 PASSED               [ 19%]
tests/test_cron_decider.py::test_main_happy_path_h30 PASSED              [ 20%]
tests/test_cron_decider.py::test_main_no_trigger_outside_window PASSED   [ 20%]
tests/test_cron_decider.py::test_main_no_trigger_if_missing_info PASSED  [ 20%]
tests/test_cron_decider.py::test_main_empty_meetings_file PASSED         [ 20%]
tests/test_cron_decider.py::test_main_trigger_at_window_edge PASSED      [ 20%]
tests/test_data_contract.py::test_quality_score_ok PASSED                [ 20%]
tests/test_data_contract.py::test_quality_score_degraded_missing_odds PASSED [ 20%]
tests/test_data_contract.py::test_quality_score_failed_too_many_missing_odds PASSED [ 20%]
tests/test_data_contract.py::test_quality_score_failed_no_runners PASSED [ 20%]
tests/test_data_contract.py::test_quality_score_degraded_missing_musique PASSED [ 20%]
tests/test_data_source.py::test_fetch_programme_routes_to_boturfers 
-------------------------------- live log call ---------------------------------
2026-01-11 21:38:58 [INFO] Fetching programme via SourceRegistry using URL: http://example.com
PASSED                                                                   [ 20%]
tests/test_data_source.py::test_fetch_race_details_routes_to_boturfers[https://www.boturfers.fr/c/2025-01-01/r1c1-hippique_orchestrator.data_source.source_registry.fetch_snapshot] FAILED [ 20%]
tests/test_data_source.py::test_fetch_race_details_routes_to_boturfers[http://some-other-site.com/race-hippique_orchestrator.data_source.source_registry.fetch_snapshot] FAILED [ 21%]
tests/test_data_source.py::test_fetch_race_details_routes_to_zeturf[https://www.zeturf.fr/fr/course/2025-12-25/R1C2-test-hippique_orchestrator.data_source.source_registry.fetch_snapshot] FAILED [ 21%]
tests/test_data_source.py::test_fetch_race_details_routes_to_zeturf[http://zeturf.com/R1C1-hippique_orchestrator.data_source.source_registry.fetch_snapshot] FAILED [ 21%]
tests/test_dutching_allocation.py::test_equal_profit_stakes_sum PASSED   [ 21%]
tests/test_dutching_utils.py::test_equal_profit_stakes_valid_input PASSED [ 21%]
tests/test_dutching_utils.py::test_equal_profit_stakes_empty_odds_list PASSED [ 21%]
tests/test_dutching_utils.py::test_equal_profit_stakes_invalid_odds_list[odds_list0] PASSED [ 21%]
tests/test_dutching_utils.py::test_equal_profit_stakes_invalid_odds_list[odds_list1] PASSED [ 21%]
tests/test_dutching_utils.py::test_equal_profit_stakes_invalid_odds_list[odds_list2] PASSED [ 21%]
tests/test_dutching_utils.py::test_equal_profit_stakes_invalid_odds_list[odds_list3] PASSED [ 21%]
tests/test_dutching_utils.py::test_diversify_guard_no_correlation PASSED [ 21%]
tests/test_dutching_utils.py::test_diversify_guard_correlated_same_stable_driver_within_threshold PASSED [ 22%]
tests/test_dutching_utils.py::test_diversify_guard_correlated_same_stable_driver_outside_threshold PASSED [ 22%]
tests/test_dutching_utils.py::test_diversify_guard_different_stable_same_driver PASSED [ 22%]
tests/test_dutching_utils.py::test_diversify_guard_same_stable_different_driver PASSED [ 22%]
tests/test_dutching_utils.py::test_diversify_guard_missing_ecurie_or_driver_lenient PASSED [ 22%]
tests/test_dutching_utils.py::test_diversify_guard_missing_chrono_lenient PASSED [ 22%]
tests/test_dutching_utils.py::test_diversify_guard_empty_list PASSED     [ 22%]
tests/test_dutching_utils.py::test_diversify_guard_single_horse PASSED   [ 22%]
tests/test_dutching_utils.py::test_require_mid_odds_found PASSED         [ 22%]
tests/test_dutching_utils.py::test_require_mid_odds_not_found_all_low PASSED [ 22%]
tests/test_dutching_utils.py::test_require_mid_odds_not_found_all_high PASSED [ 22%]
tests/test_dutching_utils.py::test_require_mid_odds_empty_list PASSED    [ 22%]
tests/test_dutching_utils.py::test_require_mid_odds_missing_odds PASSED  [ 23%]
tests/test_dutching_utils.py::test_require_mid_odds_non_numeric_odds_ignored PASSED [ 23%]
tests/test_env_utils.py::test_get_env_missing_warns 
-------------------------------- live log call ---------------------------------
2026-01-11 21:38:59 [WARNING] Environment variable MISSING_VAR not set; using default 'fallback'
PASSED                                                                   [ 23%]
tests/test_env_utils.py::test_get_env_required_missing_logs_critical 
-------------------------------- live log call ---------------------------------
2026-01-11 21:38:59 [CRITICAL] Missing required environment variable 'REQUIRED_MISSING'. App may not function correctly.
PASSED                                                                   [ 23%]
tests/test_env_utils.py::test_get_env_required_missing_in_prod_exits 
-------------------------------- live log call ---------------------------------
2026-01-11 21:38:59 [CRITICAL] Missing required environment variable 'MY_VAR'. App may not function correctly.
2026-01-11 21:38:59 [CRITICAL] IS_PROD=True. Exiting.
PASSED                                                                   [ 23%]
tests/test_env_utils.py::test_get_env_required_missing_in_prod_exits_variations[true] 
-------------------------------- live log call ---------------------------------
2026-01-11 21:38:59 [CRITICAL] Missing required environment variable 'MY_VAR'. App may not function correctly.
2026-01-11 21:38:59 [CRITICAL] IS_PROD=True. Exiting.
PASSED                                                                   [ 23%]
tests/test_env_utils.py::test_get_env_required_missing_in_prod_exits_variations[True] 
-------------------------------- live log call ---------------------------------
2026-01-11 21:38:59 [CRITICAL] Missing required environment variable 'MY_VAR'. App may not function correctly.
2026-01-11 21:38:59 [CRITICAL] IS_PROD=True. Exiting.
PASSED                                                                   [ 23%]
tests/test_env_utils.py::test_get_env_required_missing_in_prod_exits_variations[1] 
-------------------------------- live log call ---------------------------------
2026-01-11 21:38:59 [CRITICAL] Missing required environment variable 'MY_VAR'. App may not function correctly.
2026-01-11 21:38:59 [CRITICAL] IS_PROD=True. Exiting.
PASSED                                                                   [ 23%]
tests/test_env_utils.py::test_get_env_required_missing_in_prod_exits_variations[t] 
-------------------------------- live log call ---------------------------------
2026-01-11 21:38:59 [CRITICAL] Missing required environment variable 'MY_VAR'. App may not function correctly.
2026-01-11 21:38:59 [CRITICAL] IS_PROD=True. Exiting.
PASSED                                                                   [ 23%]
tests/test_env_utils.py::test_get_env_required_missing_in_prod_exits_variations[yes] 
-------------------------------- live log call ---------------------------------
2026-01-11 21:38:59 [CRITICAL] Missing required environment variable 'MY_VAR'. App may not function correctly.
2026-01-11 21:38:59 [CRITICAL] IS_PROD=True. Exiting.
PASSED                                                                   [ 23%]
tests/test_env_utils.py::test_get_env_required_missing_in_prod_exits_variations[y] 
-------------------------------- live log call ---------------------------------
2026-01-11 21:38:59 [CRITICAL] Missing required environment variable 'MY_VAR'. App may not function correctly.
2026-01-11 21:38:59 [CRITICAL] IS_PROD=True. Exiting.
PASSED                                                                   [ 23%]
tests/test_env_utils.py::test_get_env_alias_support 
-------------------------------- live log call ---------------------------------
2026-01-11 21:38:59 [INFO] Environment variable ALIAS_VAR='alias_value' used as alias for PRIMARY_VAR
PASSED                                                                   [ 24%]
tests/test_env_utils.py::test_get_env_casting_error_returns_default 
-------------------------------- live log call ---------------------------------
2026-01-11 21:38:59 [ERROR] Invalid value for environment variable 'INT_VAR': 'not-an-int'. Returning default.
Traceback (most recent call last):
  File "/home/francoisosmozis/hippique-orchestrator/config/env_utils.py", line 84, in get_env
    value = cast(raw_value)
            ^^^^^^^^^^^^^^^
ValueError: invalid literal for int() with base 10: 'not-an-int'
PASSED                                                                   [ 24%]
tests/test_env_utils.py::test_get_env_value_equals_default_no_override_log PASSED [ 24%]
tests/test_env_utils.py::test_get_env_required_missing_non_prod_logs_critical_no_exit 
-------------------------------- live log call ---------------------------------
2026-01-11 21:38:59 [CRITICAL] Missing required environment variable 'NON_PROD_REQUIRED'. App may not function correctly.
PASSED                                                                   [ 24%]
tests/test_env_utils.py::test_get_env_fail_fast_on_config_error 
-------------------------------- live log call ---------------------------------
2026-01-11 21:38:59 [CRITICAL] Missing required environment variable 'MY_VAR'. App may not function correctly.
2026-01-11 21:38:59 [CRITICAL] FAIL_FAST_ON_CONFIG_ERROR is true. Exiting.
PASSED                                                                   [ 24%]
tests/test_ev_calculator.py::test_make_hashable_hashable_types PASSED    [ 24%]
tests/test_ev_calculator.py::test_make_hashable_list PASSED              [ 24%]
tests/test_ev_calculator.py::test_make_hashable_dict PASSED              [ 24%]
tests/test_ev_calculator.py::test_make_hashable_nested_structures PASSED [ 24%]
tests/test_ev_calculator.py::test_make_hashable_unhashable_fallback PASSED [ 24%]
tests/test_ev_calculator.py::test_kelly_fraction_valid_inputs PASSED     [ 24%]
tests/test_ev_calculator.py::test_kelly_fraction_probability_out_of_range PASSED [ 25%]
tests/test_ev_calculator.py::test_kelly_fraction_odds_out_of_range PASSED [ 25%]
tests/test_ev_calculator.py::test_apply_dutching_single_group PASSED     [ 25%]
tests/test_ev_calculator.py::test_apply_dutching_multiple_groups PASSED  [ 25%]
tests/test_ev_calculator.py::test_apply_dutching_no_dutching_groups PASSED [ 25%]
tests/test_ev_calculator.py::test_apply_dutching_mixed_groups PASSED     [ 25%]
tests/test_ev_calculator.py::test_apply_dutching_invalid_odds_in_group PASSED [ 25%]
tests/test_ev_calculator.py::test_apply_dutching_single_valid_ticket_in_group PASSED [ 25%]
tests/test_ev_calculator.py::test_apply_dutching_group_too_small PASSED  [ 25%]
tests/test_ev_calculator.py::test_ticket_label_with_id PASSED            [ 25%]
tests/test_ev_calculator.py::test_ticket_label_with_name PASSED          [ 25%]
tests/test_ev_calculator.py::test_ticket_label_with_label PASSED         [ 25%]
tests/test_ev_calculator.py::test_ticket_label_with_selection PASSED     [ 26%]
tests/test_ev_calculator.py::test_ticket_label_with_runner PASSED        [ 26%]
tests/test_ev_calculator.py::test_ticket_label_no_label_keys_falls_back_to_index PASSED [ 26%]
tests/test_ev_calculator.py::test_ticket_label_empty_string_values_falls_back_to_index PASSED [ 26%]
tests/test_ev_calculator.py::test_clone_leg_dict PASSED                  [ 26%]
tests/test_ev_calculator.py::test_clone_leg_list_of_dicts PASSED         [ 26%]
tests/test_ev_calculator.py::test_clone_leg_primitive_type PASSED        [ 26%]
tests/test_ev_calculator.py::test_prepare_legs_for_covariance_with_legs_for_probability PASSED [ 26%]
tests/test_ev_calculator.py::test_prepare_legs_for_covariance_with_legs_details PASSED [ 26%]
tests/test_ev_calculator.py::test_prepare_legs_for_covariance_with_legs PASSED [ 26%]
tests/test_ev_calculator.py::test_prepare_legs_for_covariance_with_id_only PASSED [ 26%]
tests/test_ev_calculator.py::test_prepare_legs_for_covariance_no_identifiable_legs PASSED [ 27%]
tests/test_ev_calculator.py::test_ticket_dependency_keys_with_ticket_id PASSED [ 27%]
tests/test_ev_calculator.py::test_ticket_dependency_keys_with_selection_id PASSED [ 27%]
tests/test_ev_calculator.py::test_ticket_dependency_keys_with_leg_id_in_legs PASSED [ 27%]
tests/test_ev_calculator.py::test_ticket_dependency_keys_with_mixed_dependencies PASSED [ 27%]
tests/test_ev_calculator.py::test_ticket_dependency_keys_empty PASSED    [ 27%]
tests/test_ev_calculator.py::test_prepare_ticket_dependencies PASSED     [ 27%]
tests/test_ev_calculator.py::test_rho_for_shared_exposures_id_dependency PASSED [ 27%]
tests/test_ev_calculator.py::test_rho_for_shared_exposures_leg_dependency PASSED [ 27%]
tests/test_ev_calculator.py::test_rho_for_shared_exposures_no_specific_dependency PASSED [ 27%]
tests/test_ev_calculator.py::test_rho_for_shared_exposures_empty PASSED  [ 27%]
tests/test_ev_calculator.py::test_approx_joint_probability_independent PASSED [ 27%]
tests/test_ev_calculator.py::test_approx_joint_probability_positive_correlation PASSED [ 28%]
tests/test_ev_calculator.py::test_approx_joint_probability_negative_correlation PASSED [ 28%]
tests/test_ev_calculator.py::test_approx_joint_probability_rho_clipping PASSED [ 28%]
tests/test_ev_calculator.py::test_approx_joint_probability_lower_bound PASSED [ 28%]
tests/test_ev_calculator.py::test_merge_legs_no_duplicates PASSED        [ 28%]
tests/test_ev_calculator.py::test_merge_legs_with_duplicates PASSED      [ 28%]
tests/test_ev_calculator.py::test_merge_legs_with_dict_duplicates PASSED [ 28%]
tests/test_ev_calculator.py::test_merge_legs_empty_inputs PASSED         [ 28%]
tests/test_ev_calculator.py::test_simulate_joint_probability_no_simulate_fn PASSED [ 28%]
tests/test_ev_calculator.py::test_simulate_joint_probability_no_legs PASSED [ 28%]
tests/test_ev_calculator.py::test_simulate_joint_probability_with_simulate_fn_no_cache PASSED [ 28%]
tests/test_ev_calculator.py::test_simulate_joint_probability_with_simulate_fn_and_cache_miss PASSED [ 29%]
tests/test_ev_calculator.py::test_simulate_joint_probability_with_simulate_fn_and_cache_hit PASSED [ 29%]
tests/test_ev_calculator.py::test_estimate_joint_probability_with_simulate_fn_and_cache PASSED [ 29%]
tests/test_ev_calculator.py::test_estimate_joint_probability_with_simulate_fn_no_cache PASSED [ 29%]
tests/test_ev_calculator.py::test_estimate_joint_probability_no_simulate_fn_uses_approx PASSED [ 29%]
tests/test_ev_calculator.py::test_estimate_joint_probability_with_copula_monte_carlo PASSED [ 29%]
tests/test_ev_calculator.py::test_covariance_from_joint_positive PASSED  [ 29%]
tests/test_ev_calculator.py::test_covariance_from_joint_negative PASSED  [ 29%]
tests/test_ev_calculator.py::test_covariance_from_joint_zero_probability PASSED [ 29%]
tests/test_ev_calculator.py::test_compute_joint_moments_no_tickets PASSED [ 29%]
tests/test_ev_calculator.py::test_compute_joint_moments_fewer_than_min_tickets PASSED [ 29%]
tests/test_ev_calculator.py::test_compute_joint_moments_no_shared_exposures PASSED [ 29%]
tests/test_ev_calculator.py::test_compute_joint_moments_with_shared_exposures_positive_covariance PASSED [ 30%]
tests/test_ev_calculator.py::test_compute_joint_moments_with_shared_exposures_negative_covariance PASSED [ 30%]
tests/test_ev_calculator.py::test_compute_joint_moments_covariance_below_threshold PASSED [ 30%]
tests/test_ev_calculator.py::test_risk_of_ruin[0.1-0.01-100-None-0.0] PASSED [ 30%]
tests/test_ev_calculator.py::test_risk_of_ruin[0.0-0.01-100-None-1.0] PASSED [ 30%]
tests/test_ev_calculator.py::test_risk_of_ruin[0.1-0.0-100-None-0.0] PASSED [ 30%]
tests/test_ev_calculator.py::test_risk_of_ruin[0.1-0.01-100-0.02-0.0] PASSED [ 30%]
tests/test_ev_calculator.py::test_risk_of_ruin[0.1-0.01-100-0.005-0.0] PASSED [ 30%]
tests/test_ev_calculator.py::test_risk_of_ruin[0.01-0.01-1-None-0.1353352832366127] PASSED [ 30%]
tests/test_ev_calculator.py::test_risk_of_ruin_invalid_bankroll PASSED   [ 30%]
tests/test_ev_calculator.py::test_risk_of_ruin_respects_baseline_variance PASSED [ 30%]
tests/test_ev_calculator.py::test_optimize_stake_allocation_with_scipy PASSED [ 31%]
tests/test_ev_calculator.py::test_optimize_stake_allocation_without_scipy_fallback_to_grid_search PASSED [ 31%]
tests/test_ev_calculator.py::test_optimize_stake_allocation_empty_tickets PASSED [ 31%]
tests/test_ev_calculator.py::test_process_single_ticket_p_provided PASSED [ 31%]
tests/test_ev_calculator.py::test_process_single_ticket_legs_provided_simulated_p PASSED [ 31%]
tests/test_ev_calculator.py::test_process_single_ticket_legs_provided_simulated_p_cached PASSED [ 31%]
tests/test_ev_calculator.py::test_process_single_ticket_no_p_or_legs_raises_value_error PASSED [ 31%]
tests/test_ev_calculator.py::test_process_single_ticket_invalid_p_raises_value_error PASSED [ 31%]
tests/test_ev_calculator.py::test_process_single_ticket_invalid_odds_raises_value_error PASSED [ 31%]
tests/test_ev_calculator.py::test_process_single_ticket_stake_capping_and_rounding PASSED [ 31%]
tests/test_ev_calculator.py::test_process_tickets_basic_functionality PASSED [ 31%]
tests/test_ev_calculator.py::test_calculate_ticket_metrics_single_ticket PASSED [ 31%]
tests/test_ev_calculator.py::test_calculate_ticket_metrics_with_combined_ticket PASSED [ 32%]
tests/test_ev_calculator.py::test_calculate_final_metrics_green_flag PASSED [ 32%]
tests/test_ev_calculator.py::test_calculate_final_metrics_red_flag_ev_ratio PASSED [ 32%]
tests/test_ev_calculator.py::test_calculate_final_metrics_red_flag_ror PASSED [ 32%]
tests/test_ev_calculator.py::test_compute_ev_roi_basic_functionality PASSED [ 32%]
tests/test_ev_calculator.py::test_compute_ev_roi_invalid_budget PASSED   [ 32%]
tests/test_ev_calculator.py::test_compute_ev_roi_invalid_variance_cap_config PASSED [ 32%]
tests/test_ev_calculator.py::test_compute_ev_roi_with_optimize_true PASSED [ 32%]
tests/test_ev_calculator.py::test_compute_ev_roi_variance_capping PASSED [ 32%]
tests/test_ev_thresholds.py::test_ev_sp_below_default_threshold 
-------------------------------- live log call ---------------------------------
2026-01-11 21:38:59 [INFO] [validate_ev] context {'p_success': None, 'payout_expected': None, 'stake': None, 'EV_ratio': None}
PASSED                                                                   [ 32%]
tests/test_ev_thresholds.py::test_ev_global_below_default_threshold 
-------------------------------- live log call ---------------------------------
2026-01-11 21:39:00 [INFO] [validate_ev] context {'p_success': None, 'payout_expected': None, 'stake': None, 'EV_ratio': None}
PASSED                                                                   [ 32%]
tests/test_ev_thresholds.py::test_validate_policy_roi_below_threshold PASSED [ 33%]
tests/test_ev_thresholds.py::test_validate_policy_raises_on_low_roi_message PASSED [ 33%]
tests/test_evaluate_combo.py::test_default_config_path_missing PASSED    [ 33%]
tests/test_evaluate_combo.py::test_env_path_missing PASSED               [ 33%]
tests/test_evaluate_combo.py::test_env_path_present PASSED               [ 33%]
tests/test_evaluate_combo.py::test_gates_when_calibration_missing PASSED [ 33%]
tests/test_evaluate_combo.py::test_override_missing_calibration 
-------------------------------- live log call ---------------------------------
2026-01-11 21:39:00 [WARNING] [COMBO] allow_heuristic override ignored; payout calibration is mandatory for combo evaluation.
PASSED                                                                   [ 33%]
tests/test_evaluate_combo.py::test_with_calibration PASSED               [ 33%]
tests/test_evaluate_combo.py::test_marks_unreliable_probabilities 
-------------------------------- live log call ---------------------------------
2026-01-11 21:39:00 [WARNING] [COMBO] allow_heuristic override ignored; payout calibration is mandatory for combo evaluation.
PASSED                                                                   [ 33%]
tests/test_fetch_je_stats.py::test_normalise_text[  Test String  -teststring] PASSED [ 33%]
tests/test_fetch_je_stats.py::test_normalise_text[\xc9curie Sp\xe9ciale-ecuriespeciale] PASSED [ 33%]
tests/test_fetch_je_stats.py::test_normalise_text[J. VANMEERBECK-jvanmeerbeck] PASSED [ 34%]
tests/test_fetch_je_stats.py::test_parse_percentage[R\xe9ussite jockey/cheval : 15%-15.0] PASSED [ 34%]
tests/test_fetch_je_stats.py::test_parse_percentage[Ratio: 3 / 10-30.0] PASSED [ 34%]
tests/test_fetch_je_stats.py::test_parse_percentage[Victoires : 5-5.0] PASSED [ 34%]
tests/test_fetch_je_stats.py::test_parse_percentage[Taux de r\xe9ussite : 0.25-25.0] PASSED [ 34%]
tests/test_fetch_je_stats.py::test_parse_percentage[Just a number 42.5 here-42.5] PASSED [ 34%]
tests/test_fetch_je_stats.py::test_parse_percentage[No number here-None] PASSED [ 34%]
tests/test_fetch_je_stats.py::test_parse_percentage[-None] PASSED        [ 34%]
tests/test_fetch_je_stats.py::test_parse_percentage[Victoires=10-10.0] PASSED [ 34%]
tests/test_fetch_je_stats.py::test_parse_percentage[12,5%-12.5] PASSED   [ 34%]
tests/test_fetch_je_stats.py::test_extract_links_from_horse_page ERROR   [ 34%]
tests/test_fetch_je_stats.py::test_extract_rate_from_profile ERROR       [ 34%]
tests/test_fetch_je_stats.py::test_discover_horse_url_by_name ERROR      [ 35%]
tests/test_fetch_je_stats.py::test_discover_horse_url_by_name_http_error 
-------------------------------- live log call ---------------------------------
2026-01-11 21:39:00 [WARNING] Failed to fetch Geny search results for Bold Eagle
PASSED                                                                   [ 35%]
tests/test_fetch_je_stats.py::test_parse_horse_percentages_success ERROR [ 35%]
tests/test_fetch_je_stats.py::test_parse_horse_percentages_handles_failures 
-------------------------------- live log call ---------------------------------
2026-01-11 21:39:00 [WARNING] Failed to fetch horse page http://horse.url
PASSED                                                                   [ 35%]
tests/test_fetch_je_stats.py::test_collect_stats_edge_cases[h5_data0-0-0-None] ERROR [ 35%]
tests/test_fetch_je_stats.py::test_collect_stats_edge_cases[h5_data1-0-1-] ERROR [ 35%]
tests/test_fetch_je_stats.py::test_collect_stats_edge_cases[h5_data2-0-1-] ERROR [ 35%]
tests/test_fetch_je_stats.py::test_collect_stats_edge_cases[h5_data3-100-1-] ERROR [ 35%]
tests/test_fetch_je_stats.py::test_discover_horse_url_by_name_empty_name PASSED [ 35%]
tests/test_fetch_je_stats.py::test_extract_rate_from_profile_not_found PASSED [ 35%]
tests/test_fetch_je_stats.py::test_main_function_calls_collect_stats PASSED [ 35%]
tests/test_fetch_je_stats.py::test_collect_stats_local_filesystem ERROR  [ 36%]
tests/test_fetch_je_stats.py::test_enrich_from_snapshot_calls_subprocess PASSED [ 36%]
tests/test_fetch_je_stats.py::test_collect_stats_integration ERROR       [ 36%]
tests/test_firestore_client.py::test_update_race_document_success 
-------------------------------- live log call ---------------------------------
2026-01-11 21:39:01 [INFO] Updating Firestore document
PASSED                                                                   [ 36%]
tests/test_firestore_client.py::test_update_race_document_handles_exception 
-------------------------------- live log call ---------------------------------
2026-01-11 21:39:01 [ERROR] Failed to update document some_id: Firestore unavailable
Traceback (most recent call last):
  File "/home/francoisosmozis/hippique-orchestrator/hippique_orchestrator/firestore_client.py", line 87, in update_race_document
    doc_ref = db_client.collection(config.FIRESTORE_COLLECTION).document(document_id)
              ^^^^^^^^^^^^^^^^^^^^^^^^^^^^^^^^^^^^^^^^^^^^^^^^^
  File "/usr/lib/python3.12/unittest/mock.py", line 1134, in __call__
    return self._mock_call(*args, **kwargs)
           ^^^^^^^^^^^^^^^^^^^^^^^^^^^^^^^^
  File "/usr/lib/python3.12/unittest/mock.py", line 1138, in _mock_call
    return self._execute_mock_call(*args, **kwargs)
           ^^^^^^^^^^^^^^^^^^^^^^^^^^^^^^^^^^^^^^^^
  File "/usr/lib/python3.12/unittest/mock.py", line 1193, in _execute_mock_call
    raise effect
Exception: Firestore unavailable
PASSED                                                                   [ 36%]
tests/test_firestore_client.py::test_update_race_document_skips_if_db_not_available PASSED [ 36%]
tests/test_firestore_client.py::test_get_races_for_date_success FAILED   [ 36%]
tests/test_firestore_client.py::test_get_races_for_date_empty FAILED     [ 36%]
tests/test_firestore_client.py::test_get_races_for_date_handles_exception FAILED [ 36%]
tests/test_firestore_client.py::test_get_races_for_date_skips_if_db_not_available FAILED [ 36%]
tests/test_firestore_client.py::test_get_doc_id_from_url[https://www.zeturf.fr/fr/course/2025-12-25/R1C2-test-pmu-2025-12-25-2025-12-25_R1C2] PASSED [ 36%]
tests/test_firestore_client.py::test_get_doc_id_from_url[https://turf.fr/R5C3/details-2025-12-25-2025-12-25_R5C3] PASSED [ 36%]
tests/test_firestore_client.py::test_get_doc_id_from_url[R3C8-2025-12-25-2025-12-25_R3C8] PASSED [ 37%]
tests/test_firestore_client.py::test_get_doc_id_from_url[R1C1-2025-12-25-2025-12-25_R1C1] PASSED [ 37%]
tests/test_firestore_client.py::test_get_doc_id_from_url[some-string-r4c1-other-2025-12-25-2025-12-25_R4C1] PASSED [ 37%]
tests/test_firestore_client.py::test_get_doc_id_from_url[invalid-url-2025-12-25-None] PASSED [ 37%]
tests/test_firestore_client.py::test_get_doc_id_from_url[-2025-12-25-None] PASSED [ 37%]
tests/test_firestore_client.py::test_get_processing_status_for_date_success FAILED [ 37%]
tests/test_firestore_client.py::test_get_processing_status_for_date_db_not_available FAILED [ 37%]
tests/test_firestore_client.py::test_get_processing_status_for_date_empty_daily_plan FAILED [ 37%]
tests/test_firestore_client.py::test_get_processing_status_for_date_explicit_empty_plan_reason FAILED [ 37%]
tests/test_firestore_client.py::test_get_processing_status_for_date_unprocessed_races FAILED [ 37%]
tests/test_firestore_client.py::test_get_processing_status_for_date_error_decision FAILED [ 37%]
tests/test_firestore_client.py::test_get_processing_status_for_date_unknown_decision FAILED [ 38%]
tests/test_firestore_client.py::test_get_document_success PASSED         [ 38%]
tests/test_firestore_client.py::test_get_document_not_found PASSED       [ 38%]
tests/test_firestore_client.py::test_get_document_exception 
-------------------------------- live log call ---------------------------------
2026-01-11 21:39:01 [ERROR] Failed to get document 'test_doc' from 'test_collection': Connection failed
Traceback (most recent call last):
  File "/home/francoisosmozis/hippique-orchestrator/hippique_orchestrator/firestore_client.py", line 55, in get_document
    doc = doc_ref.get()
          ^^^^^^^^^^^^^
  File "/usr/lib/python3.12/unittest/mock.py", line 1134, in __call__
    return self._mock_call(*args, **kwargs)
           ^^^^^^^^^^^^^^^^^^^^^^^^^^^^^^^^
  File "/usr/lib/python3.12/unittest/mock.py", line 1138, in _mock_call
    return self._execute_mock_call(*args, **kwargs)
           ^^^^^^^^^^^^^^^^^^^^^^^^^^^^^^^^^^^^^^^^
  File "/usr/lib/python3.12/unittest/mock.py", line 1193, in _execute_mock_call
    raise effect
Exception: Connection failed
PASSED                                                                   [ 38%]
tests/test_firestore_client.py::test_set_document_success PASSED         [ 38%]
tests/test_firestore_client.py::test_set_document_exception 
-------------------------------- live log call ---------------------------------
2026-01-11 21:39:01 [ERROR] Failed to set document 'test_doc' in 'test_collection': Permission denied
Traceback (most recent call last):
  File "/home/francoisosmozis/hippique-orchestrator/hippique_orchestrator/firestore_client.py", line 73, in set_document
    db_client.collection(collection).document(document_id).set(data)
    ^^^^^^^^^^^^^^^^^^^^^^^^^^^^^^^^
  File "/usr/lib/python3.12/unittest/mock.py", line 1134, in __call__
    return self._mock_call(*args, **kwargs)
           ^^^^^^^^^^^^^^^^^^^^^^^^^^^^^^^^
  File "/usr/lib/python3.12/unittest/mock.py", line 1138, in _mock_call
    return self._execute_mock_call(*args, **kwargs)
           ^^^^^^^^^^^^^^^^^^^^^^^^^^^^^^^^^^^^^^^^
  File "/usr/lib/python3.12/unittest/mock.py", line 1193, in _execute_mock_call
    raise effect
Exception: Permission denied
PASSED                                                                   [ 38%]
tests/test_firestore_client.py::test_get_races_for_date_db_unavailable FAILED [ 38%]
tests/test_firestore_client.py::test_get_document_skips_if_db_not_available PASSED [ 38%]
[...]
>       return io.open(self, mode, buffering, encoding, errors, newline)
E       FileNotFoundError: [Errno 2] No such file or directory: '/home/francoisosmozis/hippique-orchestrator/tests/fixtures/zoneturf_index_page.html'

/usr/lib/python3.12/pathlib.py:1015: FileNotFoundError
---------------------------- Captured stdout setup -----------------------------
{"timestamp": 1768163964.117502, "severity": "INFO", "name": "hippique_orchestrator.stats_provider", "message": "ZoneTurfProvider initialized.", "taskName": null, "correlation_id": null, "trace_id": null}
------------------------------ Captured log setup ------------------------------
INFO     hippique_orchestrator.stats_provider:stats_provider.py:131 ZoneTurfProvider initialized.
================================ tests coverage ================================
_______________ coverage: platform linux, python 3.12.3-final-0 ________________

Name                                                         Stmts   Miss Branch BrPart  Cover   Missing
--------------------------------------------------------------------------------------------------------
hippique_orchestrator/__init__.py                                1      0      0      0   100%
hippique_orchestrator/analysis_pipeline.py                     107     49     18      3    54%   51, 66-108, 113-119, 131-146, 186-200, 229-255
hippique_orchestrator/analysis_utils.py                        195     16     90     11    88%   64-65, 71-72, 79, 83-89, 122->124, 126-127, 128->131, 243->271, 248->254, 266, 334->342, 361, 391
hippique_orchestrator/api/__init__.py                            1      0      0      0   100%
hippique_orchestrator/api/tasks.py                              62      1      4      1    97%   55
hippique_orchestrator/auth.py                                   28      3      8      1    89%   31, 64-65
hippique_orchestrator/config.py                                 21      0      0      0   100%
hippique_orchestrator/data_contract.py                          49      0      6      0   100%
hippique_orchestrator/data_source.py                            12      2      0      0    83%   46-51
hippique_orchestrator/ev_calculator.py                         522     36    208     13    91%   164->171, 171->161, 291, 340, 417, 479, 498-499, 540->543, 643-687, 731, 897, 923, 957-962
hippique_orchestrator/fetch_je_stats.py                        265    143     66      4    43%   56-69, 73, 86-93, 122-140, 144-163, 181->183, 191-192, 197, 203-206, 223-237, 255-381, 422
hippique_orchestrator/firestore_client.py                      130     68     44      1    43%   26-29, 35-42, 106-147, 163-248
hippique_orchestrator/gcs_client.py                            159     22     44     10    84%   35-40, 53, 54->56, 67, 105, 111-113, 126, 150, 171-172, 205-207, 221, 257, 289-291
hippique_orchestrator/gcs_utils.py                              52      0     10      0   100%
hippique_orchestrator/kelly.py                                  42      6     18      4    83%   12, 14-15, 48, 59, 61
hippique_orchestrator/logging_io.py                             39     13     10      1    63%   36-56
hippique_orchestrator/logging_middleware.py                     22      4      0      0    82%   50-61
hippique_orchestrator/logging_utils.py                          32      1      6      3    89%   18->20, 20->exit, 32->35, 60
hippique_orchestrator/overround.py                              25      0     10      0   100%
hippique_orchestrator/p_finale.py                               41      0     22      0   100%
hippique_orchestrator/pipeline_run.py                          354     19    142     14    92%   100, 171-172, 240, 242, 315-337, 367->369, 379->385, 437->425, 460, 495->491, 500->504, 504->532, 596->583, 609->583, 681-682
hippique_orchestrator/plan.py                                   49     17     14      1    59%   44-46, 58-94
hippique_orchestrator/post_course_payload.py                   181      6     62     10    93%   85->84, 125-128, 245->247, 249->251, 252, 292->299, 294->296, 298, 301->305, 303->305
hippique_orchestrator/programme_provider.py                     59      7     12      3    86%   26, 43, 53, 104-107
hippique_orchestrator/runner.py                                 32      2      4      1    92%   30-31
hippique_orchestrator/scheduler.py                             107      1     32      1    99%   115
hippique_orchestrator/schemas.py                                35      0      0      0   100%
hippique_orchestrator/scrapers/__init__.py                       0      0      0      0   100%
hippique_orchestrator/scrapers/boturfers.py                    235     13     86     10    93%   137-142, 147, 175->173, 183, 195->197, 202, 232, 249, 304-308, 317->321, 335->339, 370-375
hippique_orchestrator/scrapers/geny.py                          61      1     14      4    93%   87, 92->98, 95->98, 98->107
hippique_orchestrator/scrapers/zeturf.py                        26      0      6      0   100%
hippique_orchestrator/scripts/__init__.py                        0      0      0      0   100%
hippique_orchestrator/scripts/backup_restore.py                202     10     48     10    92%   59, 67, 71, 170->173, 174->177, 178->121, 301-304, 313-314, 325, 343
hippique_orchestrator/scripts/concat_je_month.py               108      4     48      6    94%   70->69, 73->78, 79->78, 89-90, 110->112, 206, 212
hippique_orchestrator/scripts/cron_decider.py                   66      1     20      1    98%   133
hippique_orchestrator/scripts/drive_sync.py                      8      8      2      0     0%   7-20
hippique_orchestrator/scripts/enrich_requirements.py            49     49     20      0     0%   4-100
hippique_orchestrator/scripts/fetch_je_chrono.py                84     84     22      0     0%   3-189
hippique_orchestrator/scripts/fetch_je_stats.py                248    248     62      0     0%   3-404
hippique_orchestrator/scripts/gcs_utils.py                      14     14      8      0     0%   3-23
hippique_orchestrator/scripts/guardrails.py                     39      0     14      0   100%
hippique_orchestrator/scripts/lint_sources.py                   94     94     32      0     0%   3-190
hippique_orchestrator/scripts/merge_all_data.py                 21     21      2      0     0%   1-42
hippique_orchestrator/scripts/monitor_roi.py                   204     21     44      8    88%   43-44, 59, 67, 83, 305-308, 317-318, 329, 333-341, 347
hippique_orchestrator/scripts/online_fetch_zeturf.py          1049    373    576    112    60%   57-66, 87, 99-100, 104, 114, 120-121, 125->128, 154, 168-171, 173->163, 187, 221-232, 242, 261-273, 277->275, 282-283, 284->279, 287, 313, 333->335, 336, 338, 345-348, 355-356, 360, 372, 374, 391->394, 397->400, 412->421, 414->416, 416->421, 421->388, 444, 472-473, 477, 479, 483, 488, 501, 509, 518, 549->558, 554->558, 559-565, 582-583, 601->607, 613-626, 639-685, 707, 710, 714-721, 725-728, 745, 748, 778-806, 814-822, 832, 841, 864->860, 876, 879-885, 929->932, 947->952, 950->952, 953, 989->985, 1015-1022, 1027-1031, 1044->1051, 1046->1045, 1048->1045, 1051->1088, 1056-1060, 1063-1068, 1073-1074, 1076->1070, 1098-1102, 1105-1109, 1112-1116, 1118->1134, 1125->1132, 1135-1140, 1143, 1170, 1172-1175, 1187, 1189, 1196-1199, 1213-1236, 1245, 1250-1251, 1257, 1266->1262, 1272-1273, 1277-1279, 1282, 1288->1290, 1290->1292, 1293, 1305, 1311, 1335->1303, 1339-1374, 1385-1387, 1393->1420, 1398, 1406, 1418, 1421-1423, 1430, 1433, 1436, 1452, 1459->1463, 1461->1460, 1506->1508, 1508->1510, 1556->1559, 1568->1593, 1612-1615, 1620, 1623-1624, 1632, 1639-1640, 1647-1648, 1651->1660, 1658, 1696-1855, 1860, 1864
hippique_orchestrator/scripts/p_finale_export.py                80     30     30     10    56%   15-17, 28-38, 44, 49-50, 69-70, 80->87, 81->80, 84->80, 88-89, 97-100, 103-104, 110, 123-125
hippique_orchestrator/scripts/resolve_course_id.py             141     52     64     13    59%   41, 44, 47-48, 52, 60, 82->88, 84->88, 89-94, 106, 120-170, 178, 182, 204->209, 206->209, 210-213, 226-256
hippique_orchestrator/scripts/restore_from_drive.py             33     33     12      0     0%   3-56
hippique_orchestrator/scripts/simulate_ev.py                   221     57     98     13    72%   64, 76-77, 88-89, 102-103, 112-113, 122-123, 143, 162, 182, 186->188, 195, 225, 268-284, 297-326, 332->340, 336, 340->353, 348-349, 353->360, 357, 360->exit, 364
hippique_orchestrator/scripts/simulate_wrapper.py              468    128    238     52    67%   45-46, 105-107, 118, 126->129, 127->126, 149-155, 162-171, 184-189, 195-200, 229, 235, 246, 259, 266, 269-271, 282, 286-288, 290, 295-296, 311, 313->308, 329-332, 344, 352->354, 366->342, 380, 398, 400, 404, 422, 474, 477, 481-500, 504->508, 505->504, 537-538, 544, 546, 552, 558, 561, 564, 574, 577, 611-616, 631, 643-644, 664-670, 683, 692, 697-704, 741-745, 748-749, 756-757, 759-762, 787, 791-793, 796-797, 812-818
hippique_orchestrator/scripts/snapshot_enricher.py              16     16      2      0     0%   1-31
hippique_orchestrator/scripts/update_excel_planning.py         424     40    226     46    86%   46, 50, 84, 96->94, 110-111, 122, 125, 130-131, 148-154, 157->159, 166->163, 186, 195, 197, 203, 233->235, 237->239, 253->261, 258-259, 267->269, 271->262, 339, 343, 357, 378, 391, 396->395, 412, 415, 418, 423, 429, 437, 448, 462, 479->481, 481->483, 484->486, 491, 493->446, 551, 555, 558, 581, 610->609, 616, 682
hippique_orchestrator/scripts/update_excel_with_results.py     183     29     66     16    82%   120, 127, 156, 191, 195, 204, 247, 253->255, 287, 293, 309, 315-319, 322, 338, 352->358, 386->390, 395-426
hippique_orchestrator/service.py                               236     14     46      7    93%   147-148, 150-151, 153, 164->136, 262-263, 355->354, 360->354, 362, 389-397, 453, 486
hippique_orchestrator/simulate_ev.py                           221     58     98     19    71%   19-20, 22, 34-35, 37, 41, 64, 76-77, 88-89, 102-103, 112-113, 122-123, 143, 162, 182, 186->188, 190-191, 198, 270, 272, 281, 297-326, 332->340, 336, 340->353, 348-349, 353->360, 357, 360->exit, 364
hippique_orchestrator/simulate_wrapper.py                      474     79    236     47    79%   108, 120, 128->131, 129->128, 153-157, 165, 171, 188, 190, 199, 201, 248, 261, 268, 284, 313, 333-336, 338, 345->373, 348, 351->358, 356->358, 370->346, 384, 388, 402, 404, 408, 426, 446, 459-460, 482-501, 505->509, 506->505, 546, 577, 605-610, 625, 637-638, 658-664, 686, 690, 693, 696-698, 758-762, 787, 805, 808, 814->813, 830-836
hippique_orchestrator/snapshot_manager.py                       34      0      6      0   100%
hippique_orchestrator/source_registry.py                        76     49     18      0    29%   50-51, 69-105, 116-136, 150-184
hippique_orchestrator/sources/__init__.py                        0      0      0      0   100%
hippique_orchestrator/sources/boturfers_provider.py            183    160     68      0     9%   30-45, 53-136, 147-193, 201-204, 207-261, 264-320, 335-339
hippique_orchestrator/sources/france_galop_provider.py          21      9      2      0    52%   24-28, 39-43, 57-70
hippique_orchestrator/sources/geny_provider.py                  73     14     18      4    80%   40-48, 63->83, 67, 76->64, 85-86, 135->138, 144, 155
hippique_orchestrator/sources/letrot_provider.py                73     50     20      0    25%   39-50, 57-87, 105-138, 142, 145
hippique_orchestrator/sources/zeturf_provider.py               132     27     44     13    73%   38-39, 60->65, 61->65, 96-102, 116-120, 126, 129->131, 131->135, 135->143, 136->139, 139->143, 145-153, 169->172, 178, 182, 189-191, 196-197
hippique_orchestrator/sources/zoneturf_chrono_provider.py      164    136     72      0    12%   43-47, 58-62, 76-102, 106-113, 117-126, 129-165, 171-227, 231-237, 241
hippique_orchestrator/sources_interfaces.py                     20      3      0      0    85%   76, 92, 107
hippique_orchestrator/stats_fetcher.py                          45      3      8      0    94%   114-118
hippique_orchestrator/stats_provider.py                        299     27    102     16    89%   153, 159, 166-167, 178, 190, 214-215, 237-243, 248-251, 254-256, 288-289, 312->310, 317->310, 328, 331->324, 389->387, 394-395, 401->387, 453->451, 458-459, 465->451
hippique_orchestrator/tickets_store.py                          67      0      6      1    99%   137->131
hippique_orchestrator/time_utils.py                             14      0      2      0   100%
hippique_orchestrator/validator_ev.py                          320     32    142     13    88%   29, 39-41, 54-55, 384->388, 387, 404-405, 415-421, 432->441, 435, 450, 471, 481, 485, 518, 565-566, 582-589
hippique_orchestrator/zoneturf_client.py                       252     29    116     22    86%   48-49, 59, 87-90, 115->130, 127, 135->173, 142->169, 160->166, 163->166, 167, 170, 186, 194-195, 217-223, 262->286, 267->272, 274->279, 281->286, 297, 312, 333-335, 348, 370-372
--------------------------------------------------------------------------------------------------------
TOTAL                                                         9400   2432   3574    525    71%
Coverage HTML written to dir htmlcov
Coverage XML written to file coverage.xml
=========================== short test summary info ============================
FAILED tests/test_analysis_drift.py::test_drift_is_detected_and_applied - Att...
FAILED tests/test_api_endpoints.py::test_api_pronostics_default_date_is_today
FAILED tests/test_api_endpoints.py::test_api_pronostics_etag_304_not_modified
FAILED tests/test_api_endpoints.py::test_api_pronostics_rich_response_structure
FAILED tests/test_data_source.py::test_fetch_race_details_routes_to_boturfers[https://www.boturfers.fr/c/2025-01-01/r1c1-hippique_orchestrator.data_source.source_registry.fetch_snapshot]
FAILED tests/test_data_source.py::test_fetch_race_details_routes_to_boturfers[http://some-other-site.com/race-hippique_orchestrator.data_source.source_registry.fetch_snapshot]
FAILED tests/test_data_source.py::test_fetch_race_details_routes_to_zeturf[https://www.zeturf.fr/fr/course/2025-12-25/R1C2-test-hippique_orchestrator.data_source.source_registry.fetch_snapshot]
FAILED tests/test_data_source.py::test_fetch_race_details_routes_to_zeturf[http://zeturf.com/R1C1-hippique_orchestrator.data_source.source_registry.fetch_snapshot]
FAILED tests/test_firestore_client.py::test_get_races_for_date_success - Type...
FAILED tests/test_firestore_client.py::test_get_races_for_date_empty - assert...
FAILED tests/test_firestore_client.py::test_get_races_for_date_handles_exception
FAILED tests/test_firestore_client.py::test_get_races_for_date_skips_if_db_not_available
FAILED tests/test_firestore_client.py::test_get_processing_status_for_date_success
FAILED tests/test_firestore_client.py::test_get_processing_status_for_date_db_not_available
FAILED tests/test_firestore_client.py::test_get_processing_status_for_date_empty_daily_plan
FAILED tests/test_firestore_client.py::test_get_processing_status_for_date_explicit_empty_plan_reason
FAILED tests/test_firestore_client.py::test_get_processing_status_for_date_unprocessed_races
FAILED tests/test_firestore_client.py::test_get_processing_status_for_date_error_decision
FAILED tests/test_firestore_client.py::test_get_processing_status_for_date_unknown_decision
FAILED tests/test_firestore_client.py::test_get_races_for_date_db_unavailable
FAILED tests/test_firestore_client_extended.py::test_get_processing_status_for_date_processing_stalled
FAILED tests/test_firestore_client_extended.py::test_get_processing_status_for_date_db_empty
FAILED tests/test_gcs_client_extended.py::test_gcs_manager_list_files_success
FAILED tests/test_plan.py::test_build_plan_nominal_case - assert 0 == 2
FAILED tests/test_plan.py::test_build_plan_scraper_fails - assert 'Failed to ...
FAILED tests/test_plan.py::test_build_plan_handles_malformed_data - assert 0 ...
FAILED tests/test_plan.py::test_build_plan_partants_non_digit_string - assert...
FAILED tests/test_plan.py::test_build_plan_handles_compact_rc_format - assert...
FAILED tests/test_plan_extended.py::test_build_plan_handles_various_invalid_rc_formats
FAILED tests/test_plan_extended.py::test_build_plan_data_types - assert 0 == 1
FAILED tests/test_plan_extended.py::test_build_plan_invalid_runners_count - a...
FAILED tests/test_plan_extended.py::test_build_plan_mandatory_keys - assert 0...
FAILED tests/test_stats_provider.py::TestZoneTurfIdResolution::test_resolve_entity_id_scraping
ERROR tests/scripts/test_online_fetch_zeturf.py::test_fallback_parse_html_extracts_data
ERROR tests/scripts/test_online_fetch_zeturf_extended.py::test_fallback_parse_html_no_runners_table
ERROR tests/scripts/test_online_fetch_zeturf_extended.py::test_fallback_parse_html_runner_missing_data
ERROR tests/test_fetch_je_stats.py::test_extract_links_from_horse_page - File...
ERROR tests/test_fetch_je_stats.py::test_extract_rate_from_profile - FileNotF...
ERROR tests/test_fetch_je_stats.py::test_discover_horse_url_by_name - FileNot...
ERROR tests/test_fetch_je_stats.py::test_parse_horse_percentages_success - Fi...
ERROR tests/test_fetch_je_stats.py::test_collect_stats_edge_cases[h5_data0-0-0-None]
ERROR tests/test_fetch_je_stats.py::test_collect_stats_edge_cases[h5_data1-0-1-]
ERROR tests/test_fetch_je_stats.py::test_collect_stats_edge_cases[h5_data2-0-1-]
ERROR tests/test_fetch_je_stats.py::test_collect_stats_edge_cases[h5_data3-100-1-]
ERROR tests/test_fetch_je_stats.py::test_collect_stats_local_filesystem - Fil...
ERROR tests/test_fetch_je_stats.py::test_collect_stats_integration - FileNotF...
ERROR tests/test_scraper_boturfers.py::test_fetcher_parse_programme_success
ERROR tests/test_scraper_boturfers.py::test_fetcher_parse_programme_no_reunion_tabs
ERROR tests/test_scraper_boturfers.py::test_fetcher_parse_distance_success - ...
ERROR tests/test_scraper_boturfers.py::test_fetcher_parse_race_metadata_success
ERROR tests/test_scraper_boturfers.py::test_fetcher_parse_race_runners_from_details_page_success
ERROR tests/test_scraper_boturfers.py::test_fetcher_parse_race_runners_from_details_page_malformed_row
ERROR tests/test_scraper_boturfers.py::test_fetcher_get_snapshot_success - As...
ERROR tests/test_scraper_boturfers.py::test_fetcher_get_race_snapshot_success
ERROR tests/test_scraper_boturfers.py::test_fetch_boturfers_programme_success
ERROR tests/test_scraper_boturfers.py::test_fetch_boturfers_programme_no_races_returned
ERROR tests/test_scraper_boturfers.py::test_fetch_boturfers_race_details_success
ERROR tests/test_scraper_boturfers.py::test_fetcher_parse_race_metadata_missing_conditions
ERROR tests/test_scraper_boturfers_robustness.py::test_parse_programme_handles_broken_reunion_class
ERROR tests/test_scraper_boturfers_robustness.py::test_parse_programme_handles_missing_race_table
ERROR tests/test_scraper_boturfers_robustness.py::test_parse_programme_from_static_fixture
ERROR tests/test_scraper_boturfers_robustness.py::test_parse_race_details_from_static_fixture
ERROR tests/test_scraper_boturfers_robustness.py::test_programme_fixture_has_expected_structure
ERROR tests/test_scraper_geny.py::test_fetch_geny_programme_success - FileNot...
ERROR tests/test_zoneturf_client.py::test_resolve_horse_id_success - Failed: ...
ERROR tests/test_zoneturf_client.py::test_resolve_horse_id_not_found - Failed...
ERROR tests/test_zoneturf_client.py::test_resolve_person_id_success - Failed:...
ERROR tests/test_zoneturf_client.py::test_resolve_person_id_not_found - Faile...
ERROR tests/test_zoneturf_client.py::test_fetch_chrono_from_html_with_jullou_page
ERROR tests/test_zoneturf_client.py::test_fetch_person_stats_from_html_success
ERROR tests/test_zoneturf_client.py::test_get_chrono_stats_success - Failed: ...
ERROR tests/test_zoneturf_client.py::test_get_jockey_trainer_stats_success - ...
================= 33 failed, 1072 passed, 39 errors in 52.88s ==================
